{"/Users/shimimanashirov/Documents/המכללה למנהל מטלות/פרויקט סופי/study-labs/frontend/src/App.jsx": {"path":"/Users/shimimanashirov/Documents/המכללה למנהל מטלות/פרויקט סופי/study-labs/frontend/src/App.jsx","statementMap":{"0":{"start":{"line":22,"column":21},"end":{"line":38,"column":1}},"1":{"start":{"line":23,"column":20},"end":{"line":23,"column":38}},"2":{"start":{"line":25,"column":2},"end":{"line":35,"column":14}},"3":{"start":{"line":26,"column":17},"end":{"line":26,"column":48}},"4":{"start":{"line":27,"column":4},"end":{"line":27,"column":43}},"5":{"start":{"line":29,"column":4},"end":{"line":34,"column":5}},"6":{"start":{"line":30,"column":26},"end":{"line":30,"column":102}},"7":{"start":{"line":31,"column":6},"end":{"line":31,"column":38}},"8":{"start":{"line":33,"column":6},"end":{"line":33,"column":32}},"9":{"start":{"line":37,"column":2},"end":{"line":37,"column":18}},"10":{"start":{"line":40,"column":20},"end":{"line":56,"column":1}},"11":{"start":{"line":41,"column":36},"end":{"line":41,"column":50}},"12":{"start":{"line":43,"column":2},"end":{"line":45,"column":19}},"13":{"start":{"line":44,"column":4},"end":{"line":44,"column":17}},"14":{"start":{"line":47,"column":2},"end":{"line":53,"column":3}},"15":{"start":{"line":48,"column":4},"end":{"line":52,"column":6}},"16":{"start":{"line":55,"column":2},"end":{"line":55,"column":18}},"17":{"start":{"line":59,"column":2},"end":{"line":182,"column":3}}},"fnMap":{"0":{"name":"(anonymous_0)","decl":{"start":{"line":22,"column":21},"end":{"line":22,"column":22}},"loc":{"start":{"line":22,"column":39},"end":{"line":38,"column":1}},"line":22},"1":{"name":"(anonymous_1)","decl":{"start":{"line":25,"column":18},"end":{"line":25,"column":19}},"loc":{"start":{"line":25,"column":24},"end":{"line":35,"column":3}},"line":25},"2":{"name":"(anonymous_2)","decl":{"start":{"line":40,"column":20},"end":{"line":40,"column":21}},"loc":{"start":{"line":40,"column":38},"end":{"line":56,"column":1}},"line":40},"3":{"name":"(anonymous_3)","decl":{"start":{"line":43,"column":18},"end":{"line":43,"column":19}},"loc":{"start":{"line":43,"column":24},"end":{"line":45,"column":3}},"line":43},"4":{"name":"App","decl":{"start":{"line":58,"column":9},"end":{"line":58,"column":12}},"loc":{"start":{"line":58,"column":15},"end":{"line":183,"column":1}},"line":58}},"branchMap":{"0":{"loc":{"start":{"line":29,"column":4},"end":{"line":34,"column":5}},"type":"if","locations":[{"start":{"line":29,"column":4},"end":{"line":34,"column":5}},{"start":{"line":32,"column":11},"end":{"line":34,"column":5}}],"line":29},"1":{"loc":{"start":{"line":30,"column":26},"end":{"line":30,"column":102}},"type":"cond-expr","locations":[{"start":{"line":30,"column":86},"end":{"line":30,"column":92}},{"start":{"line":30,"column":95},"end":{"line":30,"column":102}}],"line":30},"2":{"loc":{"start":{"line":47,"column":2},"end":{"line":53,"column":3}},"type":"if","locations":[{"start":{"line":47,"column":2},"end":{"line":53,"column":3}},{"start":{},"end":{}}],"line":47}},"s":{"0":0,"1":0,"2":0,"3":0,"4":0,"5":0,"6":0,"7":0,"8":0,"9":0,"10":0,"11":0,"12":0,"13":0,"14":0,"15":0,"16":0,"17":0},"f":{"0":0,"1":0,"2":0,"3":0,"4":0},"b":{"0":[0,0],"1":[0,0],"2":[0,0]}}
,"/Users/shimimanashirov/Documents/המכללה למנהל מטלות/פרויקט סופי/study-labs/frontend/src/components/ErrorBoundary.jsx": {"path":"/Users/shimimanashirov/Documents/המכללה למנהל מטלות/פרויקט סופי/study-labs/frontend/src/components/ErrorBoundary.jsx","statementMap":{"0":{"start":{"line":5,"column":8},"end":{"line":5,"column":21}},"1":{"start":{"line":6,"column":8},"end":{"line":6,"column":71}},"2":{"start":{"line":10,"column":8},"end":{"line":10,"column":34}},"3":{"start":{"line":14,"column":8},"end":{"line":14,"column":44}},"4":{"start":{"line":15,"column":8},"end":{"line":15,"column":59}},"5":{"start":{"line":19,"column":8},"end":{"line":31,"column":9}},"6":{"start":{"line":20,"column":12},"end":{"line":30,"column":14}},"7":{"start":{"line":33,"column":8},"end":{"line":33,"column":35}}},"fnMap":{"0":{"name":"(anonymous_0)","decl":{"start":{"line":4,"column":4},"end":{"line":4,"column":5}},"loc":{"start":{"line":4,"column":23},"end":{"line":7,"column":5}},"line":4},"1":{"name":"(anonymous_1)","decl":{"start":{"line":9,"column":4},"end":{"line":9,"column":5}},"loc":{"start":{"line":9,"column":44},"end":{"line":11,"column":5}},"line":9},"2":{"name":"(anonymous_2)","decl":{"start":{"line":13,"column":4},"end":{"line":13,"column":5}},"loc":{"start":{"line":13,"column":40},"end":{"line":16,"column":5}},"line":13},"3":{"name":"(anonymous_3)","decl":{"start":{"line":18,"column":4},"end":{"line":18,"column":5}},"loc":{"start":{"line":18,"column":13},"end":{"line":34,"column":5}},"line":18}},"branchMap":{"0":{"loc":{"start":{"line":19,"column":8},"end":{"line":31,"column":9}},"type":"if","locations":[{"start":{"line":19,"column":8},"end":{"line":31,"column":9}},{"start":{},"end":{}}],"line":19},"1":{"loc":{"start":{"line":25,"column":25},"end":{"line":25,"column":72}},"type":"binary-expr","locations":[{"start":{"line":25,"column":25},"end":{"line":25,"column":41}},{"start":{"line":25,"column":45},"end":{"line":25,"column":72}}],"line":25},"2":{"loc":{"start":{"line":27,"column":25},"end":{"line":27,"column":84}},"type":"binary-expr","locations":[{"start":{"line":27,"column":25},"end":{"line":27,"column":45}},{"start":{"line":27,"column":49},"end":{"line":27,"column":84}}],"line":27}},"s":{"0":0,"1":0,"2":0,"3":0,"4":0,"5":0,"6":0,"7":0},"f":{"0":0,"1":0,"2":0,"3":0},"b":{"0":[0,0],"1":[0,0],"2":[0,0]}}
,"/Users/shimimanashirov/Documents/המכללה למנהל מטלות/פרויקט סופי/study-labs/frontend/src/components/analytics/ClassProgressChart.jsx": {"path":"/Users/shimimanashirov/Documents/המכללה למנהל מטלות/פרויקט סופי/study-labs/frontend/src/components/analytics/ClassProgressChart.jsx","statementMap":{"0":{"start":{"line":5,"column":27},"end":{"line":91,"column":1}},"1":{"start":{"line":6,"column":22},"end":{"line":6,"column":40}},"2":{"start":{"line":7,"column":32},"end":{"line":7,"column":53}},"3":{"start":{"line":9,"column":4},"end":{"line":25,"column":16}},"4":{"start":{"line":10,"column":27},"end":{"line":16,"column":9}},"5":{"start":{"line":11,"column":12},"end":{"line":15,"column":13}},"6":{"start":{"line":12,"column":16},"end":{"line":12,"column":85}},"7":{"start":{"line":14,"column":16},"end":{"line":14,"column":44}},"8":{"start":{"line":17,"column":8},"end":{"line":17,"column":21}},"9":{"start":{"line":19,"column":8},"end":{"line":24,"column":9}},"10":{"start":{"line":20,"column":31},"end":{"line":20,"column":80}},"11":{"start":{"line":21,"column":28},"end":{"line":21,"column":46}},"12":{"start":{"line":21,"column":34},"end":{"line":21,"column":46}},"13":{"start":{"line":22,"column":12},"end":{"line":22,"column":59}},"14":{"start":{"line":23,"column":12},"end":{"line":23,"column":75}},"15":{"start":{"line":23,"column":25},"end":{"line":23,"column":74}},"16":{"start":{"line":28,"column":4},"end":{"line":34,"column":5}},"17":{"start":{"line":29,"column":8},"end":{"line":33,"column":10}},"18":{"start":{"line":37,"column":4},"end":{"line":47,"column":5}},"19":{"start":{"line":38,"column":8},"end":{"line":46,"column":10}},"20":{"start":{"line":49,"column":4},"end":{"line":90,"column":6}},"21":{"start":{"line":80,"column":46},"end":{"line":80,"column":79}},"22":{"start":{"line":84,"column":28},"end":{"line":84,"column":105}}},"fnMap":{"0":{"name":"(anonymous_0)","decl":{"start":{"line":5,"column":27},"end":{"line":5,"column":28}},"loc":{"start":{"line":5,"column":52},"end":{"line":91,"column":1}},"line":5},"1":{"name":"(anonymous_1)","decl":{"start":{"line":9,"column":20},"end":{"line":9,"column":21}},"loc":{"start":{"line":9,"column":26},"end":{"line":25,"column":5}},"line":9},"2":{"name":"(anonymous_2)","decl":{"start":{"line":10,"column":27},"end":{"line":10,"column":28}},"loc":{"start":{"line":10,"column":33},"end":{"line":16,"column":9}},"line":10},"3":{"name":"(anonymous_3)","decl":{"start":{"line":21,"column":28},"end":{"line":21,"column":29}},"loc":{"start":{"line":21,"column":34},"end":{"line":21,"column":46}},"line":21},"4":{"name":"(anonymous_4)","decl":{"start":{"line":23,"column":19},"end":{"line":23,"column":20}},"loc":{"start":{"line":23,"column":25},"end":{"line":23,"column":74}},"line":23},"5":{"name":"(anonymous_5)","decl":{"start":{"line":80,"column":35},"end":{"line":80,"column":36}},"loc":{"start":{"line":80,"column":46},"end":{"line":80,"column":79}},"line":80},"6":{"name":"(anonymous_6)","decl":{"start":{"line":83,"column":34},"end":{"line":83,"column":35}},"loc":{"start":{"line":84,"column":28},"end":{"line":84,"column":105}},"line":84}},"branchMap":{"0":{"loc":{"start":{"line":11,"column":12},"end":{"line":15,"column":13}},"type":"if","locations":[{"start":{"line":11,"column":12},"end":{"line":15,"column":13}},{"start":{"line":13,"column":19},"end":{"line":15,"column":13}}],"line":11},"1":{"loc":{"start":{"line":19,"column":8},"end":{"line":24,"column":9}},"type":"if","locations":[{"start":{"line":19,"column":8},"end":{"line":24,"column":9}},{"start":{},"end":{}}],"line":19},"2":{"loc":{"start":{"line":28,"column":4},"end":{"line":34,"column":5}},"type":"if","locations":[{"start":{"line":28,"column":4},"end":{"line":34,"column":5}},{"start":{},"end":{}}],"line":28},"3":{"loc":{"start":{"line":37,"column":4},"end":{"line":47,"column":5}},"type":"if","locations":[{"start":{"line":37,"column":4},"end":{"line":47,"column":5}},{"start":{},"end":{}}],"line":37},"4":{"loc":{"start":{"line":37,"column":8},"end":{"line":37,"column":34}},"type":"binary-expr","locations":[{"start":{"line":37,"column":8},"end":{"line":37,"column":13}},{"start":{"line":37,"column":17},"end":{"line":37,"column":34}}],"line":37},"5":{"loc":{"start":{"line":53,"column":82},"end":{"line":53,"column":139}},"type":"cond-expr","locations":[{"start":{"line":53,"column":91},"end":{"line":53,"column":115}},{"start":{"line":53,"column":118},"end":{"line":53,"column":139}}],"line":53},"6":{"loc":{"start":{"line":58,"column":52},"end":{"line":58,"column":107}},"type":"cond-expr","locations":[{"start":{"line":58,"column":61},"end":{"line":58,"column":84}},{"start":{"line":58,"column":87},"end":{"line":58,"column":107}}],"line":58},"7":{"loc":{"start":{"line":67,"column":52},"end":{"line":67,"column":107}},"type":"cond-expr","locations":[{"start":{"line":67,"column":61},"end":{"line":67,"column":84}},{"start":{"line":67,"column":87},"end":{"line":67,"column":107}}],"line":67},"8":{"loc":{"start":{"line":68,"column":117},"end":{"line":68,"column":172}},"type":"cond-expr","locations":[{"start":{"line":68,"column":126},"end":{"line":68,"column":149}},{"start":{"line":68,"column":152},"end":{"line":68,"column":172}}],"line":68},"9":{"loc":{"start":{"line":71,"column":40},"end":{"line":71,"column":97}},"type":"cond-expr","locations":[{"start":{"line":71,"column":49},"end":{"line":71,"column":73}},{"start":{"line":71,"column":76},"end":{"line":71,"column":97}}],"line":71},"10":{"loc":{"start":{"line":73,"column":45},"end":{"line":73,"column":101}},"type":"cond-expr","locations":[{"start":{"line":73,"column":54},"end":{"line":73,"column":74}},{"start":{"line":73,"column":77},"end":{"line":73,"column":101}}],"line":73},"11":{"loc":{"start":{"line":75,"column":36},"end":{"line":75,"column":112}},"type":"cond-expr","locations":[{"start":{"line":75,"column":45},"end":{"line":75,"column":78}},{"start":{"line":75,"column":81},"end":{"line":75,"column":112}}],"line":75},"12":{"loc":{"start":{"line":77,"column":35},"end":{"line":77,"column":63}},"type":"cond-expr","locations":[{"start":{"line":77,"column":44},"end":{"line":77,"column":51}},{"start":{"line":77,"column":54},"end":{"line":77,"column":63}}],"line":77},"13":{"loc":{"start":{"line":79,"column":44},"end":{"line":79,"column":72}},"type":"cond-expr","locations":[{"start":{"line":79,"column":53},"end":{"line":79,"column":60}},{"start":{"line":79,"column":63},"end":{"line":79,"column":72}}],"line":79},"14":{"loc":{"start":{"line":84,"column":62},"end":{"line":84,"column":101}},"type":"cond-expr","locations":[{"start":{"line":84,"column":80},"end":{"line":84,"column":89}},{"start":{"line":84,"column":92},"end":{"line":84,"column":101}}],"line":84}},"s":{"0":0,"1":0,"2":0,"3":0,"4":0,"5":0,"6":0,"7":0,"8":0,"9":0,"10":0,"11":0,"12":0,"13":0,"14":0,"15":0,"16":0,"17":0,"18":0,"19":0,"20":0,"21":0,"22":0},"f":{"0":0,"1":0,"2":0,"3":0,"4":0,"5":0,"6":0},"b":{"0":[0,0],"1":[0,0],"2":[0,0],"3":[0,0],"4":[0,0],"5":[0,0],"6":[0,0],"7":[0,0],"8":[0,0],"9":[0,0],"10":[0,0],"11":[0,0],"12":[0,0],"13":[0,0],"14":[0,0]}}
,"/Users/shimimanashirov/Documents/המכללה למנהל מטלות/פרויקט סופי/study-labs/frontend/src/components/auth/ProtectedRoute.jsx": {"path":"/Users/shimimanashirov/Documents/המכללה למנהל מטלות/פרויקט סופי/study-labs/frontend/src/components/auth/ProtectedRoute.jsx","statementMap":{"0":{"start":{"line":5,"column":23},"end":{"line":37,"column":1}},"1":{"start":{"line":6,"column":44},"end":{"line":6,"column":58}},"2":{"start":{"line":8,"column":4},"end":{"line":10,"column":5}},"3":{"start":{"line":9,"column":8},"end":{"line":9,"column":48}},"4":{"start":{"line":13,"column":4},"end":{"line":15,"column":5}},"5":{"start":{"line":14,"column":8},"end":{"line":14,"column":54}},"6":{"start":{"line":18,"column":4},"end":{"line":34,"column":5}},"7":{"start":{"line":20,"column":26},"end":{"line":20,"column":61}},"8":{"start":{"line":21,"column":32},"end":{"line":21,"column":63}},"9":{"start":{"line":23,"column":8},"end":{"line":33,"column":9}},"10":{"start":{"line":25,"column":12},"end":{"line":27,"column":13}},"11":{"start":{"line":26,"column":16},"end":{"line":26,"column":51}},"12":{"start":{"line":28,"column":12},"end":{"line":30,"column":13}},"13":{"start":{"line":29,"column":16},"end":{"line":29,"column":61}},"14":{"start":{"line":32,"column":12},"end":{"line":32,"column":58}},"15":{"start":{"line":36,"column":4},"end":{"line":36,"column":20}}},"fnMap":{"0":{"name":"(anonymous_0)","decl":{"start":{"line":5,"column":23},"end":{"line":5,"column":24}},"loc":{"start":{"line":5,"column":54},"end":{"line":37,"column":1}},"line":5}},"branchMap":{"0":{"loc":{"start":{"line":8,"column":4},"end":{"line":10,"column":5}},"type":"if","locations":[{"start":{"line":8,"column":4},"end":{"line":10,"column":5}},{"start":{},"end":{}}],"line":8},"1":{"loc":{"start":{"line":13,"column":4},"end":{"line":15,"column":5}},"type":"if","locations":[{"start":{"line":13,"column":4},"end":{"line":15,"column":5}},{"start":{},"end":{}}],"line":13},"2":{"loc":{"start":{"line":13,"column":8},"end":{"line":13,"column":75}},"type":"binary-expr","locations":[{"start":{"line":13,"column":8},"end":{"line":13,"column":13}},{"start":{"line":13,"column":17},"end":{"line":13,"column":28}},{"start":{"line":13,"column":32},"end":{"line":13,"column":75}}],"line":13},"3":{"loc":{"start":{"line":18,"column":4},"end":{"line":34,"column":5}},"type":"if","locations":[{"start":{"line":18,"column":4},"end":{"line":34,"column":5}},{"start":{},"end":{}}],"line":18},"4":{"loc":{"start":{"line":20,"column":26},"end":{"line":20,"column":61}},"type":"binary-expr","locations":[{"start":{"line":20,"column":26},"end":{"line":20,"column":37}},{"start":{"line":20,"column":42},"end":{"line":20,"column":60}}],"line":20},"5":{"loc":{"start":{"line":20,"column":42},"end":{"line":20,"column":60}},"type":"cond-expr","locations":[{"start":{"line":20,"column":49},"end":{"line":20,"column":55}},{"start":{"line":20,"column":58},"end":{"line":20,"column":60}}],"line":20},"6":{"loc":{"start":{"line":23,"column":8},"end":{"line":33,"column":9}},"type":"if","locations":[{"start":{"line":23,"column":8},"end":{"line":33,"column":9}},{"start":{},"end":{}}],"line":23},"7":{"loc":{"start":{"line":25,"column":12},"end":{"line":27,"column":13}},"type":"if","locations":[{"start":{"line":25,"column":12},"end":{"line":27,"column":13}},{"start":{},"end":{}}],"line":25},"8":{"loc":{"start":{"line":25,"column":16},"end":{"line":25,"column":112}},"type":"binary-expr","locations":[{"start":{"line":25,"column":16},"end":{"line":25,"column":34}},{"start":{"line":25,"column":39},"end":{"line":25,"column":71}},{"start":{"line":25,"column":75},"end":{"line":25,"column":111}}],"line":25},"9":{"loc":{"start":{"line":28,"column":12},"end":{"line":30,"column":13}},"type":"if","locations":[{"start":{"line":28,"column":12},"end":{"line":30,"column":13}},{"start":{},"end":{}}],"line":28},"10":{"loc":{"start":{"line":28,"column":16},"end":{"line":28,"column":76}},"type":"binary-expr","locations":[{"start":{"line":28,"column":16},"end":{"line":28,"column":37}},{"start":{"line":28,"column":41},"end":{"line":28,"column":76}}],"line":28}},"s":{"0":0,"1":0,"2":0,"3":0,"4":0,"5":0,"6":0,"7":0,"8":0,"9":0,"10":0,"11":0,"12":0,"13":0,"14":0,"15":0},"f":{"0":0},"b":{"0":[0,0],"1":[0,0],"2":[0,0,0],"3":[0,0],"4":[0,0],"5":[0,0],"6":[0,0],"7":[0,0],"8":[0,0,0],"9":[0,0],"10":[0,0]}}
,"/Users/shimimanashirov/Documents/המכללה למנהל מטלות/פרויקט סופי/study-labs/frontend/src/components/common/ContentRenderer.jsx": {"path":"/Users/shimimanashirov/Documents/המכללה למנהל מטלות/פרויקט סופי/study-labs/frontend/src/components/common/ContentRenderer.jsx","statementMap":{"0":{"start":{"line":15,"column":24},"end":{"line":62,"column":1}},"1":{"start":{"line":16,"column":4},"end":{"line":16,"column":30}},"2":{"start":{"line":16,"column":18},"end":{"line":16,"column":30}},"3":{"start":{"line":19,"column":19},"end":{"line":19,"column":33}},"4":{"start":{"line":21,"column":23},"end":{"line":31,"column":5}},"5":{"start":{"line":23,"column":42},"end":{"line":23,"column":69}},"6":{"start":{"line":24,"column":43},"end":{"line":24,"column":71}},"7":{"start":{"line":25,"column":43},"end":{"line":25,"column":71}},"8":{"start":{"line":26,"column":43},"end":{"line":26,"column":71}},"9":{"start":{"line":27,"column":43},"end":{"line":27,"column":71}},"10":{"start":{"line":28,"column":43},"end":{"line":28,"column":71}},"11":{"start":{"line":29,"column":43},"end":{"line":29,"column":71}},"12":{"start":{"line":30,"column":43},"end":{"line":30,"column":71}},"13":{"start":{"line":33,"column":4},"end":{"line":46,"column":5}},"14":{"start":{"line":35,"column":8},"end":{"line":45,"column":10}},"15":{"start":{"line":40,"column":68},"end":{"line":40,"column":87}},"16":{"start":{"line":48,"column":4},"end":{"line":61,"column":6}}},"fnMap":{"0":{"name":"(anonymous_0)","decl":{"start":{"line":15,"column":24},"end":{"line":15,"column":25}},"loc":{"start":{"line":15,"column":73},"end":{"line":62,"column":1}},"line":15},"1":{"name":"(anonymous_1)","decl":{"start":{"line":23,"column":11},"end":{"line":23,"column":12}},"loc":{"start":{"line":23,"column":42},"end":{"line":23,"column":69}},"line":23},"2":{"name":"(anonymous_2)","decl":{"start":{"line":24,"column":12},"end":{"line":24,"column":13}},"loc":{"start":{"line":24,"column":43},"end":{"line":24,"column":71}},"line":24},"3":{"name":"(anonymous_3)","decl":{"start":{"line":25,"column":12},"end":{"line":25,"column":13}},"loc":{"start":{"line":25,"column":43},"end":{"line":25,"column":71}},"line":25},"4":{"name":"(anonymous_4)","decl":{"start":{"line":26,"column":12},"end":{"line":26,"column":13}},"loc":{"start":{"line":26,"column":43},"end":{"line":26,"column":71}},"line":26},"5":{"name":"(anonymous_5)","decl":{"start":{"line":27,"column":12},"end":{"line":27,"column":13}},"loc":{"start":{"line":27,"column":43},"end":{"line":27,"column":71}},"line":27},"6":{"name":"(anonymous_6)","decl":{"start":{"line":28,"column":12},"end":{"line":28,"column":13}},"loc":{"start":{"line":28,"column":43},"end":{"line":28,"column":71}},"line":28},"7":{"name":"(anonymous_7)","decl":{"start":{"line":29,"column":12},"end":{"line":29,"column":13}},"loc":{"start":{"line":29,"column":43},"end":{"line":29,"column":71}},"line":29},"8":{"name":"(anonymous_8)","decl":{"start":{"line":30,"column":12},"end":{"line":30,"column":13}},"loc":{"start":{"line":30,"column":43},"end":{"line":30,"column":71}},"line":30},"9":{"name":"(anonymous_9)","decl":{"start":{"line":40,"column":37},"end":{"line":40,"column":38}},"loc":{"start":{"line":40,"column":68},"end":{"line":40,"column":87}},"line":40}},"branchMap":{"0":{"loc":{"start":{"line":15,"column":36},"end":{"line":15,"column":50}},"type":"default-arg","locations":[{"start":{"line":15,"column":48},"end":{"line":15,"column":50}}],"line":15},"1":{"loc":{"start":{"line":15,"column":52},"end":{"line":15,"column":66}},"type":"default-arg","locations":[{"start":{"line":15,"column":61},"end":{"line":15,"column":66}}],"line":15},"2":{"loc":{"start":{"line":16,"column":4},"end":{"line":16,"column":30}},"type":"if","locations":[{"start":{"line":16,"column":4},"end":{"line":16,"column":30}},{"start":{},"end":{}}],"line":16},"3":{"loc":{"start":{"line":33,"column":4},"end":{"line":46,"column":5}},"type":"if","locations":[{"start":{"line":33,"column":4},"end":{"line":46,"column":5}},{"start":{},"end":{}}],"line":33},"4":{"loc":{"start":{"line":51,"column":43},"end":{"line":51,"column":81}},"type":"cond-expr","locations":[{"start":{"line":51,"column":52},"end":{"line":51,"column":65}},{"start":{"line":51,"column":68},"end":{"line":51,"column":81}}],"line":51}},"s":{"0":0,"1":0,"2":0,"3":0,"4":0,"5":0,"6":0,"7":0,"8":0,"9":0,"10":0,"11":0,"12":0,"13":0,"14":0,"15":0,"16":0},"f":{"0":0,"1":0,"2":0,"3":0,"4":0,"5":0,"6":0,"7":0,"8":0,"9":0},"b":{"0":[0],"1":[0],"2":[0,0],"3":[0,0],"4":[0,0]}}
,"/Users/shimimanashirov/Documents/המכללה למנהל מטלות/פרויקט סופי/study-labs/frontend/src/components/common/ToastManager.jsx": {"path":"/Users/shimimanashirov/Documents/המכללה למנהל מטלות/פרויקט סופי/study-labs/frontend/src/components/common/ToastManager.jsx","statementMap":{"0":{"start":{"line":6,"column":21},"end":{"line":32,"column":1}},"1":{"start":{"line":34,"column":14},"end":{"line":94,"column":1}},"2":{"start":{"line":35,"column":28},"end":{"line":35,"column":43}},"3":{"start":{"line":36,"column":36},"end":{"line":36,"column":49}},"4":{"start":{"line":37,"column":18},"end":{"line":37,"column":63}},"5":{"start":{"line":39,"column":4},"end":{"line":48,"column":25}},"6":{"start":{"line":40,"column":22},"end":{"line":40,"column":32}},"7":{"start":{"line":41,"column":25},"end":{"line":46,"column":14}},"8":{"start":{"line":42,"column":28},"end":{"line":42,"column":46}},"9":{"start":{"line":43,"column":30},"end":{"line":43,"column":81}},"10":{"start":{"line":44,"column":12},"end":{"line":44,"column":35}},"11":{"start":{"line":45,"column":12},"end":{"line":45,"column":56}},"12":{"start":{"line":45,"column":32},"end":{"line":45,"column":56}},"13":{"start":{"line":47,"column":8},"end":{"line":47,"column":45}},"14":{"start":{"line":47,"column":21},"end":{"line":47,"column":44}},"15":{"start":{"line":50,"column":4},"end":{"line":93,"column":6}},"16":{"start":{"line":78,"column":35},"end":{"line":78,"column":56}},"17":{"start":{"line":96,"column":21},"end":{"line":110,"column":1}},"18":{"start":{"line":97,"column":23},"end":{"line":97,"column":38}},"19":{"start":{"line":99,"column":4},"end":{"line":109,"column":6}},"20":{"start":{"line":103,"column":20},"end":{"line":105,"column":26}}},"fnMap":{"0":{"name":"(anonymous_0)","decl":{"start":{"line":34,"column":14},"end":{"line":34,"column":15}},"loc":{"start":{"line":34,"column":29},"end":{"line":94,"column":1}},"line":34},"1":{"name":"(anonymous_1)","decl":{"start":{"line":39,"column":14},"end":{"line":39,"column":15}},"loc":{"start":{"line":39,"column":20},"end":{"line":48,"column":5}},"line":39},"2":{"name":"(anonymous_2)","decl":{"start":{"line":41,"column":37},"end":{"line":41,"column":38}},"loc":{"start":{"line":41,"column":43},"end":{"line":46,"column":9}},"line":41},"3":{"name":"(anonymous_3)","decl":{"start":{"line":47,"column":15},"end":{"line":47,"column":16}},"loc":{"start":{"line":47,"column":21},"end":{"line":47,"column":44}},"line":47},"4":{"name":"(anonymous_4)","decl":{"start":{"line":78,"column":29},"end":{"line":78,"column":30}},"loc":{"start":{"line":78,"column":35},"end":{"line":78,"column":56}},"line":78},"5":{"name":"(anonymous_5)","decl":{"start":{"line":96,"column":21},"end":{"line":96,"column":22}},"loc":{"start":{"line":96,"column":27},"end":{"line":110,"column":1}},"line":96},"6":{"name":"(anonymous_6)","decl":{"start":{"line":102,"column":28},"end":{"line":102,"column":29}},"loc":{"start":{"line":103,"column":20},"end":{"line":105,"column":26}},"line":103}},"branchMap":{"0":{"loc":{"start":{"line":37,"column":18},"end":{"line":37,"column":63}},"type":"binary-expr","locations":[{"start":{"line":37,"column":18},"end":{"line":37,"column":42}},{"start":{"line":37,"column":46},"end":{"line":37,"column":63}}],"line":37},"1":{"loc":{"start":{"line":45,"column":12},"end":{"line":45,"column":56}},"type":"if","locations":[{"start":{"line":45,"column":12},"end":{"line":45,"column":56}},{"start":{},"end":{}}],"line":45},"2":{"loc":{"start":{"line":63,"column":21},"end":{"line":65,"column":34}},"type":"cond-expr","locations":[{"start":{"line":64,"column":24},"end":{"line":64,"column":69}},{"start":{"line":65,"column":24},"end":{"line":65,"column":34}}],"line":63},"3":{"loc":{"start":{"line":71,"column":21},"end":{"line":73,"column":21}},"type":"binary-expr","locations":[{"start":{"line":71,"column":21},"end":{"line":71,"column":34}},{"start":{"line":72,"column":24},"end":{"line":72,"column":101}}],"line":71}},"s":{"0":0,"1":0,"2":0,"3":0,"4":0,"5":0,"6":0,"7":0,"8":0,"9":0,"10":0,"11":0,"12":0,"13":0,"14":0,"15":0,"16":0,"17":0,"18":0,"19":0,"20":0},"f":{"0":0,"1":0,"2":0,"3":0,"4":0,"5":0,"6":0},"b":{"0":[0,0],"1":[0,0],"2":[0,0],"3":[0,0]}}
,"/Users/shimimanashirov/Documents/המכללה למנהל מטלות/פרויקט סופי/study-labs/frontend/src/components/dashboard/CourseCard.jsx": {"path":"/Users/shimimanashirov/Documents/המכללה למנהל מטלות/פרויקט סופי/study-labs/frontend/src/components/dashboard/CourseCard.jsx","statementMap":{"0":{"start":{"line":4,"column":19},"end":{"line":30,"column":1}},"1":{"start":{"line":5,"column":4},"end":{"line":29,"column":6}}},"fnMap":{"0":{"name":"(anonymous_0)","decl":{"start":{"line":4,"column":19},"end":{"line":4,"column":20}},"loc":{"start":{"line":4,"column":90},"end":{"line":30,"column":1}},"line":4}},"branchMap":{"0":{"loc":{"start":{"line":4,"column":56},"end":{"line":4,"column":83}},"type":"default-arg","locations":[{"start":{"line":4,"column":64},"end":{"line":4,"column":83}}],"line":4}},"s":{"0":0,"1":0},"f":{"0":0},"b":{"0":[0]}}
,"/Users/shimimanashirov/Documents/המכללה למנהל מטלות/פרויקט סופי/study-labs/frontend/src/components/dashboard/CourseSidebarItem.jsx": {"path":"/Users/shimimanashirov/Documents/המכללה למנהל מטלות/פרויקט סופי/study-labs/frontend/src/components/dashboard/CourseSidebarItem.jsx","statementMap":{"0":{"start":{"line":5,"column":26},"end":{"line":81,"column":1}},"1":{"start":{"line":6,"column":4},"end":{"line":80,"column":6}},"2":{"start":{"line":31,"column":114},"end":{"line":31,"column":138}},"3":{"start":{"line":62,"column":43},"end":{"line":62,"column":140}},"4":{"start":{"line":62,"column":66},"end":{"line":62,"column":87}},"5":{"start":{"line":62,"column":115},"end":{"line":62,"column":139}},"6":{"start":{"line":63,"column":24},"end":{"line":70,"column":25}},"7":{"start":{"line":64,"column":28},"end":{"line":69,"column":30}},"8":{"start":{"line":71,"column":24},"end":{"line":75,"column":26}}},"fnMap":{"0":{"name":"(anonymous_0)","decl":{"start":{"line":5,"column":26},"end":{"line":5,"column":27}},"loc":{"start":{"line":5,"column":63},"end":{"line":81,"column":1}},"line":5},"1":{"name":"(anonymous_1)","decl":{"start":{"line":31,"column":109},"end":{"line":31,"column":110}},"loc":{"start":{"line":31,"column":114},"end":{"line":31,"column":138}},"line":31},"2":{"name":"(anonymous_2)","decl":{"start":{"line":61,"column":22},"end":{"line":61,"column":23}},"loc":{"start":{"line":61,"column":28},"end":{"line":76,"column":21}},"line":61},"3":{"name":"(anonymous_3)","decl":{"start":{"line":62,"column":61},"end":{"line":62,"column":62}},"loc":{"start":{"line":62,"column":66},"end":{"line":62,"column":87}},"line":62},"4":{"name":"(anonymous_4)","decl":{"start":{"line":62,"column":110},"end":{"line":62,"column":111}},"loc":{"start":{"line":62,"column":115},"end":{"line":62,"column":139}},"line":62}},"branchMap":{"0":{"loc":{"start":{"line":10,"column":99},"end":{"line":12,"column":93}},"type":"cond-expr","locations":[{"start":{"line":11,"column":22},"end":{"line":11,"column":139}},{"start":{"line":12,"column":22},"end":{"line":12,"column":93}}],"line":10},"1":{"loc":{"start":{"line":18,"column":20},"end":{"line":18,"column":148}},"type":"cond-expr","locations":[{"start":{"line":18,"column":33},"end":{"line":18,"column":80}},{"start":{"line":18,"column":83},"end":{"line":18,"column":148}}],"line":18},"2":{"loc":{"start":{"line":18,"column":36},"end":{"line":18,"column":67}},"type":"binary-expr","locations":[{"start":{"line":18,"column":36},"end":{"line":18,"column":48}},{"start":{"line":18,"column":52},"end":{"line":18,"column":67}}],"line":18},"3":{"loc":{"start":{"line":25,"column":65},"end":{"line":25,"column":206}},"type":"cond-expr","locations":[{"start":{"line":25,"column":78},"end":{"line":25,"column":110}},{"start":{"line":25,"column":113},"end":{"line":25,"column":206}}],"line":25},"4":{"loc":{"start":{"line":30,"column":25},"end":{"line":32,"column":25}},"type":"binary-expr","locations":[{"start":{"line":30,"column":25},"end":{"line":30,"column":37}},{"start":{"line":30,"column":41},"end":{"line":30,"column":64}},{"start":{"line":31,"column":28},"end":{"line":31,"column":186}}],"line":30},"5":{"loc":{"start":{"line":37,"column":17},"end":{"line":41,"column":17}},"type":"binary-expr","locations":[{"start":{"line":37,"column":17},"end":{"line":37,"column":27}},{"start":{"line":38,"column":20},"end":{"line":40,"column":33}}],"line":37},"6":{"loc":{"start":{"line":55,"column":13},"end":{"line":78,"column":13}},"type":"binary-expr","locations":[{"start":{"line":55,"column":13},"end":{"line":55,"column":23}},{"start":{"line":56,"column":16},"end":{"line":77,"column":29}}],"line":55},"7":{"loc":{"start":{"line":62,"column":43},"end":{"line":62,"column":140}},"type":"binary-expr","locations":[{"start":{"line":62,"column":43},"end":{"line":62,"column":88}},{"start":{"line":62,"column":92},"end":{"line":62,"column":140}}],"line":62},"8":{"loc":{"start":{"line":63,"column":24},"end":{"line":70,"column":25}},"type":"if","locations":[{"start":{"line":63,"column":24},"end":{"line":70,"column":25}},{"start":{},"end":{}}],"line":63}},"s":{"0":0,"1":0,"2":0,"3":0,"4":0,"5":0,"6":0,"7":0,"8":0},"f":{"0":0,"1":0,"2":0,"3":0,"4":0},"b":{"0":[0,0],"1":[0,0],"2":[0,0],"3":[0,0],"4":[0,0,0],"5":[0,0],"6":[0,0],"7":[0,0],"8":[0,0]}}
,"/Users/shimimanashirov/Documents/המכללה למנהל מטלות/פרויקט סופי/study-labs/frontend/src/components/dashboard/NodeDrawer.jsx": {"path":"/Users/shimimanashirov/Documents/המכללה למנהל מטלות/פרויקט סופי/study-labs/frontend/src/components/dashboard/NodeDrawer.jsx","statementMap":{"0":{"start":{"line":8,"column":19},"end":{"line":134,"column":1}},"1":{"start":{"line":9,"column":21},"end":{"line":9,"column":34}},"2":{"start":{"line":10,"column":42},"end":{"line":10,"column":58}},"3":{"start":{"line":12,"column":24},"end":{"line":18,"column":5}},"4":{"start":{"line":13,"column":8},"end":{"line":13,"column":23}},"5":{"start":{"line":14,"column":8},"end":{"line":14,"column":22}},"6":{"start":{"line":15,"column":23},"end":{"line":15,"column":58}},"7":{"start":{"line":16,"column":25},"end":{"line":16,"column":69}},"8":{"start":{"line":17,"column":8},"end":{"line":17,"column":57}},"9":{"start":{"line":20,"column":4},"end":{"line":133,"column":6}},"10":{"start":{"line":52,"column":49},"end":{"line":52,"column":64}},"11":{"start":{"line":52,"column":65},"end":{"line":52,"column":79}}},"fnMap":{"0":{"name":"(anonymous_0)","decl":{"start":{"line":8,"column":19},"end":{"line":8,"column":20}},"loc":{"start":{"line":8,"column":25},"end":{"line":134,"column":1}},"line":8},"1":{"name":"(anonymous_1)","decl":{"start":{"line":12,"column":24},"end":{"line":12,"column":25}},"loc":{"start":{"line":12,"column":30},"end":{"line":18,"column":5}},"line":12},"2":{"name":"(anonymous_2)","decl":{"start":{"line":52,"column":41},"end":{"line":52,"column":42}},"loc":{"start":{"line":52,"column":47},"end":{"line":52,"column":81}},"line":52}},"branchMap":{"0":{"loc":{"start":{"line":15,"column":23},"end":{"line":15,"column":58}},"type":"binary-expr","locations":[{"start":{"line":15,"column":23},"end":{"line":15,"column":39}},{"start":{"line":15,"column":43},"end":{"line":15,"column":58}}],"line":15},"1":{"loc":{"start":{"line":16,"column":25},"end":{"line":16,"column":69}},"type":"binary-expr","locations":[{"start":{"line":16,"column":25},"end":{"line":16,"column":44}},{"start":{"line":16,"column":48},"end":{"line":16,"column":69}}],"line":16},"2":{"loc":{"start":{"line":22,"column":13},"end":{"line":131,"column":13}},"type":"binary-expr","locations":[{"start":{"line":22,"column":13},"end":{"line":22,"column":25}},{"start":{"line":23,"column":16},"end":{"line":130,"column":19}}],"line":22},"3":{"loc":{"start":{"line":45,"column":37},"end":{"line":45,"column":66}},"type":"binary-expr","locations":[{"start":{"line":45,"column":37},"end":{"line":45,"column":54}},{"start":{"line":45,"column":58},"end":{"line":45,"column":66}}],"line":45},"4":{"loc":{"start":{"line":69,"column":46},"end":{"line":69,"column":74}},"type":"binary-expr","locations":[{"start":{"line":69,"column":46},"end":{"line":69,"column":67}},{"start":{"line":69,"column":71},"end":{"line":69,"column":74}}],"line":69},"5":{"loc":{"start":{"line":92,"column":113},"end":{"line":92,"column":148}},"type":"binary-expr","locations":[{"start":{"line":92,"column":113},"end":{"line":92,"column":142}},{"start":{"line":92,"column":146},"end":{"line":92,"column":148}}],"line":92},"6":{"loc":{"start":{"line":126,"column":39},"end":{"line":126,"column":87}},"type":"cond-expr","locations":[{"start":{"line":126,"column":70},"end":{"line":126,"column":76}},{"start":{"line":126,"column":79},"end":{"line":126,"column":87}}],"line":126}},"s":{"0":0,"1":0,"2":0,"3":0,"4":0,"5":0,"6":0,"7":0,"8":0,"9":0,"10":0,"11":0},"f":{"0":0,"1":0,"2":0},"b":{"0":[0,0],"1":[0,0],"2":[0,0],"3":[0,0],"4":[0,0],"5":[0,0],"6":[0,0]}}
,"/Users/shimimanashirov/Documents/המכללה למנהל מטלות/פרויקט סופי/study-labs/frontend/src/components/dashboard/RoadmapNode.jsx": {"path":"/Users/shimimanashirov/Documents/המכללה למנהל מטלות/פרויקט סופי/study-labs/frontend/src/components/dashboard/RoadmapNode.jsx","statementMap":{"0":{"start":{"line":5,"column":20},"end":{"line":89,"column":1}},"1":{"start":{"line":6,"column":24},"end":{"line":6,"column":51}},"2":{"start":{"line":7,"column":22},"end":{"line":7,"column":47}},"3":{"start":{"line":8,"column":21},"end":{"line":8,"column":45}},"4":{"start":{"line":11,"column":26},"end":{"line":15,"column":5}},"5":{"start":{"line":12,"column":8},"end":{"line":12,"column":150}},"6":{"start":{"line":12,"column":25},"end":{"line":12,"column":150}},"7":{"start":{"line":13,"column":8},"end":{"line":13,"column":163}},"8":{"start":{"line":13,"column":23},"end":{"line":13,"column":163}},"9":{"start":{"line":14,"column":8},"end":{"line":14,"column":118}},"10":{"start":{"line":17,"column":4},"end":{"line":88,"column":6}},"11":{"start":{"line":66,"column":28},"end":{"line":66,"column":95}}},"fnMap":{"0":{"name":"(anonymous_0)","decl":{"start":{"line":5,"column":20},"end":{"line":5,"column":21}},"loc":{"start":{"line":5,"column":66},"end":{"line":89,"column":1}},"line":5},"1":{"name":"(anonymous_1)","decl":{"start":{"line":11,"column":26},"end":{"line":11,"column":27}},"loc":{"start":{"line":11,"column":32},"end":{"line":15,"column":5}},"line":11},"2":{"name":"(anonymous_2)","decl":{"start":{"line":65,"column":39},"end":{"line":65,"column":40}},"loc":{"start":{"line":66,"column":28},"end":{"line":66,"column":95}},"line":66}},"branchMap":{"0":{"loc":{"start":{"line":12,"column":8},"end":{"line":12,"column":150}},"type":"if","locations":[{"start":{"line":12,"column":8},"end":{"line":12,"column":150}},{"start":{},"end":{}}],"line":12},"1":{"loc":{"start":{"line":13,"column":8},"end":{"line":13,"column":163}},"type":"if","locations":[{"start":{"line":13,"column":8},"end":{"line":13,"column":163}},{"start":{},"end":{}}],"line":13},"2":{"loc":{"start":{"line":20,"column":13},"end":{"line":22,"column":13}},"type":"binary-expr","locations":[{"start":{"line":20,"column":13},"end":{"line":20,"column":22}},{"start":{"line":21,"column":16},"end":{"line":21,"column":122}}],"line":20},"3":{"loc":{"start":{"line":27,"column":20},"end":{"line":27,"column":104}},"type":"cond-expr","locations":[{"start":{"line":27,"column":33},"end":{"line":27,"column":53}},{"start":{"line":27,"column":56},"end":{"line":27,"column":104}}],"line":27},"4":{"loc":{"start":{"line":28,"column":20},"end":{"line":30,"column":74}},"type":"cond-expr","locations":[{"start":{"line":29,"column":22},"end":{"line":29,"column":77}},{"start":{"line":30,"column":22},"end":{"line":30,"column":74}}],"line":28},"5":{"loc":{"start":{"line":34,"column":20},"end":{"line":36,"column":119}},"type":"cond-expr","locations":[{"start":{"line":35,"column":26},"end":{"line":35,"column":61}},{"start":{"line":36,"column":26},"end":{"line":36,"column":119}}],"line":34},"6":{"loc":{"start":{"line":41,"column":20},"end":{"line":41,"column":74}},"type":"cond-expr","locations":[{"start":{"line":41,"column":43},"end":{"line":41,"column":56}},{"start":{"line":41,"column":59},"end":{"line":41,"column":74}}],"line":41},"7":{"loc":{"start":{"line":43,"column":21},"end":{"line":43,"column":101}},"type":"cond-expr","locations":[{"start":{"line":43,"column":44},"end":{"line":43,"column":53}},{"start":{"line":43,"column":56},"end":{"line":43,"column":101}}],"line":43},"8":{"loc":{"start":{"line":43,"column":56},"end":{"line":43,"column":101}},"type":"cond-expr","locations":[{"start":{"line":43,"column":79},"end":{"line":43,"column":88}},{"start":{"line":43,"column":91},"end":{"line":43,"column":101}}],"line":43},"9":{"loc":{"start":{"line":49,"column":28},"end":{"line":49,"column":60}},"type":"cond-expr","locations":[{"start":{"line":49,"column":40},"end":{"line":49,"column":55}},{"start":{"line":49,"column":58},"end":{"line":49,"column":60}}],"line":49},"10":{"loc":{"start":{"line":50,"column":26},"end":{"line":50,"column":58}},"type":"cond-expr","locations":[{"start":{"line":50,"column":38},"end":{"line":50,"column":53}},{"start":{"line":50,"column":56},"end":{"line":50,"column":58}}],"line":50},"11":{"loc":{"start":{"line":51,"column":25},"end":{"line":51,"column":56}},"type":"cond-expr","locations":[{"start":{"line":51,"column":37},"end":{"line":51,"column":44}},{"start":{"line":51,"column":47},"end":{"line":51,"column":56}}],"line":51},"12":{"loc":{"start":{"line":58,"column":17},"end":{"line":58,"column":88}},"type":"binary-expr","locations":[{"start":{"line":58,"column":17},"end":{"line":58,"column":28}},{"start":{"line":58,"column":32},"end":{"line":58,"column":88}}],"line":58},"13":{"loc":{"start":{"line":59,"column":17},"end":{"line":59,"column":57}},"type":"binary-expr","locations":[{"start":{"line":59,"column":17},"end":{"line":59,"column":25}},{"start":{"line":59,"column":29},"end":{"line":59,"column":57}}],"line":59},"14":{"loc":{"start":{"line":60,"column":17},"end":{"line":60,"column":76}},"type":"binary-expr","locations":[{"start":{"line":60,"column":17},"end":{"line":60,"column":26}},{"start":{"line":60,"column":30},"end":{"line":60,"column":76}}],"line":60},"15":{"loc":{"start":{"line":63,"column":17},"end":{"line":69,"column":17}},"type":"binary-expr","locations":[{"start":{"line":63,"column":17},"end":{"line":63,"column":28}},{"start":{"line":64,"column":20},"end":{"line":68,"column":26}}],"line":63},"16":{"loc":{"start":{"line":72,"column":17},"end":{"line":76,"column":17}},"type":"binary-expr","locations":[{"start":{"line":72,"column":17},"end":{"line":72,"column":29}},{"start":{"line":72,"column":33},"end":{"line":72,"column":42}},{"start":{"line":73,"column":20},"end":{"line":75,"column":27}}],"line":72},"17":{"loc":{"start":{"line":74,"column":26},"end":{"line":74,"column":46}},"type":"binary-expr","locations":[{"start":{"line":74,"column":26},"end":{"line":74,"column":39}},{"start":{"line":74,"column":43},"end":{"line":74,"column":46}}],"line":74},"18":{"loc":{"start":{"line":82,"column":20},"end":{"line":82,"column":101}},"type":"cond-expr","locations":[{"start":{"line":82,"column":31},"end":{"line":82,"column":66}},{"start":{"line":82,"column":69},"end":{"line":82,"column":101}}],"line":82}},"s":{"0":0,"1":0,"2":0,"3":0,"4":0,"5":0,"6":0,"7":0,"8":0,"9":0,"10":0,"11":0},"f":{"0":0,"1":0,"2":0},"b":{"0":[0,0],"1":[0,0],"2":[0,0],"3":[0,0],"4":[0,0],"5":[0,0],"6":[0,0],"7":[0,0],"8":[0,0],"9":[0,0],"10":[0,0],"11":[0,0],"12":[0,0],"13":[0,0],"14":[0,0],"15":[0,0],"16":[0,0,0],"17":[0,0],"18":[0,0]}}
,"/Users/shimimanashirov/Documents/המכללה למנהל מטלות/פרויקט סופי/study-labs/frontend/src/components/dashboard/RoadmapView.jsx": {"path":"/Users/shimimanashirov/Documents/המכללה למנהל מטלות/פרויקט סופי/study-labs/frontend/src/components/dashboard/RoadmapView.jsx","statementMap":{"0":{"start":{"line":6,"column":20},"end":{"line":221,"column":1}},"1":{"start":{"line":7,"column":91},"end":{"line":7,"column":107}},"2":{"start":{"line":8,"column":19},"end":{"line":8,"column":63}},"3":{"start":{"line":8,"column":37},"end":{"line":8,"column":62}},"4":{"start":{"line":9,"column":48},"end":{"line":9,"column":63}},"5":{"start":{"line":11,"column":4},"end":{"line":20,"column":39}},"6":{"start":{"line":12,"column":8},"end":{"line":19,"column":9}},"7":{"start":{"line":13,"column":30},"end":{"line":17,"column":13}},"8":{"start":{"line":14,"column":16},"end":{"line":14,"column":40}},"9":{"start":{"line":15,"column":16},"end":{"line":15,"column":50}},"10":{"start":{"line":16,"column":16},"end":{"line":16,"column":41}},"11":{"start":{"line":18,"column":12},"end":{"line":18,"column":24}},"12":{"start":{"line":23,"column":4},"end":{"line":28,"column":6}},"13":{"start":{"line":23,"column":17},"end":{"line":28,"column":6}},"14":{"start":{"line":30,"column":4},"end":{"line":35,"column":6}},"15":{"start":{"line":30,"column":24},"end":{"line":35,"column":6}},"16":{"start":{"line":37,"column":18},"end":{"line":37,"column":36}},"17":{"start":{"line":38,"column":27},"end":{"line":38,"column":77}},"18":{"start":{"line":38,"column":45},"end":{"line":38,"column":69}},"19":{"start":{"line":39,"column":23},"end":{"line":39,"column":35}},"20":{"start":{"line":40,"column":31},"end":{"line":40,"column":99}},"21":{"start":{"line":42,"column":4},"end":{"line":220,"column":6}},"22":{"start":{"line":81,"column":40},"end":{"line":81,"column":67}},"23":{"start":{"line":82,"column":38},"end":{"line":82,"column":63}},"24":{"start":{"line":83,"column":37},"end":{"line":83,"column":61}},"25":{"start":{"line":85,"column":35},"end":{"line":85,"column":54}},"26":{"start":{"line":86,"column":43},"end":{"line":86,"column":80}},"27":{"start":{"line":87,"column":45},"end":{"line":87,"column":70}},"28":{"start":{"line":90,"column":41},"end":{"line":111,"column":21}},"29":{"start":{"line":91,"column":24},"end":{"line":110,"column":25}},"30":{"start":{"line":93,"column":32},"end":{"line":97,"column":34}},"31":{"start":{"line":99,"column":32},"end":{"line":103,"column":34}},"32":{"start":{"line":105,"column":32},"end":{"line":109,"column":34}},"33":{"start":{"line":113,"column":41},"end":{"line":115,"column":57}},"34":{"start":{"line":116,"column":44},"end":{"line":118,"column":57}},"35":{"start":{"line":120,"column":20},"end":{"line":216,"column":22}},"36":{"start":{"line":153,"column":47},"end":{"line":153,"column":81}}},"fnMap":{"0":{"name":"(anonymous_0)","decl":{"start":{"line":6,"column":20},"end":{"line":6,"column":21}},"loc":{"start":{"line":6,"column":26},"end":{"line":221,"column":1}},"line":6},"1":{"name":"(anonymous_1)","decl":{"start":{"line":8,"column":32},"end":{"line":8,"column":33}},"loc":{"start":{"line":8,"column":37},"end":{"line":8,"column":62}},"line":8},"2":{"name":"(anonymous_2)","decl":{"start":{"line":11,"column":14},"end":{"line":11,"column":15}},"loc":{"start":{"line":11,"column":20},"end":{"line":20,"column":5}},"line":11},"3":{"name":"(anonymous_3)","decl":{"start":{"line":13,"column":30},"end":{"line":13,"column":31}},"loc":{"start":{"line":13,"column":42},"end":{"line":17,"column":13}},"line":13},"4":{"name":"(anonymous_4)","decl":{"start":{"line":38,"column":40},"end":{"line":38,"column":41}},"loc":{"start":{"line":38,"column":45},"end":{"line":38,"column":69}},"line":38},"5":{"name":"(anonymous_5)","decl":{"start":{"line":80,"column":27},"end":{"line":80,"column":28}},"loc":{"start":{"line":80,"column":44},"end":{"line":217,"column":17}},"line":80},"6":{"name":"(anonymous_6)","decl":{"start":{"line":90,"column":41},"end":{"line":90,"column":42}},"loc":{"start":{"line":90,"column":47},"end":{"line":111,"column":21}},"line":90},"7":{"name":"(anonymous_7)","decl":{"start":{"line":153,"column":41},"end":{"line":153,"column":42}},"loc":{"start":{"line":153,"column":47},"end":{"line":153,"column":81}},"line":153}},"branchMap":{"0":{"loc":{"start":{"line":12,"column":8},"end":{"line":19,"column":9}},"type":"if","locations":[{"start":{"line":12,"column":8},"end":{"line":19,"column":9}},{"start":{},"end":{}}],"line":12},"1":{"loc":{"start":{"line":12,"column":12},"end":{"line":12,"column":66}},"type":"binary-expr","locations":[{"start":{"line":12,"column":12},"end":{"line":12,"column":18}},{"start":{"line":12,"column":23},"end":{"line":12,"column":36}},{"start":{"line":12,"column":40},"end":{"line":12,"column":65}}],"line":12},"2":{"loc":{"start":{"line":23,"column":4},"end":{"line":28,"column":6}},"type":"if","locations":[{"start":{"line":23,"column":4},"end":{"line":28,"column":6}},{"start":{},"end":{}}],"line":23},"3":{"loc":{"start":{"line":30,"column":4},"end":{"line":35,"column":6}},"type":"if","locations":[{"start":{"line":30,"column":4},"end":{"line":35,"column":6}},{"start":{},"end":{}}],"line":30},"4":{"loc":{"start":{"line":37,"column":18},"end":{"line":37,"column":36}},"type":"binary-expr","locations":[{"start":{"line":37,"column":18},"end":{"line":37,"column":30}},{"start":{"line":37,"column":34},"end":{"line":37,"column":36}}],"line":37},"5":{"loc":{"start":{"line":40,"column":31},"end":{"line":40,"column":99}},"type":"cond-expr","locations":[{"start":{"line":40,"column":48},"end":{"line":40,"column":95}},{"start":{"line":40,"column":98},"end":{"line":40,"column":99}}],"line":40},"6":{"loc":{"start":{"line":52,"column":100},"end":{"line":52,"column":123}},"type":"binary-expr","locations":[{"start":{"line":52,"column":100},"end":{"line":52,"column":112}},{"start":{"line":52,"column":116},"end":{"line":52,"column":123}}],"line":52},"7":{"loc":{"start":{"line":85,"column":35},"end":{"line":85,"column":54}},"type":"binary-expr","locations":[{"start":{"line":85,"column":35},"end":{"line":85,"column":43}},{"start":{"line":85,"column":47},"end":{"line":85,"column":54}}],"line":85},"8":{"loc":{"start":{"line":86,"column":43},"end":{"line":86,"column":80}},"type":"binary-expr","locations":[{"start":{"line":86,"column":43},"end":{"line":86,"column":60}},{"start":{"line":86,"column":64},"end":{"line":86,"column":80}}],"line":86},"9":{"loc":{"start":{"line":91,"column":24},"end":{"line":110,"column":25}},"type":"switch","locations":[{"start":{"line":92,"column":28},"end":{"line":97,"column":34}},{"start":{"line":98,"column":28},"end":{"line":103,"column":34}},{"start":{"line":104,"column":28},"end":{"line":109,"column":34}}],"line":91},"10":{"loc":{"start":{"line":113,"column":41},"end":{"line":115,"column":57}},"type":"cond-expr","locations":[{"start":{"line":114,"column":26},"end":{"line":114,"column":66}},{"start":{"line":115,"column":26},"end":{"line":115,"column":57}}],"line":113},"11":{"loc":{"start":{"line":113,"column":41},"end":{"line":113,"column":65}},"type":"binary-expr","locations":[{"start":{"line":113,"column":41},"end":{"line":113,"column":52}},{"start":{"line":113,"column":56},"end":{"line":113,"column":65}}],"line":113},"12":{"loc":{"start":{"line":116,"column":44},"end":{"line":118,"column":57}},"type":"cond-expr","locations":[{"start":{"line":117,"column":26},"end":{"line":117,"column":66}},{"start":{"line":118,"column":26},"end":{"line":118,"column":57}}],"line":116},"13":{"loc":{"start":{"line":125,"column":77},"end":{"line":125,"column":122}},"type":"cond-expr","locations":[{"start":{"line":125,"column":91},"end":{"line":125,"column":107}},{"start":{"line":125,"column":110},"end":{"line":125,"column":122}}],"line":125},"14":{"loc":{"start":{"line":129,"column":37},"end":{"line":131,"column":37}},"type":"binary-expr","locations":[{"start":{"line":129,"column":37},"end":{"line":129,"column":46}},{"start":{"line":130,"column":40},"end":{"line":130,"column":170}}],"line":129},"15":{"loc":{"start":{"line":134,"column":42},"end":{"line":138,"column":152}},"type":"cond-expr","locations":[{"start":{"line":135,"column":46},"end":{"line":135,"column":166}},{"start":{"line":136,"column":46},"end":{"line":138,"column":152}}],"line":134},"16":{"loc":{"start":{"line":136,"column":46},"end":{"line":138,"column":152}},"type":"cond-expr","locations":[{"start":{"line":137,"column":50},"end":{"line":137,"column":180}},{"start":{"line":138,"column":50},"end":{"line":138,"column":152}}],"line":136},"17":{"loc":{"start":{"line":141,"column":41},"end":{"line":141,"column":100}},"type":"binary-expr","locations":[{"start":{"line":141,"column":41},"end":{"line":141,"column":52}},{"start":{"line":141,"column":56},"end":{"line":141,"column":100}}],"line":141},"18":{"loc":{"start":{"line":142,"column":41},"end":{"line":142,"column":122}},"type":"binary-expr","locations":[{"start":{"line":142,"column":41},"end":{"line":142,"column":50}},{"start":{"line":142,"column":54},"end":{"line":142,"column":122}}],"line":142},"19":{"loc":{"start":{"line":143,"column":41},"end":{"line":143,"column":89}},"type":"binary-expr","locations":[{"start":{"line":143,"column":41},"end":{"line":143,"column":49}},{"start":{"line":143,"column":53},"end":{"line":143,"column":89}}],"line":143},"20":{"loc":{"start":{"line":148,"column":77},"end":{"line":148,"column":140}},"type":"cond-expr","locations":[{"start":{"line":148,"column":106},"end":{"line":148,"column":122}},{"start":{"line":148,"column":125},"end":{"line":148,"column":140}}],"line":148},"21":{"loc":{"start":{"line":153,"column":47},"end":{"line":153,"column":81}},"type":"binary-expr","locations":[{"start":{"line":153,"column":47},"end":{"line":153,"column":56}},{"start":{"line":153,"column":60},"end":{"line":153,"column":81}}],"line":153},"22":{"loc":{"start":{"line":154,"column":44},"end":{"line":154,"column":84}},"type":"cond-expr","locations":[{"start":{"line":154,"column":56},"end":{"line":154,"column":79}},{"start":{"line":154,"column":82},"end":{"line":154,"column":84}}],"line":154},"23":{"loc":{"start":{"line":155,"column":42},"end":{"line":155,"column":74}},"type":"cond-expr","locations":[{"start":{"line":155,"column":54},"end":{"line":155,"column":69}},{"start":{"line":155,"column":72},"end":{"line":155,"column":74}}],"line":155},"24":{"loc":{"start":{"line":158,"column":38},"end":{"line":164,"column":250}},"type":"cond-expr","locations":[{"start":{"line":159,"column":42},"end":{"line":159,"column":163}},{"start":{"line":160,"column":42},"end":{"line":164,"column":250}}],"line":158},"25":{"loc":{"start":{"line":160,"column":42},"end":{"line":164,"column":250}},"type":"cond-expr","locations":[{"start":{"line":161,"column":46},"end":{"line":161,"column":151}},{"start":{"line":162,"column":46},"end":{"line":164,"column":250}}],"line":160},"26":{"loc":{"start":{"line":162,"column":46},"end":{"line":164,"column":250}},"type":"cond-expr","locations":[{"start":{"line":163,"column":50},"end":{"line":163,"column":215}},{"start":{"line":164,"column":50},"end":{"line":164,"column":250}}],"line":162},"27":{"loc":{"start":{"line":169,"column":33},"end":{"line":171,"column":33}},"type":"binary-expr","locations":[{"start":{"line":169,"column":33},"end":{"line":169,"column":42}},{"start":{"line":169,"column":46},"end":{"line":169,"column":55}},{"start":{"line":170,"column":36},"end":{"line":170,"column":152}}],"line":169},"28":{"loc":{"start":{"line":175,"column":37},"end":{"line":179,"column":37}},"type":"binary-expr","locations":[{"start":{"line":175,"column":37},"end":{"line":175,"column":48}},{"start":{"line":176,"column":40},"end":{"line":178,"column":47}}],"line":175},"29":{"loc":{"start":{"line":180,"column":37},"end":{"line":185,"column":37}},"type":"binary-expr","locations":[{"start":{"line":180,"column":37},"end":{"line":180,"column":46}},{"start":{"line":180,"column":50},"end":{"line":180,"column":59}},{"start":{"line":181,"column":40},"end":{"line":184,"column":49}}],"line":180},"30":{"loc":{"start":{"line":186,"column":37},"end":{"line":190,"column":37}},"type":"binary-expr","locations":[{"start":{"line":186,"column":37},"end":{"line":186,"column":45}},{"start":{"line":187,"column":40},"end":{"line":189,"column":47}}],"line":186},"31":{"loc":{"start":{"line":197,"column":40},"end":{"line":201,"column":110}},"type":"cond-expr","locations":[{"start":{"line":198,"column":46},"end":{"line":198,"column":81}},{"start":{"line":199,"column":46},"end":{"line":201,"column":110}}],"line":197},"32":{"loc":{"start":{"line":199,"column":46},"end":{"line":201,"column":110}},"type":"cond-expr","locations":[{"start":{"line":200,"column":50},"end":{"line":200,"column":99}},{"start":{"line":201,"column":50},"end":{"line":201,"column":110}}],"line":199},"33":{"loc":{"start":{"line":210,"column":46},"end":{"line":210,"column":66}},"type":"binary-expr","locations":[{"start":{"line":210,"column":46},"end":{"line":210,"column":59}},{"start":{"line":210,"column":63},"end":{"line":210,"column":66}}],"line":210}},"s":{"0":0,"1":0,"2":0,"3":0,"4":0,"5":0,"6":0,"7":0,"8":0,"9":0,"10":0,"11":0,"12":0,"13":0,"14":0,"15":0,"16":0,"17":0,"18":0,"19":0,"20":0,"21":0,"22":0,"23":0,"24":0,"25":0,"26":0,"27":0,"28":0,"29":0,"30":0,"31":0,"32":0,"33":0,"34":0,"35":0,"36":0},"f":{"0":0,"1":0,"2":0,"3":0,"4":0,"5":0,"6":0,"7":0},"b":{"0":[0,0],"1":[0,0,0],"2":[0,0],"3":[0,0],"4":[0,0],"5":[0,0],"6":[0,0],"7":[0,0],"8":[0,0],"9":[0,0,0],"10":[0,0],"11":[0,0],"12":[0,0],"13":[0,0],"14":[0,0],"15":[0,0],"16":[0,0],"17":[0,0],"18":[0,0],"19":[0,0],"20":[0,0],"21":[0,0],"22":[0,0],"23":[0,0],"24":[0,0],"25":[0,0],"26":[0,0],"27":[0,0,0],"28":[0,0],"29":[0,0,0],"30":[0,0],"31":[0,0],"32":[0,0],"33":[0,0]}}
,"/Users/shimimanashirov/Documents/המכללה למנהל מטלות/פרויקט סופי/study-labs/frontend/src/components/dashboard/XPHeader.jsx": {"path":"/Users/shimimanashirov/Documents/המכללה למנהל מטלות/פרויקט סופי/study-labs/frontend/src/components/dashboard/XPHeader.jsx","statementMap":{"0":{"start":{"line":6,"column":17},"end":{"line":62,"column":1}},"1":{"start":{"line":7,"column":21},"end":{"line":7,"column":37}},"2":{"start":{"line":9,"column":4},"end":{"line":61,"column":6}}},"fnMap":{"0":{"name":"(anonymous_0)","decl":{"start":{"line":6,"column":17},"end":{"line":6,"column":18}},"loc":{"start":{"line":6,"column":23},"end":{"line":62,"column":1}},"line":6}},"branchMap":{"0":{"loc":{"start":{"line":29,"column":75},"end":{"line":29,"column":92}},"type":"binary-expr","locations":[{"start":{"line":29,"column":75},"end":{"line":29,"column":87}},{"start":{"line":29,"column":91},"end":{"line":29,"column":92}}],"line":29},"1":{"loc":{"start":{"line":41,"column":75},"end":{"line":41,"column":93}},"type":"binary-expr","locations":[{"start":{"line":41,"column":75},"end":{"line":41,"column":88}},{"start":{"line":41,"column":92},"end":{"line":41,"column":93}}],"line":41},"2":{"loc":{"start":{"line":54,"column":29},"end":{"line":54,"column":83}},"type":"cond-expr","locations":[{"start":{"line":54,"column":45},"end":{"line":54,"column":79}},{"start":{"line":54,"column":82},"end":{"line":54,"column":83}}],"line":54}},"s":{"0":1,"1":2,"2":2},"f":{"0":2},"b":{"0":[2,1],"1":[2,1],"2":[1,1]},"_coverageSchema":"1a1c01bbd47fc00a2c39e90264f33305004495a9","hash":"7f9d581f96da0ddf55303d741442e3837ba44667"}
,"/Users/shimimanashirov/Documents/המכללה למנהל מטלות/פרויקט סופי/study-labs/frontend/src/components/gamification/BadgeDisplay.jsx": {"path":"/Users/shimimanashirov/Documents/המכללה למנהל מטלות/פרויקט סופי/study-labs/frontend/src/components/gamification/BadgeDisplay.jsx","statementMap":{"0":{"start":{"line":7,"column":21},"end":{"line":89,"column":1}},"1":{"start":{"line":8,"column":31},"end":{"line":8,"column":53}},"2":{"start":{"line":10,"column":4},"end":{"line":88,"column":6}},"3":{"start":{"line":31,"column":43},"end":{"line":31,"column":76}},"4":{"start":{"line":32,"column":39},"end":{"line":32,"column":90}},"5":{"start":{"line":34,"column":24},"end":{"line":83,"column":26}}},"fnMap":{"0":{"name":"(anonymous_0)","decl":{"start":{"line":7,"column":21},"end":{"line":7,"column":22}},"loc":{"start":{"line":7,"column":27},"end":{"line":89,"column":1}},"line":7},"1":{"name":"(anonymous_1)","decl":{"start":{"line":30,"column":32},"end":{"line":30,"column":33}},"loc":{"start":{"line":30,"column":48},"end":{"line":84,"column":21}},"line":30}},"branchMap":{"0":{"loc":{"start":{"line":32,"column":39},"end":{"line":32,"column":90}},"type":"binary-expr","locations":[{"start":{"line":32,"column":39},"end":{"line":32,"column":66}},{"start":{"line":32,"column":70},"end":{"line":32,"column":90}}],"line":32},"1":{"loc":{"start":{"line":42,"column":36},"end":{"line":44,"column":136}},"type":"cond-expr","locations":[{"start":{"line":43,"column":42},"end":{"line":43,"column":105}},{"start":{"line":44,"column":42},"end":{"line":44,"column":136}}],"line":42},"2":{"loc":{"start":{"line":48,"column":33},"end":{"line":52,"column":33}},"type":"binary-expr","locations":[{"start":{"line":48,"column":33},"end":{"line":48,"column":44}},{"start":{"line":49,"column":36},"end":{"line":51,"column":42}}],"line":48},"3":{"loc":{"start":{"line":56,"column":36},"end":{"line":58,"column":75}},"type":"cond-expr","locations":[{"start":{"line":57,"column":42},"end":{"line":57,"column":103}},{"start":{"line":58,"column":42},"end":{"line":58,"column":75}}],"line":56},"4":{"loc":{"start":{"line":65,"column":36},"end":{"line":67,"column":77}},"type":"cond-expr","locations":[{"start":{"line":66,"column":42},"end":{"line":66,"column":74}},{"start":{"line":67,"column":42},"end":{"line":67,"column":77}}],"line":65}},"s":{"0":0,"1":0,"2":0,"3":0,"4":0,"5":0},"f":{"0":0,"1":0},"b":{"0":[0,0],"1":[0,0],"2":[0,0],"3":[0,0],"4":[0,0]}}
,"/Users/shimimanashirov/Documents/המכללה למנהל מטלות/פרויקט סופי/study-labs/frontend/src/components/gamification/ConfettiEffect.jsx": {"path":"/Users/shimimanashirov/Documents/המכללה למנהל מטלות/פרויקט סופי/study-labs/frontend/src/components/gamification/ConfettiEffect.jsx","statementMap":{"0":{"start":{"line":8,"column":23},"end":{"line":105,"column":1}},"1":{"start":{"line":9,"column":22},"end":{"line":9,"column":34}},"2":{"start":{"line":10,"column":25},"end":{"line":10,"column":37}},"3":{"start":{"line":11,"column":63},"end":{"line":11,"column":85}},"4":{"start":{"line":13,"column":4},"end":{"line":96,"column":26}},"5":{"start":{"line":14,"column":8},"end":{"line":14,"column":37}},"6":{"start":{"line":14,"column":30},"end":{"line":14,"column":37}},"7":{"start":{"line":16,"column":23},"end":{"line":16,"column":40}},"8":{"start":{"line":17,"column":8},"end":{"line":17,"column":28}},"9":{"start":{"line":17,"column":21},"end":{"line":17,"column":28}},"10":{"start":{"line":18,"column":20},"end":{"line":18,"column":43}},"11":{"start":{"line":19,"column":8},"end":{"line":19,"column":41}},"12":{"start":{"line":20,"column":8},"end":{"line":20,"column":43}},"13":{"start":{"line":22,"column":26},"end":{"line":22,"column":28}},"14":{"start":{"line":23,"column":23},"end":{"line":23,"column":100}},"15":{"start":{"line":24,"column":23},"end":{"line":24,"column":53}},"16":{"start":{"line":25,"column":22},"end":{"line":25,"column":68}},"17":{"start":{"line":27,"column":8},"end":{"line":41,"column":9}},"18":{"start":{"line":27,"column":21},"end":{"line":27,"column":22}},"19":{"start":{"line":28,"column":12},"end":{"line":40,"column":15}},"20":{"start":{"line":43,"column":21},"end":{"line":83,"column":9}},"21":{"start":{"line":44,"column":12},"end":{"line":44,"column":61}},"22":{"start":{"line":45,"column":24},"end":{"line":45,"column":29}},"23":{"start":{"line":47,"column":12},"end":{"line":76,"column":15}},"24":{"start":{"line":48,"column":16},"end":{"line":48,"column":28}},"25":{"start":{"line":49,"column":16},"end":{"line":49,"column":28}},"26":{"start":{"line":50,"column":16},"end":{"line":50,"column":34}},"27":{"start":{"line":51,"column":16},"end":{"line":51,"column":46}},"28":{"start":{"line":52,"column":16},"end":{"line":75,"column":17}},"29":{"start":{"line":53,"column":20},"end":{"line":53,"column":33}},"30":{"start":{"line":54,"column":20},"end":{"line":54,"column":31}},"31":{"start":{"line":55,"column":20},"end":{"line":55,"column":75}},"32":{"start":{"line":56,"column":20},"end":{"line":56,"column":44}},"33":{"start":{"line":57,"column":20},"end":{"line":57,"column":43}},"34":{"start":{"line":58,"column":20},"end":{"line":58,"column":44}},"35":{"start":{"line":60,"column":20},"end":{"line":73,"column":21}},"36":{"start":{"line":61,"column":24},"end":{"line":61,"column":40}},"37":{"start":{"line":62,"column":24},"end":{"line":62,"column":66}},"38":{"start":{"line":63,"column":24},"end":{"line":63,"column":35}},"39":{"start":{"line":64,"column":27},"end":{"line":73,"column":21}},"40":{"start":{"line":65,"column":24},"end":{"line":65,"column":83}},"41":{"start":{"line":67,"column":24},"end":{"line":67,"column":40}},"42":{"start":{"line":68,"column":24},"end":{"line":68,"column":51}},"43":{"start":{"line":69,"column":24},"end":{"line":69,"column":59}},"44":{"start":{"line":70,"column":24},"end":{"line":70,"column":60}},"45":{"start":{"line":71,"column":24},"end":{"line":71,"column":40}},"46":{"start":{"line":72,"column":24},"end":{"line":72,"column":35}},"47":{"start":{"line":74,"column":20},"end":{"line":74,"column":34}},"48":{"start":{"line":78,"column":12},"end":{"line":82,"column":13}},"49":{"start":{"line":79,"column":16},"end":{"line":79,"column":67}},"50":{"start":{"line":81,"column":16},"end":{"line":81,"column":32}},"51":{"start":{"line":85,"column":8},"end":{"line":85,"column":59}},"52":{"start":{"line":87,"column":24},"end":{"line":90,"column":16}},"53":{"start":{"line":88,"column":12},"end":{"line":88,"column":81}},"54":{"start":{"line":88,"column":38},"end":{"line":88,"column":81}},"55":{"start":{"line":89,"column":12},"end":{"line":89,"column":28}},"56":{"start":{"line":92,"column":8},"end":{"line":95,"column":10}},"57":{"start":{"line":93,"column":12},"end":{"line":93,"column":81}},"58":{"start":{"line":93,"column":38},"end":{"line":93,"column":81}},"59":{"start":{"line":94,"column":12},"end":{"line":94,"column":34}},"60":{"start":{"line":98,"column":4},"end":{"line":104,"column":6}}},"fnMap":{"0":{"name":"(anonymous_0)","decl":{"start":{"line":8,"column":23},"end":{"line":8,"column":24}},"loc":{"start":{"line":8,"column":29},"end":{"line":105,"column":1}},"line":8},"1":{"name":"(anonymous_1)","decl":{"start":{"line":13,"column":14},"end":{"line":13,"column":15}},"loc":{"start":{"line":13,"column":20},"end":{"line":96,"column":5}},"line":13},"2":{"name":"(anonymous_2)","decl":{"start":{"line":43,"column":21},"end":{"line":43,"column":22}},"loc":{"start":{"line":43,"column":27},"end":{"line":83,"column":9}},"line":43},"3":{"name":"(anonymous_3)","decl":{"start":{"line":47,"column":30},"end":{"line":47,"column":31}},"loc":{"start":{"line":47,"column":35},"end":{"line":76,"column":13}},"line":47},"4":{"name":"(anonymous_4)","decl":{"start":{"line":87,"column":35},"end":{"line":87,"column":36}},"loc":{"start":{"line":87,"column":41},"end":{"line":90,"column":9}},"line":87},"5":{"name":"(anonymous_5)","decl":{"start":{"line":92,"column":15},"end":{"line":92,"column":16}},"loc":{"start":{"line":92,"column":21},"end":{"line":95,"column":9}},"line":92}},"branchMap":{"0":{"loc":{"start":{"line":14,"column":8},"end":{"line":14,"column":37}},"type":"if","locations":[{"start":{"line":14,"column":8},"end":{"line":14,"column":37}},{"start":{},"end":{}}],"line":14},"1":{"loc":{"start":{"line":17,"column":8},"end":{"line":17,"column":28}},"type":"if","locations":[{"start":{"line":17,"column":8},"end":{"line":17,"column":28}},{"start":{},"end":{}}],"line":17},"2":{"loc":{"start":{"line":25,"column":22},"end":{"line":25,"column":68}},"type":"cond-expr","locations":[{"start":{"line":25,"column":59},"end":{"line":25,"column":62}},{"start":{"line":25,"column":65},"end":{"line":25,"column":68}}],"line":25},"3":{"loc":{"start":{"line":52,"column":16},"end":{"line":75,"column":17}},"type":"if","locations":[{"start":{"line":52,"column":16},"end":{"line":75,"column":17}},{"start":{},"end":{}}],"line":52},"4":{"loc":{"start":{"line":60,"column":20},"end":{"line":73,"column":21}},"type":"if","locations":[{"start":{"line":60,"column":20},"end":{"line":73,"column":21}},{"start":{"line":64,"column":27},"end":{"line":73,"column":21}}],"line":60},"5":{"loc":{"start":{"line":64,"column":27},"end":{"line":73,"column":21}},"type":"if","locations":[{"start":{"line":64,"column":27},"end":{"line":73,"column":21}},{"start":{"line":66,"column":27},"end":{"line":73,"column":21}}],"line":64},"6":{"loc":{"start":{"line":78,"column":12},"end":{"line":82,"column":13}},"type":"if","locations":[{"start":{"line":78,"column":12},"end":{"line":82,"column":13}},{"start":{"line":80,"column":19},"end":{"line":82,"column":13}}],"line":78},"7":{"loc":{"start":{"line":88,"column":12},"end":{"line":88,"column":81}},"type":"if","locations":[{"start":{"line":88,"column":12},"end":{"line":88,"column":81}},{"start":{},"end":{}}],"line":88},"8":{"loc":{"start":{"line":93,"column":12},"end":{"line":93,"column":81}},"type":"if","locations":[{"start":{"line":93,"column":12},"end":{"line":93,"column":81}},{"start":{},"end":{}}],"line":93},"9":{"loc":{"start":{"line":102,"column":30},"end":{"line":102,"column":64}},"type":"cond-expr","locations":[{"start":{"line":102,"column":48},"end":{"line":102,"column":55}},{"start":{"line":102,"column":58},"end":{"line":102,"column":64}}],"line":102}},"s":{"0":0,"1":0,"2":0,"3":0,"4":0,"5":0,"6":0,"7":0,"8":0,"9":0,"10":0,"11":0,"12":0,"13":0,"14":0,"15":0,"16":0,"17":0,"18":0,"19":0,"20":0,"21":0,"22":0,"23":0,"24":0,"25":0,"26":0,"27":0,"28":0,"29":0,"30":0,"31":0,"32":0,"33":0,"34":0,"35":0,"36":0,"37":0,"38":0,"39":0,"40":0,"41":0,"42":0,"43":0,"44":0,"45":0,"46":0,"47":0,"48":0,"49":0,"50":0,"51":0,"52":0,"53":0,"54":0,"55":0,"56":0,"57":0,"58":0,"59":0,"60":0},"f":{"0":0,"1":0,"2":0,"3":0,"4":0,"5":0},"b":{"0":[0,0],"1":[0,0],"2":[0,0],"3":[0,0],"4":[0,0],"5":[0,0],"6":[0,0],"7":[0,0],"8":[0,0],"9":[0,0]}}
,"/Users/shimimanashirov/Documents/המכללה למנהל מטלות/פרויקט סופי/study-labs/frontend/src/components/gamification/DailyChallengeCard.jsx": {"path":"/Users/shimimanashirov/Documents/המכללה למנהל מטלות/פרויקט סופי/study-labs/frontend/src/components/gamification/DailyChallengeCard.jsx","statementMap":{"0":{"start":{"line":6,"column":27},"end":{"line":112,"column":1}},"1":{"start":{"line":7,"column":80},"end":{"line":7,"column":102}},"2":{"start":{"line":8,"column":36},"end":{"line":8,"column":48}},"3":{"start":{"line":11,"column":4},"end":{"line":13,"column":11}},"4":{"start":{"line":12,"column":8},"end":{"line":12,"column":33}},"5":{"start":{"line":16,"column":4},"end":{"line":30,"column":11}},"6":{"start":{"line":17,"column":23},"end":{"line":26,"column":9}},"7":{"start":{"line":18,"column":24},"end":{"line":18,"column":34}},"8":{"start":{"line":19,"column":29},"end":{"line":19,"column":39}},"9":{"start":{"line":20,"column":12},"end":{"line":20,"column":43}},"10":{"start":{"line":21,"column":25},"end":{"line":21,"column":39}},"11":{"start":{"line":22,"column":22},"end":{"line":22,"column":48}},"12":{"start":{"line":23,"column":22},"end":{"line":23,"column":58}},"13":{"start":{"line":24,"column":22},"end":{"line":24,"column":55}},"14":{"start":{"line":25,"column":12},"end":{"line":25,"column":45}},"15":{"start":{"line":27,"column":8},"end":{"line":27,"column":17}},"16":{"start":{"line":28,"column":25},"end":{"line":28,"column":50}},"17":{"start":{"line":29,"column":8},"end":{"line":29,"column":45}},"18":{"start":{"line":29,"column":21},"end":{"line":29,"column":44}},"19":{"start":{"line":32,"column":4},"end":{"line":32,"column":37}},"20":{"start":{"line":32,"column":25},"end":{"line":32,"column":37}},"21":{"start":{"line":34,"column":4},"end":{"line":111,"column":6}}},"fnMap":{"0":{"name":"(anonymous_0)","decl":{"start":{"line":6,"column":27},"end":{"line":6,"column":28}},"loc":{"start":{"line":6,"column":33},"end":{"line":112,"column":1}},"line":6},"1":{"name":"(anonymous_1)","decl":{"start":{"line":11,"column":14},"end":{"line":11,"column":15}},"loc":{"start":{"line":11,"column":20},"end":{"line":13,"column":5}},"line":11},"2":{"name":"(anonymous_2)","decl":{"start":{"line":16,"column":14},"end":{"line":16,"column":15}},"loc":{"start":{"line":16,"column":20},"end":{"line":30,"column":5}},"line":16},"3":{"name":"(anonymous_3)","decl":{"start":{"line":17,"column":23},"end":{"line":17,"column":24}},"loc":{"start":{"line":17,"column":29},"end":{"line":26,"column":9}},"line":17},"4":{"name":"(anonymous_4)","decl":{"start":{"line":29,"column":15},"end":{"line":29,"column":16}},"loc":{"start":{"line":29,"column":21},"end":{"line":29,"column":44}},"line":29}},"branchMap":{"0":{"loc":{"start":{"line":32,"column":4},"end":{"line":32,"column":37}},"type":"if","locations":[{"start":{"line":32,"column":4},"end":{"line":32,"column":37}},{"start":{},"end":{}}],"line":32},"1":{"loc":{"start":{"line":39,"column":16},"end":{"line":39,"column":59}},"type":"cond-expr","locations":[{"start":{"line":39,"column":42},"end":{"line":39,"column":54}},{"start":{"line":39,"column":57},"end":{"line":39,"column":59}}],"line":39},"2":{"loc":{"start":{"line":44,"column":16},"end":{"line":46,"column":108}},"type":"cond-expr","locations":[{"start":{"line":45,"column":22},"end":{"line":45,"column":87}},{"start":{"line":46,"column":22},"end":{"line":46,"column":108}}],"line":44},"3":{"loc":{"start":{"line":54,"column":28},"end":{"line":54,"column":93}},"type":"cond-expr","locations":[{"start":{"line":54,"column":54},"end":{"line":54,"column":73}},{"start":{"line":54,"column":76},"end":{"line":54,"column":93}}],"line":54},"4":{"loc":{"start":{"line":56,"column":29},"end":{"line":56,"column":80}},"type":"cond-expr","locations":[{"start":{"line":56,"column":55},"end":{"line":56,"column":58}},{"start":{"line":56,"column":61},"end":{"line":56,"column":80}}],"line":56},"5":{"loc":{"start":{"line":62,"column":21},"end":{"line":67,"column":21}},"type":"binary-expr","locations":[{"start":{"line":62,"column":21},"end":{"line":62,"column":45}},{"start":{"line":63,"column":24},"end":{"line":66,"column":30}}],"line":62},"6":{"loc":{"start":{"line":68,"column":21},"end":{"line":70,"column":21}},"type":"binary-expr","locations":[{"start":{"line":68,"column":21},"end":{"line":68,"column":44}},{"start":{"line":69,"column":24},"end":{"line":69,"column":79}}],"line":68},"7":{"loc":{"start":{"line":75,"column":20},"end":{"line":77,"column":58}},"type":"cond-expr","locations":[{"start":{"line":76,"column":26},"end":{"line":76,"column":74}},{"start":{"line":77,"column":26},"end":{"line":77,"column":58}}],"line":75},"8":{"loc":{"start":{"line":85,"column":24},"end":{"line":87,"column":82}},"type":"cond-expr","locations":[{"start":{"line":86,"column":30},"end":{"line":86,"column":88}},{"start":{"line":87,"column":30},"end":{"line":87,"column":82}}],"line":85},"9":{"loc":{"start":{"line":92,"column":21},"end":{"line":94,"column":21}},"type":"binary-expr","locations":[{"start":{"line":92,"column":21},"end":{"line":92,"column":44}},{"start":{"line":93,"column":24},"end":{"line":93,"column":94}}],"line":92},"10":{"loc":{"start":{"line":98,"column":17},"end":{"line":108,"column":17}},"type":"binary-expr","locations":[{"start":{"line":98,"column":17},"end":{"line":98,"column":41}},{"start":{"line":99,"column":20},"end":{"line":107,"column":26}}],"line":98}},"s":{"0":0,"1":0,"2":0,"3":0,"4":0,"5":0,"6":0,"7":0,"8":0,"9":0,"10":0,"11":0,"12":0,"13":0,"14":0,"15":0,"16":0,"17":0,"18":0,"19":0,"20":0,"21":0},"f":{"0":0,"1":0,"2":0,"3":0,"4":0},"b":{"0":[0,0],"1":[0,0],"2":[0,0],"3":[0,0],"4":[0,0],"5":[0,0],"6":[0,0],"7":[0,0],"8":[0,0],"9":[0,0],"10":[0,0]}}
,"/Users/shimimanashirov/Documents/המכללה למנהל מטלות/פרויקט סופי/study-labs/frontend/src/components/gamification/Leaderboard.jsx": {"path":"/Users/shimimanashirov/Documents/המכללה למנהל מטלות/פרויקט סופי/study-labs/frontend/src/components/gamification/Leaderboard.jsx","statementMap":{"0":{"start":{"line":8,"column":20},"end":{"line":12,"column":1}},"1":{"start":{"line":14,"column":20},"end":{"line":14,"column":56}},"2":{"start":{"line":16,"column":20},"end":{"line":155,"column":1}},"3":{"start":{"line":17,"column":34},"end":{"line":17,"column":46}},"4":{"start":{"line":18,"column":32},"end":{"line":18,"column":50}},"5":{"start":{"line":19,"column":38},"end":{"line":19,"column":52}},"6":{"start":{"line":20,"column":34},"end":{"line":20,"column":50}},"7":{"start":{"line":21,"column":29},"end":{"line":21,"column":51}},"8":{"start":{"line":23,"column":29},"end":{"line":23,"column":84}},"9":{"start":{"line":23,"column":47},"end":{"line":23,"column":68}},"10":{"start":{"line":25,"column":4},"end":{"line":55,"column":67}},"11":{"start":{"line":26,"column":33},"end":{"line":53,"column":9}},"12":{"start":{"line":27,"column":12},"end":{"line":27,"column":31}},"13":{"start":{"line":28,"column":12},"end":{"line":52,"column":13}},"14":{"start":{"line":29,"column":33},"end":{"line":31,"column":66}},"15":{"start":{"line":32,"column":33},"end":{"line":32,"column":56}},"16":{"start":{"line":35,"column":31},"end":{"line":38,"column":19}},"17":{"start":{"line":35,"column":73},"end":{"line":38,"column":17}},"18":{"start":{"line":39,"column":16},"end":{"line":39,"column":35}},"19":{"start":{"line":42,"column":16},"end":{"line":49,"column":19}},"20":{"start":{"line":51,"column":16},"end":{"line":51,"column":36}},"21":{"start":{"line":54,"column":8},"end":{"line":54,"column":27}},"22":{"start":{"line":57,"column":4},"end":{"line":154,"column":6}},"23":{"start":{"line":72,"column":24},"end":{"line":82,"column":33}},"24":{"start":{"line":74,"column":43},"end":{"line":74,"column":55}},"25":{"start":{"line":92,"column":28},"end":{"line":92,"column":115}},"26":{"start":{"line":96,"column":46},"end":{"line":96,"column":81}},"27":{"start":{"line":97,"column":28},"end":{"line":148,"column":30}}},"fnMap":{"0":{"name":"(anonymous_0)","decl":{"start":{"line":16,"column":20},"end":{"line":16,"column":21}},"loc":{"start":{"line":16,"column":38},"end":{"line":155,"column":1}},"line":16},"1":{"name":"(anonymous_1)","decl":{"start":{"line":23,"column":42},"end":{"line":23,"column":43}},"loc":{"start":{"line":23,"column":47},"end":{"line":23,"column":68}},"line":23},"2":{"name":"(anonymous_2)","decl":{"start":{"line":25,"column":14},"end":{"line":25,"column":15}},"loc":{"start":{"line":25,"column":20},"end":{"line":55,"column":5}},"line":25},"3":{"name":"(anonymous_3)","decl":{"start":{"line":26,"column":33},"end":{"line":26,"column":34}},"loc":{"start":{"line":26,"column":45},"end":{"line":53,"column":9}},"line":26},"4":{"name":"(anonymous_4)","decl":{"start":{"line":35,"column":60},"end":{"line":35,"column":61}},"loc":{"start":{"line":35,"column":73},"end":{"line":38,"column":17}},"line":35},"5":{"name":"(anonymous_5)","decl":{"start":{"line":71,"column":47},"end":{"line":71,"column":48}},"loc":{"start":{"line":72,"column":24},"end":{"line":82,"column":33}},"line":72},"6":{"name":"(anonymous_6)","decl":{"start":{"line":74,"column":37},"end":{"line":74,"column":38}},"loc":{"start":{"line":74,"column":43},"end":{"line":74,"column":55}},"line":74},"7":{"name":"(anonymous_7)","decl":{"start":{"line":91,"column":54},"end":{"line":91,"column":55}},"loc":{"start":{"line":92,"column":28},"end":{"line":92,"column":115}},"line":92},"8":{"name":"(anonymous_8)","decl":{"start":{"line":95,"column":36},"end":{"line":95,"column":37}},"loc":{"start":{"line":95,"column":50},"end":{"line":149,"column":25}},"line":95}},"branchMap":{"0":{"loc":{"start":{"line":23,"column":29},"end":{"line":23,"column":84}},"type":"binary-expr","locations":[{"start":{"line":23,"column":29},"end":{"line":23,"column":76}},{"start":{"line":23,"column":80},"end":{"line":23,"column":84}}],"line":23},"1":{"loc":{"start":{"line":29,"column":33},"end":{"line":31,"column":66}},"type":"cond-expr","locations":[{"start":{"line":30,"column":22},"end":{"line":30,"column":77}},{"start":{"line":31,"column":22},"end":{"line":31,"column":66}}],"line":29},"2":{"loc":{"start":{"line":35,"column":32},"end":{"line":35,"column":54}},"type":"binary-expr","locations":[{"start":{"line":35,"column":32},"end":{"line":35,"column":48}},{"start":{"line":35,"column":52},"end":{"line":35,"column":54}}],"line":35},"3":{"loc":{"start":{"line":37,"column":28},"end":{"line":37,"column":96}},"type":"cond-expr","locations":[{"start":{"line":37,"column":38},"end":{"line":37,"column":54}},{"start":{"line":37,"column":58},"end":{"line":37,"column":95}}],"line":37},"4":{"loc":{"start":{"line":46,"column":48},"end":{"line":46,"column":73}},"type":"binary-expr","locations":[{"start":{"line":46,"column":48},"end":{"line":46,"column":68}},{"start":{"line":46,"column":72},"end":{"line":46,"column":73}}],"line":46},"5":{"loc":{"start":{"line":76,"column":32},"end":{"line":78,"column":119}},"type":"cond-expr","locations":[{"start":{"line":77,"column":38},"end":{"line":77,"column":159}},{"start":{"line":78,"column":38},"end":{"line":78,"column":119}}],"line":76},"6":{"loc":{"start":{"line":81,"column":29},"end":{"line":81,"column":66}},"type":"cond-expr","locations":[{"start":{"line":81,"column":46},"end":{"line":81,"column":54}},{"start":{"line":81,"column":57},"end":{"line":81,"column":66}}],"line":81},"7":{"loc":{"start":{"line":90,"column":21},"end":{"line":150,"column":21}},"type":"cond-expr","locations":[{"start":{"line":91,"column":24},"end":{"line":93,"column":26}},{"start":{"line":95,"column":24},"end":{"line":149,"column":26}}],"line":90},"8":{"loc":{"start":{"line":96,"column":46},"end":{"line":96,"column":81}},"type":"binary-expr","locations":[{"start":{"line":96,"column":46},"end":{"line":96,"column":73}},{"start":{"line":96,"column":77},"end":{"line":96,"column":81}}],"line":96},"9":{"loc":{"start":{"line":105,"column":40},"end":{"line":107,"column":180}},"type":"cond-expr","locations":[{"start":{"line":106,"column":46},"end":{"line":106,"column":193}},{"start":{"line":107,"column":46},"end":{"line":107,"column":180}}],"line":105},"10":{"loc":{"start":{"line":112,"column":40},"end":{"line":114,"column":148}},"type":"cond-expr","locations":[{"start":{"line":113,"column":46},"end":{"line":113,"column":135}},{"start":{"line":114,"column":46},"end":{"line":114,"column":148}}],"line":112},"11":{"loc":{"start":{"line":116,"column":41},"end":{"line":116,"column":80}},"type":"cond-expr","locations":[{"start":{"line":116,"column":53},"end":{"line":116,"column":67}},{"start":{"line":116,"column":70},"end":{"line":116,"column":80}}],"line":116},"12":{"loc":{"start":{"line":121,"column":40},"end":{"line":123,"column":160}},"type":"cond-expr","locations":[{"start":{"line":122,"column":46},"end":{"line":122,"column":134}},{"start":{"line":123,"column":46},"end":{"line":123,"column":160}}],"line":121},"13":{"loc":{"start":{"line":125,"column":41},"end":{"line":125,"column":61}},"type":"binar
[...]
"column":28},"end":{"line":77,"column":72}},"line":77},"6":{"name":"(anonymous_6)","decl":{"start":{"line":79,"column":7},"end":{"line":79,"column":8}},"loc":{"start":{"line":79,"column":27},"end":{"line":79,"column":70}},"line":79},"7":{"name":"(anonymous_7)","decl":{"start":{"line":81,"column":10},"end":{"line":81,"column":11}},"loc":{"start":{"line":81,"column":24},"end":{"line":81,"column":64}},"line":81},"8":{"name":"(anonymous_8)","decl":{"start":{"line":88,"column":10},"end":{"line":88,"column":11}},"loc":{"start":{"line":89,"column":4},"end":{"line":89,"column":58}},"line":89}},"branchMap":{"0":{"loc":{"start":{"line":6,"column":21},"end":{"line":6,"column":76}},"type":"binary-expr","locations":[{"start":{"line":6,"column":21},"end":{"line":6,"column":49}},{"start":{"line":6,"column":53},"end":{"line":6,"column":76}}],"line":6},"1":{"loc":{"start":{"line":26,"column":34},"end":{"line":26,"column":46}},"type":"default-arg","locations":[{"start":{"line":26,"column":44},"end":{"line":26,"column":46}}],"line":26},"2":{"loc":{"start":{"line":32,"column":10},"end":{"line":32,"column":31}},"type":"binary-expr","locations":[{"start":{"line":32,"column":10},"end":{"line":32,"column":25}},{"start":{"line":32,"column":29},"end":{"line":32,"column":31}}],"line":32},"3":{"loc":{"start":{"line":37,"column":2},"end":{"line":39,"column":3}},"type":"if","locations":[{"start":{"line":37,"column":2},"end":{"line":39,"column":3}},{"start":{},"end":{}}],"line":37},"4":{"loc":{"start":{"line":42,"column":2},"end":{"line":47,"column":3}},"type":"if","locations":[{"start":{"line":42,"column":2},"end":{"line":47,"column":3}},{"start":{},"end":{}}],"line":42},"5":{"loc":{"start":{"line":42,"column":6},"end":{"line":42,"column":57}},"type":"binary-expr","locations":[{"start":{"line":42,"column":6},"end":{"line":42,"column":18}},{"start":{"line":42,"column":22},"end":{"line":42,"column":57}}],"line":42},"6":{"loc":{"start":{"line":44,"column":4},"end":{"line":46,"column":5}},"type":"if","locations":[{"start":{"line":44,"column":4},"end":{"line":46,"column":5}},{"start":{},"end":{}}],"line":44},"7":{"loc":{"start":{"line":53,"column":2},"end":{"line":58,"column":3}},"type":"if","locations":[{"start":{"line":53,"column":2},"end":{"line":58,"column":3}},{"start":{},"end":{}}],"line":53},"8":{"loc":{"start":{"line":53,"column":6},"end":{"line":53,"column":63}},"type":"binary-expr","locations":[{"start":{"line":53,"column":6},"end":{"line":53,"column":18}},{"start":{"line":53,"column":22},"end":{"line":53,"column":63}}],"line":53},"9":{"loc":{"start":{"line":54,"column":4},"end":{"line":56,"column":5}},"type":"if","locations":[{"start":{"line":54,"column":4},"end":{"line":56,"column":5}},{"start":{},"end":{}}],"line":54},"10":{"loc":{"start":{"line":62,"column":2},"end":{"line":67,"column":3}},"type":"if","locations":[{"start":{"line":62,"column":2},"end":{"line":67,"column":3}},{"start":{},"end":{}}],"line":62},"11":{"loc":{"start":{"line":63,"column":28},"end":{"line":63,"column":66}},"type":"binary-expr","locations":[{"start":{"line":63,"column":28},"end":{"line":63,"column":40}},{"start":{"line":63,"column":44},"end":{"line":63,"column":66}}],"line":63}},"s":{"0":3,"1":3,"2":34,"3":3,"4":3,"5":3,"6":3,"7":3,"8":31,"9":31,"10":31,"11":4,"12":31,"13":6,"14":6,"15":6,"16":31,"17":31,"18":31,"19":0,"20":0,"21":0,"22":31,"23":31,"24":12,"25":12,"26":12,"27":12,"28":19,"29":3,"30":21,"31":3,"32":5,"33":2,"34":0},"f":{"0":34,"1":3,"2":3,"3":31,"4":21,"5":3,"6":5,"7":2,"8":0},"b":{"0":[3,3],"1":[0],"2":[31,31],"3":[4,27],"4":[6,25],"5":[31,6],"6":[6,0],"7":[0,31],"8":[31,31],"9":[0,0],"10":[12,19],"11":[12,0]},"_coverageSchema":"1a1c01bbd47fc00a2c39e90264f33305004495a9","hash":"fb8407479cfbb1306ea68511f242db6e8d6fba85"}
,"/Users/shimimanashirov/Documents/המכללה למנהל מטלות/פרויקט סופי/study-labs/frontend/src/utils/badges.js": {"path":"/Users/shimimanashirov/Documents/המכללה למנהל מטלות/פרויקט סופי/study-labs/frontend/src/utils/badges.js","statementMap":{"0":{"start":{"line":6,"column":22},"end":{"line":38,"column":1}},"1":{"start":{"line":40,"column":29},"end":{"line":45,"column":1}},"2":{"start":{"line":51,"column":27},"end":{"line":61,"column":1}},"3":{"start":{"line":52,"column":24},"end":{"line":52,"column":26}},"4":{"start":{"line":53,"column":4},"end":{"line":59,"column":5}},"5":{"start":{"line":54,"column":8},"end":{"line":54,"column":57}},"6":{"start":{"line":54,"column":48},"end":{"line":54,"column":57}},"7":{"start":{"line":55,"column":22},"end":{"line":55,"column":49}},"8":{"start":{"line":56,"column":8},"end":{"line":58,"column":9}},"9":{"start":{"line":57,"column":12},"end":{"line":57,"column":39}},"10":{"start":{"line":60,"column":4},"end":{"line":60,"column":23}}},"fnMap":{"0":{"name":"(anonymous_0)","decl":{"start":{"line":51,"column":27},"end":{"line":51,"column":28}},"loc":{"start":{"line":51,"column":65},"end":{"line":61,"column":1}},"line":51}},"branchMap":{"0":{"loc":{"start":{"line":51,"column":28},"end":{"line":51,"column":38}},"type":"default-arg","locations":[{"start":{"line":51,"column":36},"end":{"line":51,"column":38}}],"line":51},"1":{"loc":{"start":{"line":51,"column":40},"end":{"line":51,"column":60}},"type":"default-arg","locations":[{"start":{"line":51,"column":58},"end":{"line":51,"column":60}}],"line":51},"2":{"loc":{"start":{"line":54,"column":8},"end":{"line":54,"column":57}},"type":"if","locations":[{"start":{"line":54,"column":8},"end":{"line":54,"column":57}},{"start":{},"end":{}}],"line":54},"3":{"loc":{"start":{"line":55,"column":22},"end":{"line":55,"column":49}},"type":"binary-expr","locations":[{"start":{"line":55,"column":22},"end":{"line":55,"column":44}},{"start":{"line":55,"column":48},"end":{"line":55,"column":49}}],"line":55},"4":{"loc":{"start":{"line":56,"column":8},"end":{"line":58,"column":9}},"type":"if","locations":[{"start":{"line":56,"column":8},"end":{"line":58,"column":9}},{"start":{},"end":{}}],"line":56}},"s":{"0":1,"1":1,"2":1,"3":13,"4":13,"5":260,"6":4,"7":256,"8":256,"9":7,"10":13},"f":{"0":13},"b":{"0":[0],"1":[0],"2":[4,256],"3":[256,0],"4":[7,249]},"_coverageSchema":"1a1c01bbd47fc00a2c39e90264f33305004495a9","hash":"392e42a982054f4a1918623188d3e45a2573e484"}
,"/Users/shimimanashirov/Documents/המכללה למנהל מטלות/פרויקט סופי/study-labs/frontend/src/utils/rtl.js": {"path":"/Users/shimimanashirov/Documents/המכללה למנהל מטלות/פרויקט סופי/study-labs/frontend/src/utils/rtl.js","statementMap":{"0":{"start":{"line":4,"column":21},"end":{"line":8,"column":1}},"1":{"start":{"line":5,"column":4},"end":{"line":5,"column":28}},"2":{"start":{"line":5,"column":15},"end":{"line":5,"column":28}},"3":{"start":{"line":6,"column":20},"end":{"line":6,"column":63}},"4":{"start":{"line":7,"column":4},"end":{"line":7,"column":38}},"5":{"start":{"line":13,"column":28},"end":{"line":15,"column":1}},"6":{"start":{"line":14,"column":4},"end":{"line":14,"column":39}}},"fnMap":{"0":{"name":"(anonymous_0)","decl":{"start":{"line":4,"column":21},"end":{"line":4,"column":22}},"loc":{"start":{"line":4,"column":31},"end":{"line":8,"column":1}},"line":4},"1":{"name":"(anonymous_1)","decl":{"start":{"line":13,"column":28},"end":{"line":13,"column":29}},"loc":{"start":{"line":13,"column":38},"end":{"line":15,"column":1}},"line":13}},"branchMap":{"0":{"loc":{"start":{"line":5,"column":4},"end":{"line":5,"column":28}},"type":"if","locations":[{"start":{"line":5,"column":4},"end":{"line":5,"column":28}},{"start":{},"end":{}}],"line":5},"1":{"loc":{"start":{"line":14,"column":11},"end":{"line":14,"column":38}},"type":"cond-expr","locations":[{"start":{"line":14,"column":25},"end":{"line":14,"column":30}},{"start":{"line":14,"column":33},"end":{"line":14,"column":38}}],"line":14}},"s":{"0":0,"1":0,"2":0,"3":0,"4":0,"5":0,"6":0},"f":{"0":0,"1":0},"b":{"0":[0,0],"1":[0,0]}}
,"/Users/shimimanashirov/Documents/המכללה למנהל מטלות/פרויקט סופי/study-labs/frontend/src/utils/soundManager.js": {"path":"/Users/shimimanashirov/Documents/המכללה למנהל מטלות/פרויקט סופי/study-labs/frontend/src/utils/soundManager.js","statementMap":{"0":{"start":{"line":8,"column":10},"end":{"line":8,"column":14}},"1":{"start":{"line":10,"column":15},"end":{"line":13,"column":1}},"2":{"start":{"line":11,"column":4},"end":{"line":11,"column":77}},"3":{"start":{"line":11,"column":14},"end":{"line":11,"column":77}},"4":{"start":{"line":12,"column":4},"end":{"line":12,"column":15}},"5":{"start":{"line":15,"column":23},"end":{"line":24,"column":1}},"6":{"start":{"line":16,"column":4},"end":{"line":23,"column":5}},"7":{"start":{"line":17,"column":20},"end":{"line":17,"column":62}},"8":{"start":{"line":18,"column":8},"end":{"line":18,"column":30}},"9":{"start":{"line":18,"column":18},"end":{"line":18,"column":30}},"10":{"start":{"line":19,"column":23},"end":{"line":19,"column":38}},"11":{"start":{"line":20,"column":8},"end":{"line":20,"column":53}},"12":{"start":{"line":22,"column":8},"end":{"line":22,"column":20}},"13":{"start":{"line":34,"column":17},"end":{"line":55,"column":1}},"14":{"start":{"line":35,"column":4},"end":{"line":54,"column":5}},"15":{"start":{"line":36,"column":19},"end":{"line":36,"column":27}},"16":{"start":{"line":37,"column":20},"end":{"line":37,"column":41}},"17":{"start":{"line":38,"column":21},"end":{"line":38,"column":36}},"18":{"start":{"line":40,"column":8},"end":{"line":40,"column":26}},"19":{"start":{"line":41,"column":8},"end":{"line":41,"column":37}},"20":{"start":{"line":43,"column":8},"end":{"line":43,"column":24}},"21":{"start":{"line":44,"column":8},"end":{"line":44,"column":77}},"22":{"start":{"line":46,"column":8},"end":{"line":46,"column":65}},"23":{"start":{"line":47,"column":8},"end":{"line":47,"column":86}},"24":{"start":{"line":48,"column":8},"end":{"line":48,"column":94}},"25":{"start":{"line":50,"column":8},"end":{"line":50,"column":47}},"26":{"start":{"line":51,"column":8},"end":{"line":51,"column":57}},"27":{"start":{"line":57,"column":15},"end":{"line":128,"column":1}},"28":{"start":{"line":60,"column":8},"end":{"line":60,"column":38}},"29":{"start":{"line":60,"column":31},"end":{"line":60,"column":38}},"30":{"start":{"line":61,"column":8},"end":{"line":61,"column":42}},"31":{"start":{"line":62,"column":8},"end":{"line":62,"column":46}},"32":{"start":{"line":63,"column":8},"end":{"line":63,"column":48}},"33":{"start":{"line":68,"column":8},"end":{"line":68,"column":38}},"34":{"start":{"line":68,"column":31},"end":{"line":68,"column":38}},"35":{"start":{"line":69,"column":8},"end":{"line":69,"column":43}},"36":{"start":{"line":70,"column":8},"end":{"line":70,"column":50}},"37":{"start":{"line":75,"column":8},"end":{"line":75,"column":38}},"38":{"start":{"line":75,"column":31},"end":{"line":75,"column":38}},"39":{"start":{"line":76,"column":22},"end":{"line":76,"column":48}},"40":{"start":{"line":77,"column":8},"end":{"line":77,"column":80}},"41":{"start":{"line":77,"column":35},"end":{"line":77,"column":78}},"42":{"start":{"line":82,"column":8},"end":{"line":82,"column":38}},"43":{"start":{"line":82,"column":31},"end":{"line":82,"column":38}},"44":{"start":{"line":83,"column":22},"end":{"line":83,"column":50}},"45":{"start":{"line":84,"column":8},"end":{"line":84,"column":85}},"46":{"start":{"line":84,"column":35},"end":{"line":84,"column":83}},"47":{"start":{"line":89,"column":8},"end":{"line":89,"column":38}},"48":{"start":{"line":89,"column":31},"end":{"line":89,"column":38}},"49":{"start":{"line":90,"column":8},"end":{"line":90,"column":40}},"50":{"start":{"line":91,"column":8},"end":{"line":91,"column":47}},"51":{"start":{"line":92,"column":8},"end":{"line":92,"column":45}},"52":{"start":{"line":97,"column":8},"end":{"line":97,"column":38}},"53":{"start":{"line":97,"column":31},"end":{"line":97,"column":38}},"54":{"start":{"line":98,"column":22},"end":{"line":98,"column":49}},"55":{"start":{"line":99,"column":8},"end":{"line":99,"column":79}},"56":{"start":{"line":99,"column":35},"end":{"line":99,"column":77}},"57":{"start":{"line":104,"column":8},"end":{"line":104,"column":38}},"58":{"start":{"line":104,"column":31},"end":{"line":104,"column":38}},"59":{"start":{"line":105,"column":8},"end":{"line":105,"column":41}},"60":{"start":{"line":110,"column":8},"end":{"line":110,"column":38}},"61":{"start":{"line":110,"column":31},"end":{"line":110,"column":38}},"62":{"start":{"line":111,"column":8},"end":{"line":111,"column":44}},"63":{"start":{"line":112,"column":8},"end":{"line":112,"column":49}},"64":{"start":{"line":113,"column":8},"end":{"line":113,"column":50}},"65":{"start":{"line":118,"column":8},"end":{"line":118,"column":38}},"66":{"start":{"line":118,"column":31},"end":{"line":118,"column":38}},"67":{"start":{"line":119,"column":8},"end":{"line":119,"column":44}},"68":{"start":{"line":124,"column":8},"end":{"line":124,"column":38}},"69":{"start":{"line":124,"column":31},"end":{"line":124,"column":38}},"70":{"start":{"line":125,"column":8},"end":{"line":125,"column":43}},"71":{"start":{"line":126,"column":8},"end":{"line":126,"column":49}}},"fnMap":{"0":{"name":"(anonymous_0)","decl":{"start":{"line":10,"column":15},"end":{"line":10,"column":16}},"loc":{"start":{"line":10,"column":21},"end":{"line":13,"column":1}},"line":10},"1":{"name":"(anonymous_1)","decl":{"start":{"line":15,"column":23},"end":{"line":15,"column":24}},"loc":{"start":{"line":15,"column":29},"end":{"line":24,"column":1}},"line":15},"2":{"name":"(anonymous_2)","decl":{"start":{"line":34,"column":17},"end":{"line":34,"column":18}},"loc":{"start":{"line":34,"column":87},"end":{"line":55,"column":1}},"line":34},"3":{"name":"(anonymous_3)","decl":{"start":{"line":59,"column":13},"end":{"line":59,"column":14}},"loc":{"start":{"line":59,"column":19},"end":{"line":64,"column":5}},"line":59},"4":{"name":"(anonymous_4)","decl":{"start":{"line":67,"column":11},"end":{"line":67,"column":12}},"loc":{"start":{"line":67,"column":17},"end":{"line":71,"column":5}},"line":67},"5":{"name":"(anonymous_5)","decl":{"start":{"line":74,"column":13},"end":{"line":74,"column":14}},"loc":{"start":{"line":74,"column":19},"end":{"line":78,"column":5}},"line":74},"6":{"name":"(anonymous_6)","decl":{"start":{"line":77,"column":22},"end":{"line":77,"column":23}},"loc":{"start":{"line":77,"column":35},"end":{"line":77,"column":78}},"line":77},"7":{"name":"(anonymous_7)","decl":{"start":{"line":81,"column":11},"end":{"line":81,"column":12}},"loc":{"start":{"line":81,"column":17},"end":{"line":85,"column":5}},"line":81},"8":{"name":"(anonymous_8)","decl":{"start":{"line":84,"column":22},"end":{"line":84,"column":23}},"loc":{"start":{"line":84,"column":35},"end":{"line":84,"column":83}},"line":84},"9":{"name":"(anonymous_9)","decl":{"start":{"line":88,"column":18},"end":{"line":88,"column":19}},"loc":{"start":{"line":88,"column":24},"end":{"line":93,"column":5}},"line":88},"10":{"name":"(anonymous_10)","decl":{"start":{"line":96,"column":18},"end":{"line":96,"column":19}},"loc":{"start":{"line":96,"column":24},"end":{"line":100,"column":5}},"line":96},"11":{"name":"(anonymous_11)","decl":{"start":{"line":99,"column":22},"end":{"line":99,"column":23}},"loc":{"start":{"line":99,"column":35},"end":{"line":99,"column":77}},"line":99},"12":{"name":"(anonymous_12)","decl":{"start":{"line":103,"column":11},"end":{"line":103,"column":12}},"loc":{"start":{"line":103,"column":17},"end":{"line":106,"column":5}},"line":103},"13":{"name":"(anonymous_13)","decl":{"start":{"line":109,"column":12},"end":{"line":109,"column":13}},"loc":{"start":{"line":109,"column":18},"end":{"line":114,"column":5}},"line":109},"14":{"name":"(anonymous_14)","decl":{"start":{"line":117,"column":13},"end":{"line":117,"column":14}},"loc":{"start":{"line":117,"column":19},"end":{"line":120,"column":5}},"line":117},"15":{"name":"(anonymous_15)","decl":{"start":{"line":123,"column":12},"end":{"line":123,"column":13}},"loc":{"start":{"line":123,"column":18},"end":{"line":127,"column":5}},"line":123}},"branchMap":{"0":{"loc":{"start":{"line":11,"column":4},"end":{"line":11,"column":77}},"type":"if","locations":[{"start":{"line":11,"column":4},"end":{"line":11,"column":77}},{"start":{},"end":{}}],"line":11},"1":{"loc":{"start":{"line":11,"column":25},"end":{"line":11,"column":73}},"type":"binary-expr","locations":[{"start":{"line":11,"column":25},"end":{"line":11,"column":44}},{"start":{"line":11,"column":48},"end":{"line":11,"column":73}}],"line":11},"2":{"loc":{"start":{"line":18,"column":8},"end":{"line":18,"column":30}},"type":"if","locations":[{"start":{"line":18,"column":8},"end":{"line":18,"column":30}},{"start":{},"end":{}}],"line":18},"3":{"loc":{"start":{"line":34,"column":39},"end":{"line":34,"column":52}},"type":"default-arg","locations":[{"start":{"line":34,"column":46},"end":{"line":34,"column":52}}],"line":34},"4":{"loc":{"start":{"line":34,"column":54},"end":{"line":34,"column":66}},"type":"default-arg","locations":[{"start":{"line":34,"column":63},"end":{"line":34,"column":66}}],"line":34},"5":{"loc":{"start":{"line":34,"column":68},"end":{"line":34,"column":82}},"type":"default-arg","locations":[{"start":{"line":34,"column":81},"end":{"line":34,"column":82}}],"line":34},"6":{"loc":{"start":{"line":60,"column":8},"end":{"line":60,"column":38}},"type":"if","locations":[{"start":{"line":60,"column":8},"end":{"line":60,"column":38}},{"start":{},"end":{}}],"line":60},"7":{"loc":{"start":{"line":68,"column":8},"end":{"line":68,"column":38}},"type":"if","locations":[{"start":{"line":68,"column":8},"end":{"line":68,"column":38}},{"start":{},"end":{}}],"line":68},"8":{"loc":{"start":{"line":75,"column":8},"end":{"line":75,"column":38}},"type":"if","locations":[{"start":{"line":75,"column":8},"end":{"line":75,"column":38}},{"start":{},"end":{}}],"line":75},"9":{"loc":{"start":{"line":82,"column":8},"end":{"line":82,"column":38}},"type":"if","locations":[{"start":{"line":82,"column":8},"end":{"line":82,"column":38}},{"start":{},"end":{}}],"line":82},"10":{"loc":{"start":{"line":89,"column":8},"end":{"line":89,"column":38}},"type":"if","locations":[{"start":{"line":89,"column":8},"end":{"line":89,"column":38}},{"start":{},"end":{}}],"line":89},"11":{"loc":{"start":{"line":97,"column":8},"end":{"line":97,"column":38}},"type":"if","locations":[{"start":{"line":97,"column":8},"end":{"line":97,"column":38}},{"start":{},"end":{}}],"line":97},"12":{"loc":{"start":{"line":104,"column":8},"end":{"line":104,"column":38}},"type":"if","locations":[{"start":{"line":104,"column":8},"end":{"line":104,"column":38}},{"start":{},"end":{}}],"line":104},"13":{"loc":{"start":{"line":110,"column":8},"end":{"line":110,"column":38}},"type":"if","locations":[{"start":{"line":110,"column":8},"end":{"line":110,"column":38}},{"start":{},"end":{}}],"line":110},"14":{"loc":{"start":{"line":118,"column":8},"end":{"line":118,"column":38}},"type":"if","locations":[{"start":{"line":118,"column":8},"end":{"line":118,"column":38}},{"start":{},"end":{}}],"line":118},"15":{"loc":{"start":{"line":124,"column":8},"end":{"line":124,"column":38}},"type":"if","locations":[{"start":{"line":124,"column":8},"end":{"line":124,"column":38}},{"start":{},"end":{}}],"line":124}},"s":{"0":1,"1":1,"2":0,"3":0,"4":0,"5":1,"6":0,"7":0,"8":0,"9":0,"10":0,"11":0,"12":0,"13":1,"14":0,"15":0,"16":0,"17":0,"18":0,"19":0,"20":0,"21":0,"22":0,"23":0,"24":0,"25":0,"26":0,"27":1,"28":0,"29":0,"30":0,"31":0,"32":0,"33":0,"34":0,"35":0,"36":0,"37":0,"38":0,"39":0,"40":0,"41":0,"42":0,"43":0,"44":0,"45":0,"46":0,"47":0,"48":0,"49":0,"50":0,"51":0,"52":0,"53":0,"54":0,"55":0,"56":0,"57":0,"58":0,"59":0,"60":0,"61":0,"62":0,"63":0,"64":0,"65":0,"66":0,"67":0,"68":0,"69":0,"70":0,"71":0},"f":{"0":0,"1":0,"2":0,"3":0,"4":0,"5":0,"6":0,"7":0,"8":0,"9":0,"10":0,"11":0,"12":0,"13":0,"14":0,"15":0},"b":{"0":[0,0],"1":[0,0],"2":[0,0],"3":[0],"4":[0],"5":[0],"6":[0,0],"7":[0,0],"8":[0,0],"9":[0,0],"10":[0,0],"11":[0,0],"12":[0,0],"13":[0,0],"14":[0,0],"15":[0,0]},"_coverageSchema":"1a1c01bbd47fc00a2c39e90264f33305004495a9","hash":"bda0040c4492fe504bcfe55253fa81847c471dd2"}
}
