{"/Users/shimimanashirov/Documents/המכללה למנהל מטלות/פרויקט סופי/study-labs/backend/server.js": {"path":"/Users/shimimanashirov/Documents/המכללה למנהל מטלות/פרויקט סופי/study-labs/backend/server.js","statementMap":{"0":{"start":{"line":26,"column":19},"end":{"line":26,"column":49}},"1":{"start":{"line":27,"column":18},"end":{"line":27,"column":42}},"2":{"start":{"line":29,"column":12},"end":{"line":29,"column":21}},"3":{"start":{"line":30,"column":13},"end":{"line":30,"column":37}},"4":{"start":{"line":33,"column":0},"end":{"line":35,"column":4}},"5":{"start":{"line":37,"column":0},"end":{"line":42,"column":4}},"6":{"start":{"line":44,"column":0},"end":{"line":44,"column":76}},"7":{"start":{"line":45,"column":0},"end":{"line":45,"column":41}},"8":{"start":{"line":46,"column":0},"end":{"line":46,"column":48}},"9":{"start":{"line":47,"column":0},"end":{"line":47,"column":24}},"10":{"start":{"line":50,"column":0},"end":{"line":50,"column":31}},"11":{"start":{"line":51,"column":0},"end":{"line":51,"column":20}},"12":{"start":{"line":54,"column":0},"end":{"line":54,"column":69}},"13":{"start":{"line":57,"column":0},"end":{"line":60,"column":4}},"14":{"start":{"line":63,"column":0},"end":{"line":69,"column":3}},"15":{"start":{"line":64,"column":2},"end":{"line":68,"column":5}},"16":{"start":{"line":72,"column":0},"end":{"line":72,"column":33}},"17":{"start":{"line":73,"column":0},"end":{"line":73,"column":38}},"18":{"start":{"line":74,"column":0},"end":{"line":74,"column":46}},"19":{"start":{"line":75,"column":0},"end":{"line":75,"column":41}},"20":{"start":{"line":76,"column":0},"end":{"line":76,"column":36}},"21":{"start":{"line":77,"column":0},"end":{"line":77,"column":29}},"22":{"start":{"line":80,"column":0},"end":{"line":85,"column":3}},"23":{"start":{"line":81,"column":2},"end":{"line":84,"column":5}},"24":{"start":{"line":88,"column":0},"end":{"line":88,"column":22}},"25":{"start":{"line":91,"column":20},"end":{"line":100,"column":1}},"26":{"start":{"line":92,"column":2},"end":{"line":92,"column":20}},"27":{"start":{"line":94,"column":2},"end":{"line":99,"column":5}},"28":{"start":{"line":95,"column":4},"end":{"line":95,"column":74}},"29":{"start":{"line":96,"column":4},"end":{"line":96,"column":66}},"30":{"start":{"line":97,"column":4},"end":{"line":97,"column":66}},"31":{"start":{"line":98,"column":4},"end":{"line":98,"column":78}},"32":{"start":{"line":102,"column":0},"end":{"line":104,"column":1}},"33":{"start":{"line":103,"column":2},"end":{"line":103,"column":37}}},"fnMap":{"0":{"name":"(anonymous_0)","decl":{"start":{"line":63,"column":23},"end":{"line":63,"column":24}},"loc":{"start":{"line":63,"column":37},"end":{"line":69,"column":1}},"line":63},"1":{"name":"(anonymous_1)","decl":{"start":{"line":80,"column":8},"end":{"line":80,"column":9}},"loc":{"start":{"line":80,"column":22},"end":{"line":85,"column":1}},"line":80},"2":{"name":"(anonymous_2)","decl":{"start":{"line":91,"column":20},"end":{"line":91,"column":21}},"loc":{"start":{"line":91,"column":32},"end":{"line":100,"column":1}},"line":91},"3":{"name":"(anonymous_3)","decl":{"start":{"line":94,"column":19},"end":{"line":94,"column":20}},"loc":{"start":{"line":94,"column":25},"end":{"line":99,"column":3}},"line":94}},"branchMap":{"0":{"loc":{"start":{"line":30,"column":13},"end":{"line":30,"column":37}},"type":"binary-expr","locations":[{"start":{"line":30,"column":13},"end":{"line":30,"column":29}},{"start":{"line":30,"column":33},"end":{"line":30,"column":37}}],"line":30},"1":{"loc":{"start":{"line":38,"column":10},"end":{"line":38,"column":59}},"type":"binary-expr","locations":[{"start":{"line":38,"column":10},"end":{"line":38,"column":32}},{"start":{"line":38,"column":36},"end":{"line":38,"column":59}}],"line":38},"2":{"loc":{"start":{"line":44,"column":15},"end":{"line":44,"column":73}},"type":"cond-expr","locations":[{"start":{"line":44,"column":55},"end":{"line":44,"column":65}},{"start":{"line":44,"column":68},"end":{"line":44,"column":73}}],"line":44},"3":{"loc":{"start":{"line":98,"column":35},"end":{"line":98,"column":72}},"type":"binary-expr","locations":[{"start":{"line":98,"column":35},"end":{"line":98,"column":55}},{"start":{"line":98,"column":59},"end":{"line":98,"column":72}}],"line":98},"4":{"loc":{"start":{"line":102,"column":0},"end":{"line":104,"column":1}},"type":"if","locations":[{"start":{"line":102,"column":0},"end":{"line":104,"column":1}},{"start":{},"end":{}}],"line":102}},"s":{"0":4,"1":4,"2":4,"3":4,"4":4,"5":4,"6":4,"7":4,"8":4,"9":4,"10":4,"11":4,"12":4,"13":4,"14":4,"15":1,"16":4,"17":4,"18":4,"19":4,"20":4,"21":4,"22":4,"23":1,"24":4,"25":4,"26":0,"27":0,"28":0,"29":0,"30":0,"31":0,"32":4,"33":0},"f":{"0":1,"1":1,"2":0,"3":0},"b":{"0":[4,0],"1":[4,0],"2":[0,4],"3":[0,0],"4":[0,4]},"_coverageSchema":"1a1c01bbd47fc00a2c39e90264f33305004495a9","hash":"105adb03db58c96da9c9770ca2b3d1662f8e53eb"}
,"/Users/shimimanashirov/Documents/המכללה למנהל מטלות/פרויקט סופי/study-labs/backend/config/db.js": {"path":"/Users/shimimanashirov/Documents/המכללה למנהל מטלות/פרויקט סופי/study-labs/backend/config/db.js","statementMap":{"0":{"start":{"line":3,"column":18},"end":{"line":11,"column":1}},"1":{"start":{"line":4,"column":2},"end":{"line":10,"column":3}},"2":{"start":{"line":5,"column":17},"end":{"line":5,"column":64}},"3":{"start":{"line":6,"column":4},"end":{"line":6,"column":64}},"4":{"start":{"line":8,"column":4},"end":{"line":8,"column":66}},"5":{"start":{"line":9,"column":4},"end":{"line":9,"column":20}}},"fnMap":{"0":{"name":"(anonymous_0)","decl":{"start":{"line":3,"column":18},"end":{"line":3,"column":19}},"loc":{"start":{"line":3,"column":30},"end":{"line":11,"column":1}},"line":3}},"branchMap":{},"s":{"0":4,"1":0,"2":0,"3":0,"4":0,"5":0},"f":{"0":0},"b":{},"_coverageSchema":"1a1c01bbd47fc00a2c39e90264f33305004495a9","hash":"d13fbbd579e6d36bee8138ccbc377f333a50d076"}
,"/Users/shimimanashirov/Documents/המכללה למנהל מטלות/פרויקט סופי/study-labs/backend/config/passport.js": {"path":"/Users/shimimanashirov/Documents/המכללה למנהל מטלות/פרויקט סופי/study-labs/backend/config/passport.js","statementMap":{"0":{"start":{"line":14,"column":26},"end":{"line":81,"column":1}},"1":{"start":{"line":16,"column":2},"end":{"line":63,"column":3}},"2":{"start":{"line":17,"column":4},"end":{"line":62,"column":6}},"3":{"start":{"line":26,"column":10},"end":{"line":59,"column":11}},"4":{"start":{"line":28,"column":23},"end":{"line":31,"column":14}},"5":{"start":{"line":33,"column":12},"end":{"line":54,"column":13}},"6":{"start":{"line":35,"column":14},"end":{"line":35,"column":79}},"7":{"start":{"line":37,"column":14},"end":{"line":53,"column":15}},"8":{"start":{"line":39,"column":16},"end":{"line":39,"column":41}},"9":{"start":{"line":40,"column":16},"end":{"line":40,"column":45}},"10":{"start":{"line":41,"column":16},"end":{"line":41,"column":72}},"11":{"start":{"line":42,"column":16},"end":{"line":42,"column":34}},"12":{"start":{"line":45,"column":16},"end":{"line":52,"column":19}},"13":{"start":{"line":56,"column":12},"end":{"line":56,"column":36}},"14":{"start":{"line":58,"column":12},"end":{"line":58,"column":37}},"15":{"start":{"line":72,"column":2},"end":{"line":72,"column":62}},"16":{"start":{"line":72,"column":41},"end":{"line":72,"column":60}},"17":{"start":{"line":73,"column":2},"end":{"line":80,"column":5}},"18":{"start":{"line":74,"column":4},"end":{"line":79,"column":5}},"19":{"start":{"line":75,"column":19},"end":{"line":75,"column":42}},"20":{"start":{"line":76,"column":6},"end":{"line":76,"column":23}},"21":{"start":{"line":78,"column":6},"end":{"line":78,"column":24}}},"fnMap":{"0":{"name":"(anonymous_0)","decl":{"start":{"line":14,"column":26},"end":{"line":14,"column":27}},"loc":{"start":{"line":14,"column":32},"end":{"line":81,"column":1}},"line":14},"1":{"name":"(anonymous_1)","decl":{"start":{"line":25,"column":8},"end":{"line":25,"column":9}},"loc":{"start":{"line":25,"column":60},"end":{"line":60,"column":9}},"line":25},"2":{"name":"(anonymous_2)","decl":{"start":{"line":72,"column":25},"end":{"line":72,"column":26}},"loc":{"start":{"line":72,"column":41},"end":{"line":72,"column":60}},"line":72},"3":{"name":"(anonymous_3)","decl":{"start":{"line":73,"column":27},"end":{"line":73,"column":28}},"loc":{"start":{"line":73,"column":47},"end":{"line":80,"column":3}},"line":73}},"branchMap":{"0":{"loc":{"start":{"line":16,"column":2},"end":{"line":63,"column":3}},"type":"if","locations":[{"start":{"line":16,"column":2},"end":{"line":63,"column":3}},{"start":{},"end":{}}],"line":16},"1":{"loc":{"start":{"line":16,"column":6},"end":{"line":16,"column":70}},"type":"binary-expr","locations":[{"start":{"line":16,"column":6},"end":{"line":16,"column":34}},{"start":{"line":16,"column":38},"end":{"line":16,"column":70}}],"line":16},"2":{"loc":{"start":{"line":33,"column":12},"end":{"line":54,"column":13}},"type":"if","locations":[{"start":{"line":33,"column":12},"end":{"line":54,"column":13}},{"start":{},"end":{}}],"line":33},"3":{"loc":{"start":{"line":37,"column":14},"end":{"line":53,"column":15}},"type":"if","locations":[{"start":{"line":37,"column":14},"end":{"line":53,"column":15}},{"start":{"line":43,"column":21},"end":{"line":53,"column":15}}],"line":37},"4":{"loc":{"start":{"line":41,"column":30},"end":{"line":41,"column":71}},"type":"binary-expr","locations":[{"start":{"line":41,"column":30},"end":{"line":41,"column":41}},{"start":{"line":41,"column":45},"end":{"line":41,"column":71}}],"line":41}},"s":{"0":4,"1":4,"2":0,"3":0,"4":0,"5":0,"6":0,"7":0,"8":0,"9":0,"10":0,"11":0,"12":0,"13":0,"14":0,"15":4,"16":0,"17":4,"18":0,"19":0,"20":0,"21":0},"f":{"0":4,"1":0,"2":0,"3":0},"b":{"0":[0,4],"1":[4,0],"2":[0,0],"3":[0,0],"4":[0,0]},"_coverageSchema":"1a1c01bbd47fc00a2c39e90264f33305004495a9","hash":"e0045daec66b1dd37784ca78a3cda0a217030c8d"}
,"/Users/shimimanashirov/Documents/המכללה למנהל מטלות/פרויקט סופי/study-labs/backend/config/swagger.js": {"path":"/Users/shimimanashirov/Documents/המכללה למנהל מטלות/פרויקט סופי/study-labs/backend/config/swagger.js","statementMap":{"0":{"start":{"line":3,"column":16},"end":{"line":121,"column":1}},"1":{"start":{"line":123,"column":20},"end":{"line":123,"column":41}}},"fnMap":{},"branchMap":{"0":{"loc":{"start":{"line":16,"column":33},"end":{"line":16,"column":57}},"type":"binary-expr","locations":[{"start":{"line":16,"column":33},"end":{"line":16,"column":49}},{"start":{"line":16,"column":53},"end":{"line":16,"column":57}}],"line":16}},"s":{"0":4,"1":4},"f":{},"b":{"0":[4,0]},"_coverageSchema":"1a1c01bbd47fc00a2c39e90264f33305004495a9","hash":"21349aff44314913340de90a6cee0d488d4e42c6"}
,"/Users/shimimanashirov/Documents/המכללה למנהל מטלות/פרויקט סופי/study-labs/backend/controllers/aiController.js": {"path":"/Users/shimimanashirov/Documents/המכללה למנהל מטלות/פרויקט סופי/study-labs/backend/controllers/aiController.js","statementMap":{"0":{"start":{"line":8,"column":37},"end":{"line":29,"column":1}},"1":{"start":{"line":9,"column":2},"end":{"line":28,"column":3}},"2":{"start":{"line":10,"column":66},"end":{"line":10,"column":74}},"3":{"start":{"line":12,"column":4},"end":{"line":12,"column":67}},"4":{"start":{"line":12,"column":16},"end":{"line":12,"column":67}},"5":{"start":{"line":14,"column":19},"end":{"line":20,"column":6}},"6":{"start":{"line":22,"column":4},"end":{"line":25,"column":7}},"7":{"start":{"line":27,"column":4},"end":{"line":27,"column":16}},"8":{"start":{"line":35,"column":34},"end":{"line":52,"column":1}},"9":{"start":{"line":36,"column":2},"end":{"line":51,"column":3}},"10":{"start":{"line":37,"column":50},"end":{"line":37,"column":58}},"11":{"start":{"line":39,"column":4},"end":{"line":41,"column":5}},"12":{"start":{"line":40,"column":6},"end":{"line":40,"column":65}},"13":{"start":{"line":43,"column":19},"end":{"line":43,"column":78}},"14":{"start":{"line":45,"column":4},"end":{"line":48,"column":7}},"15":{"start":{"line":50,"column":4},"end":{"line":50,"column":16}}},"fnMap":{"0":{"name":"(anonymous_0)","decl":{"start":{"line":8,"column":37},"end":{"line":8,"column":38}},"loc":{"start":{"line":8,"column":63},"end":{"line":29,"column":1}},"line":8},"1":{"name":"(anonymous_1)","decl":{"start":{"line":35,"column":34},"end":{"line":35,"column":35}},"loc":{"start":{"line":35,"column":60},"end":{"line":52,"column":1}},"line":35}},"branchMap":{"0":{"loc":{"start":{"line":12,"column":4},"end":{"line":12,"column":67}},"type":"if","locations":[{"start":{"line":12,"column":4},"end":{"line":12,"column":67}},{"start":{},"end":{}}],"line":12},"1":{"loc":{"start":{"line":39,"column":4},"end":{"line":41,"column":5}},"type":"if","locations":[{"start":{"line":39,"column":4},"end":{"line":41,"column":5}},{"start":{},"end":{}}],"line":39},"2":{"loc":{"start":{"line":39,"column":8},"end":{"line":39,"column":28}},"type":"binary-expr","locations":[{"start":{"line":39,"column":8},"end":{"line":39,"column":17}},{"start":{"line":39,"column":21},"end":{"line":39,"column":28}}],"line":39}},"s":{"0":4,"1":0,"2":0,"3":0,"4":0,"5":0,"6":0,"7":0,"8":4,"9":0,"10":0,"11":0,"12":0,"13":0,"14":0,"15":0},"f":{"0":0,"1":0},"b":{"0":[0,0],"1":[0,0],"2":[0,0]},"_coverageSchema":"1a1c01bbd47fc00a2c39e90264f33305004495a9","hash":"7025f5ef3282a5b6c7485e0668036661cefe1aec"}
,"/Users/shimimanashirov/Documents/המכללה למנהל מטלות/פרויקט סופי/study-labs/backend/controllers/authController.js": {"path":"/Users/shimimanashirov/Documents/המכללה למנהל מטלות/פרויקט סופי/study-labs/backend/controllers/authController.js","statementMap":{"0":{"start":{"line":10,"column":26},"end":{"line":22,"column":1}},"1":{"start":{"line":11,"column":25},"end":{"line":11,"column":89}},"2":{"start":{"line":13,"column":2},"end":{"line":16,"column":3}},"3":{"start":{"line":15,"column":4},"end":{"line":15,"column":37}},"4":{"start":{"line":18,"column":2},"end":{"line":21,"column":21}},"5":{"start":{"line":28,"column":18},"end":{"line":55,"column":1}},"6":{"start":{"line":29,"column":2},"end":{"line":54,"column":3}},"7":{"start":{"line":30,"column":4},"end":{"line":32,"column":5}},"8":{"start":{"line":31,"column":6},"end":{"line":31,"column":49}},"9":{"start":{"line":34,"column":22},"end":{"line":34,"column":43}},"10":{"start":{"line":35,"column":15},"end":{"line":35,"column":55}},"11":{"start":{"line":37,"column":4},"end":{"line":47,"column":5}},"12":{"start":{"line":38,"column":6},"end":{"line":46,"column":9}},"13":{"start":{"line":49,"column":18},"end":{"line":49,"column":37}},"14":{"start":{"line":50,"column":22},"end":{"line":50,"column":71}},"15":{"start":{"line":51,"column":4},"end":{"line":51,"column":62}},"16":{"start":{"line":53,"column":4},"end":{"line":53,"column":16}},"17":{"start":{"line":61,"column":30},"end":{"line":78,"column":1}},"18":{"start":{"line":62,"column":25},"end":{"line":62,"column":89}},"19":{"start":{"line":64,"column":2},"end":{"line":66,"column":3}},"20":{"start":{"line":65,"column":4},"end":{"line":65,"column":37}},"21":{"start":{"line":68,"column":2},"end":{"line":77,"column":21}},"22":{"start":{"line":69,"column":4},"end":{"line":69,"column":30}},"23":{"start":{"line":69,"column":13},"end":{"line":69,"column":30}},"24":{"start":{"line":70,"column":4},"end":{"line":70,"column":70}},"25":{"start":{"line":70,"column":15},"end":{"line":70,"column":70}},"26":{"start":{"line":72,"column":18},"end":{"line":72,"column":37}},"27":{"start":{"line":75,"column":22},"end":{"line":75,"column":71}},"28":{"start":{"line":76,"column":4},"end":{"line":76,"column":62}},"29":{"start":{"line":83,"column":21},"end":{"line":88,"column":1}},"30":{"start":{"line":84,"column":2},"end":{"line":87,"column":5}},"31":{"start":{"line":94,"column":23},"end":{"line":148,"column":1}},"32":{"start":{"line":95,"column":2},"end":{"line":147,"column":3}},"33":{"start":{"line":97,"column":4},"end":{"line":99,"column":5}},"34":{"start":{"line":98,"column":6},"end":{"line":98,"column":49}},"35":{"start":{"line":101,"column":28},"end":{"line":101,"column":36}},"36":{"start":{"line":104,"column":21},"end":{"line":104,"column":23}},"37":{"start":{"line":105,"column":4},"end":{"line":109,"column":5}},"38":{"start":{"line":106,"column":6},"end":{"line":106,"column":25}},"39":{"start":{"line":107,"column":11},"end":{"line":109,"column":5}},"40":{"start":{"line":108,"column":6},"end":{"line":108,"column":26}},"41":{"start":{"line":112,"column":23},"end":{"line":112,"column":48}},"42":{"start":{"line":113,"column":25},"end":{"line":113,"column":72}},"43":{"start":{"line":113,"column":48},"end":{"line":113,"column":71}},"44":{"start":{"line":114,"column":4},"end":{"line":116,"column":5}},"45":{"start":{"line":115,"column":6},"end":{"line":115,"column":112}},"46":{"start":{"line":118,"column":4},"end":{"line":120,"column":5}},"47":{"start":{"line":119,"column":6},"end":{"line":119,"column":68}},"48":{"start":{"line":123,"column":24},"end":{"line":123,"column":48}},"49":{"start":{"line":127,"column":24},"end":{"line":127,"column":85}},"50":{"start":{"line":129,"column":17},"end":{"line":136,"column":5}},"51":{"start":{"line":139,"column":18},"end":{"line":139,"column":37}},"52":{"start":{"line":141,"column":4},"end":{"line":144,"column":7}},"53":{"start":{"line":146,"column":4},"end":{"line":146,"column":16}},"54":{"start":{"line":153,"column":22},"end":{"line":158,"column":1}},"55":{"start":{"line":154,"column":2},"end":{"line":157,"column":5}},"56":{"start":{"line":163,"column":29},"end":{"line":183,"column":1}},"57":{"start":{"line":164,"column":2},"end":{"line":182,"column":3}},"58":{"start":{"line":165,"column":29},"end":{"line":165,"column":37}},"59":{"start":{"line":166,"column":20},"end":{"line":166,"column":22}},"60":{"start":{"line":167,"column":4},"end":{"line":167,"column":48}},"61":{"start":{"line":167,"column":28},"end":{"line":167,"column":48}},"62":{"start":{"line":168,"column":4},"end":{"line":168,"column":54}},"63":{"start":{"line":168,"column":30},"end":{"line":168,"column":54}},"64":{"start":{"line":170,"column":17},"end":{"line":174,"column":5}},"65":{"start":{"line":176,"column":4},"end":{"line":179,"column":7}},"66":{"start":{"line":181,"column":4},"end":{"line":181,"column":16}}},"fnMap":{"0":{"name":"(anonymous_0)","decl":{"start":{"line":10,"column":26},"end":{"line":10,"column":27}},"loc":{"start":{"line":10,"column":46},"end":{"line":22,"column":1}},"line":10},"1":{"name":"(anonymous_1)","decl":{"start":{"line":28,"column":18},"end":{"line":28,"column":19}},"loc":{"start":{"line":28,"column":44},"end":{"line":55,"column":1}},"line":28},"2":{"name":"(anonymous_2)","decl":{"start":{"line":61,"column":30},"end":{"line":61,"column":31}},"loc":{"start":{"line":61,"column":50},"end":{"line":78,"column":1}},"line":61},"3":{"name":"(anonymous_3)","decl":{"start":{"line":68,"column":54},"end":{"line":68,"column":55}},"loc":{"start":{"line":68,"column":69},"end":{"line":77,"column":3}},"line":68},"4":{"name":"(anonymous_4)","decl":{"start":{"line":83,"column":21},"end":{"line":83,"column":22}},"loc":{"start":{"line":83,"column":41},"end":{"line":88,"column":1}},"line":83},"5":{"name":"(anonymous_5)","decl":{"start":{"line":94,"column":23},"end":{"line":94,"column":24}},"loc":{"start":{"line":94,"column":49},"end":{"line":148,"column":1}},"line":94},"6":{"name":"(anonymous_6)","decl":{"start":{"line":113,"column":43},"end":{"line":113,"column":44}},"loc":{"start":{"line":113,"column":48},"end":{"line":113,"column":71}},"line":113},"7":{"name":"(anonymous_7)","decl":{"start":{"line":153,"column":22},"end":{"line":153,"column":23}},"loc":{"start":{"line":153,"column":36},"end":{"line":158,"column":1}},"line":153},"8":{"name":"(anonymous_8)","decl":{"start":{"line":163,"column":29},"end":{"line":163,"column":30}},"loc":{"start":{"line":163,"column":55},"end":{"line":183,"column":1}},"line":163}},"branchMap":{"0":{"loc":{"start":{"line":11,"column":25},"end":{"line":11,"column":89}},"type":"binary-expr","locations":[{"start":{"line":11,"column":25},"end":{"line":11,"column":53}},{"start":{"line":11,"column":57},"end":{"line":11,"column":89}}],"line":11},"1":{"loc":{"start":{"line":13,"column":2},"end":{"line":16,"column":3}},"type":"if","locations":[{"start":{"line":13,"column":2},"end":{"line":16,"column":3}},{"start":{},"end":{}}],"line":13},"2":{"loc":{"start":{"line":30,"column":4},"end":{"line":32,"column":5}},"type":"if","locations":[{"start":{"line":30,"column":4},"end":{"line":32,"column":5}},{"start":{},"end":{}}],"line":30},"3":{"loc":{"start":{"line":37,"column":4},"end":{"line":47,"column":5}},"type":"if","locations":[{"start":{"line":37,"column":4},"end":{"line":47,"column":5}},{"start":{},"end":{}}],"line":37},"4":{"loc":{"start":{"line":50,"column":22},"end":{"line":50,"column":71}},"type":"binary-expr","locations":[{"start":{"line":50,"column":22},"end":{"line":50,"column":44}},{"start":{"line":50,"column":48},"end":{"line":50,"column":71}}],"line":50},"5":{"loc":{"start":{"line":62,"column":25},"end":{"line":62,"column":89}},"type":"binary-expr","locations":[{"start":{"line":62,"column":25},"end":{"line":62,"column":53}},{"start":{"line":62,"column":57},"end":{"line":62,"column":89}}],"line":62},"6":{"loc":{"start":{"line":64,"column":2},"end":{"line":66,"column":3}},"type":"if","locations":[{"start":{"line":64,"column":2},"end":{"line":66,"column":3}},{"start":{},"end":{}}],"line":64},"7":{"loc":{"start":{"line":69,"column":4},"end":{"line":69,"column":30}},"type":"if","locations":[{"start":{"line":69,"column":4},"end":{"line":69,"column":30}},{"start":{},"end":{}}],"line":69},"8":{"loc":{"start":{"line":70,"column":4},"end":{"line":70,"column":70}},"type":"if","locations":[{"start":{"line":70,"column":4},"end":{"line":70,"column":70}},{"start":{},"end":{}}],"line":70},"9":{"loc":{"start":{"line":75,"column":22},"end":{"line":75,"column":71}},"type":"binary-expr","locations":[{"start":{"line":75,"column":22},"end":{"line":75,"column":44}},{"start":{"line":75,"column":48},"end":{"line":75,"column":71}}],"line":75},"10":{"loc":{"start":{"line":97,"column":4},"end":{"line":99,"column":5}},"type":"if","locations":[{"start":{"line":97,"column":4},"end":{"line":99,"column":5}},{"start":{},"end":{}}],"line":97},"11":{"loc":{"start":{"line":97,"column":8},"end":{"line":97,"column":70}},"type":"binary-expr","locations":[{"start":{"line":97,"column":8},"end":{"line":97,"column":21}},{"start":{"line":97,"column":26},"end":{"line":97,"column":40}},{"start":{"line":97,"column":44},"end":{"line":97,"column":69}}],"line":97},"12":{"loc":{"start":{"line":105,"column":4},"end":{"line":109,"column":5}},"type":"if","locations":[{"start":{"line":105,"column":4},"end":{"line":109,"column":5}},{"start":{"line":107,"column":11},"end":{"line":109,"column":5}}],"line":105},"13":{"loc":{"start":{"line":105,"column":8},"end":{"line":105,"column":37}},"type":"binary-expr","locations":[{"start":{"line":105,"column":8},"end":{"line":105,"column":13}},{"start":{"line":105,"column":17},"end":{"line":105,"column":37}}],"line":105},"14":{"loc":{"start":{"line":107,"column":11},"end":{"line":109,"column":5}},"type":"if","locations":[{"start":{"line":107,"column":11},"end":{"line":109,"column":5}},{"start":{},"end":{}}],"line":107},"15":{"loc":{"start":{"line":114,"column":4},"end":{"line":116,"column":5}},"type":"if","locations":[{"start":{"line":114,"column":4},"end":{"line":116,"column":5}},{"start":{},"end":{}}],"line":114},"16":{"loc":{"start":{"line":118,"column":4},"end":{"line":120,"column":5}},"type":"if","locations":[{"start":{"line":118,"column":4},"end":{"line":120,"column":5}},{"start":{},"end":{}}],"line":118},"17":{"loc":{"start":{"line":127,"column":24},"end":{"line":127,"column":85}},"type":"cond-expr","locations":[{"start":{"line":127,"column":61},"end":{"line":127,"column":73}},{"start":{"line":127,"column":76},"end":{"line":127,"column":85}}],"line":127},"18":{"loc":{"start":{"line":167,"column":4},"end":{"line":167,"column":48}},"type":"if","locations":[{"start":{"line":167,"column":4},"end":{"line":167,"column":48}},{"start":{},"end":{}}],"line":167},"19":{"loc":{"start":{"line":168,"column":4},"end":{"line":168,"column":54}},"type":"if","locations":[{"start":{"line":168,"column":4},"end":{"line":168,"column":54}},{"start":{},"end":{}}],"line":168}},"s":{"0":4,"1":0,"2":0,"3":0,"4":0,"5":4,"6":0,"7":0,"8":0,"9":0,"10":0,"11":0,"12":0,"13":0,"14":0,"15":0,"16":0,"17":4,"18":0,"19":0,"20":0,"21":0,"22":0,"23":0,"24":0,"25":0,"26":0,"27":0,"28":0,"29":4,"30":1,"31":4,"32":2,"33":2,"34":1,"35":1,"36":1,"37":1,"38":0,"39":1,"40":1,"41":1,"42":1,"43":1,"44":1,"45":0,"46":1,"47":0,"48":1,"49":1,"50":1,"51":1,"52":1,"53":1,"54":4,"55":0,"56":4,"57":0,"58":0,"59":0,"60":0,"61":0,"62":0,"63":0,"64":0,"65":0,"66":0},"f":{"0":0,"1":0,"2":0,"3":0,"4":1,"5":2,"6":1,"7":0,"8":0},"b":{"0":[0,0],"1":[0,0],"2":[0,0],"3":[0,0],"4":[0,0],"5":[0,0],"6":[0,0],"7":[0,0],"8":[0,0],"9":[0,0],"10":[1,1],"11":[2,1,1],"12":[0,1],"13":[1,0],"14":[1,0],"15":[0,1],"16":[0,1],"17":[1,0],"18":[0,0],"19":[0,0]},"_coverageSchema":"1a1c01bbd47fc00a2c39e90264f33305004495a9","hash":"6f9bfd813215af864cbec51cda20ddbc37d08d76"}
,"/Users/shimimanashirov/Documents/המכללה למנהל מטלות/פרויקט סופי/study-labs/backend/controllers/courseController.js": {"path":"/Users/shimimanashirov/Documents/המכללה למנהל מטלות/פרויקט סופי/study-labs/backend/controllers/courseController.js","statementMap":{"0":{"start":{"line":10,"column":22},"end":{"line":17,"column":1}},"1":{"start":{"line":11,"column":2},"end":{"line":11,"column":29}},"2":{"start":{"line":11,"column":12},"end":{"line":11,"column":29}},"3":{"start":{"line":12,"column":2},"end":{"line":16,"column":3}},"4":{"start":{"line":13,"column":4},"end":{"line":13,"column":27}},"5":{"start":{"line":15,"column":4},"end":{"line":15,"column":73}},"6":{"start":{"line":22,"column":27},"end":{"line":134,"column":1}},"7":{"start":{"line":23,"column":2},"end":{"line":133,"column":3}},"8":{"start":{"line":25,"column":22},"end":{"line":25,"column":80}},"9":{"start":{"line":26,"column":25},"end":{"line":26,"column":57}},"10":{"start":{"line":27,"column":22},"end":{"line":27,"column":51}},"11":{"start":{"line":34,"column":4},"end":{"line":49,"column":5}},"12":{"start":{"line":36,"column":6},"end":{"line":36,"column":43}},"13":{"start":{"line":37,"column":11},"end":{"line":49,"column":5}},"14":{"start":{"line":39,"column":19},"end":{"line":39,"column":33}},"15":{"start":{"line":40,"column":6},"end":{"line":45,"column":7}},"16":{"start":{"line":41,"column":8},"end":{"line":41,"column":45}},"17":{"start":{"line":44,"column":8},"end":{"line":44,"column":38}},"18":{"start":{"line":48,"column":6},"end":{"line":48,"column":36}},"19":{"start":{"line":51,"column":20},"end":{"line":54,"column":30}},"20":{"start":{"line":57,"column":4},"end":{"line":114,"column":5}},"21":{"start":{"line":58,"column":26},"end":{"line":61,"column":8}},"22":{"start":{"line":60,"column":42},"end":{"line":60,"column":47}},"23":{"start":{"line":63,"column":28},"end":{"line":63,"column":30}},"24":{"start":{"line":64,"column":6},"end":{"line":66,"column":9}},"25":{"start":{"line":65,"column":8},"end":{"line":65,"column":54}},"26":{"start":{"line":69,"column":26},"end":{"line":71,"column":8}},"27":{"start":{"line":73,"column":6},"end":{"line":106,"column":7}},"28":{"start":{"line":74,"column":38},"end":{"line":74,"column":85}},"29":{"start":{"line":75,"column":8},"end":{"line":105,"column":9}},"30":{"start":{"line":77,"column":35},"end":{"line":77,"column":102}},"31":{"start":{"line":78,"column":10},"end":{"line":89,"column":11}},"32":{"start":{"line":79,"column":12},"end":{"line":85,"column":15}},"33":{"start":{"line":86,"column":17},"end":{"line":89,"column":11}},"34":{"start":{"line":87,"column":12},"end":{"line":87,"column":51}},"35":{"start":{"line":88,"column":12},"end":{"line":88,"column":44}},"36":{"start":{"line":90,"column":10},"end":{"line":90,"column":56}},"37":{"start":{"line":93,"column":33},"end":{"line":93,"column":98}},"38":{"start":{"line":94,"column":10},"end":{"line":104,"column":11}},"39":{"start":{"line":95,"column":30},"end":{"line":95,"column":93}},"40":{"start":{"line":96,"column":12},"end":{"line":103,"column":15}},"41":{"start":{"line":108,"column":32},"end":{"line":111,"column":9}},"42":{"start":{"line":108,"column":57},"end":{"line":111,"column":7}},"43":{"start":{"line":113,"column":6},"end":{"line":113,"column":83}},"44":{"start":{"line":116,"column":4},"end":{"line":128,"column":5}},"45":{"start":{"line":117,"column":31},"end":{"line":126,"column":9}},"46":{"start":{"line":118,"column":29},"end":{"line":121,"column":10}},"47":{"start":{"line":122,"column":8},"end":{"line":125,"column":10}},"48":{"start":{"line":127,"column":6},"end":{"line":127,"column":82}},"49":{"start":{"line":130,"column":4},"end":{"line":130,"column":55}},"50":{"start":{"line":132,"column":4},"end":{"line":132,"column":16}},"51":{"start":{"line":139,"column":25},"end":{"line":157,"column":1}},"52":{"start":{"line":140,"column":2},"end":{"line":156,"column":3}},"53":{"start":{"line":141,"column":19},"end":{"line":142,"column":50}},"54":{"start":{"line":144,"column":4},"end":{"line":144,"column":60}},"55":{"start":{"line":144,"column":17},"end":{"line":144,"column":60}},"56":{"start":{"line":146,"column":22},"end":{"line":146,"column":77}},"57":{"start":{"line":148,"column":4},"end":{"line":153,"column":7}},"58":{"start":{"line":155,"column":4},"end":{"line":155,"column":16}},"59":{"start":{"line":163,"column":28},"end":{"line":239,"column":1}},"60":{"start":{"line":164,"column":2},"end":{"line":238,"column":3}},"61":{"start":{"line":165,"column":86},"end":{"line":165,"column":94}},"62":{"start":{"line":168,"column":23},"end":{"line":168,"column":27}},"63":{"start":{"line":169,"column":26},"end":{"line":169,"column":28}},"64":{"start":{"line":172,"column":4},"end":{"line":184,"column":5}},"65":{"start":{"line":173,"column":19},"end":{"line":173,"column":40}},"66":{"start":{"line":174,"column":21},"end":{"line":174,"column":60}},"67":{"start":{"line":175,"column":6},"end":{"line":181,"column":8}},"68":{"start":{"line":183,"column":6},"end":{"line":183,"column":53}},"69":{"start":{"line":187,"column":4},"end":{"line":209,"column":5}},"70":{"start":{"line":188,"column":24},"end":{"line":188,"column":33}},"71":{"start":{"line":190,"column":6},"end":{"line":208,"column":7}},"72":{"start":{"line":191,"column":30},"end":{"line":191,"column":65}},"73":{"start":{"line":194,"column":8},"end":{"line":197,"column":9}},"74":{"start":{"line":195,"column":10},"end":{"line":195,"column":87}},"75":{"start":{"line":196,"column":10},"end":{"line":196,"column":19}},"76":{"start":{"line":199,"column":8},"end":{"line":199,"column":37}},"77":{"start":{"line":200,"column":23},"end":{"line":200,"column":62}},"78":{"start":{"line":201,"column":8},"end":{"line":207,"column":11}},"79":{"start":{"line":211,"column":19},"end":{"line":222,"column":6}},"80":{"start":{"line":225,"column":28},"end":{"line":226,"column":50}},"81":{"start":{"line":228,"column":4},"end":{"line":231,"column":7}},"82":{"start":{"line":234,"column":4},"end":{"line":234,"column":115}},"83":{"start":{"line":237,"column":4},"end":{"line":237,"column":16}},"84":{"start":{"line":246,"column":2},"end":{"line":265,"column":3}},"85":{"start":{"line":247,"column":4},"end":{"line":263,"column":5}},"86":{"start":{"line":248,"column":21},"end":{"line":248,"column":61}},"87":{"start":{"line":249,"column":6},"end":{"line":260,"column":7}},"88":{"start":{"line":250,"column":22},"end":{"line":253,"column":9}},"89":{"start":{"line":254,"column":8},"end":{"line":254,"column":43}},"90":{"start":{"line":255,"column":8},"end":{"line":259,"column":11}},"91":{"start":{"line":262,"column":6},"end":{"line":262,"column":79}},"92":{"start":{"line":264,"column":4},"end":{"line":264,"column":11}},"93":{"start":{"line":267,"column":2},"end":{"line":323,"column":3}},"94":{"start":{"line":268,"column":4},"end":{"line":268,"column":83}},"95":{"start":{"line":270,"column":26},"end":{"line":278,"column":6}},"96":{"start":{"line":275,"column":42},"end":{"line":275,"column":55}},"97":{"start":{"line":281,"column":4},"end":{"line":308,"column":5}},"98":{"start":{"line":282,"column":20},"end":{"line":291,"column":9}},"99":{"start":{"line":282,"column":62},"end":{"line":291,"column":7}},"100":{"start":{"line":294,"column":6},"end":{"line":303,"column":7}},"101":{"start":{"line":295,"column":8},"end":{"line":302,"column":9}},"102":{"start":{"line":296,"column":27},"end":{"line":300,"column":11}},"103":{"start":{"line":301,"column":10},"end":{"line":301,"column":60}},"104":{"start":{"line":305,"column":6},"end":{"line":305,"column":41}},"105":{"start":{"line":307,"column":6},"end":{"line":307,"column":104}},"106":{"start":{"line":311,"column":4},"end":{"line":311,"column":30}},"107":{"start":{"line":312,"column":4},"end":{"line":312,"column":38}},"108":{"start":{"line":313,"column":4},"end":{"line":313,"column":34}},"109":{"start":{"line":314,"column":4},"end":{"line":314,"column":24}},"110":{"start":{"line":316,"column":4},"end":{"line":316,"column":127}},"111":{"start":{"line":318,"column":4},"end":{"line":318,"column":91}},"112":{"start":{"line":319,"column":4},"end":{"line":319,"column":39}},"113":{"start":{"line":320,"column":4},"end":{"line":320,"column":43}},"114":{"start":{"line":321,"column":4},"end":{"line":321,"column":31}},"115":{"start":{"line":322,"column":4},"end":{"line":322,"column":24}},"116":{"start":{"line":329,"column":28},"end":{"line":361,"column":1}},"117":{"start":{"line":330,"column":2},"end":{"line":360,"column":3}},"118":{"start":{"line":331,"column":19},"end":{"line":331,"column":55}},"119":{"start":{"line":332,"column":4},"end":{"line":332,"column":60}},"120":{"start":{"line":332,"column":17},"end":{"line":332,"column":60}},"121":{"start":{"line":334,"column":4},"end":{"line":336,"column":5}},"122":{"start":{"line":335,"column":6},"end":{"line":335,"column":67}},"123":{"start":{"line":338,"column":20},"end":{"line":338,"column":22}},"124":{"start":{"line":339,"column":26},"end":{"line":339,"column":97}},"125":{"start":{"line":340,"column":4},"end":{"line":342,"column":7}},"126":{"start":{"line":341,"column":6},"end":{"line":341,"column":74}},"127":{"start":{"line":341,"column":41},"end":{"line":341,"column":74}},"128":{"start":{"line":344,"column":4},"end":{"line":346,"column":5}},"129":{"start":{"line":345,"column":6},"end":{"line":345,"column":70}},"130":{"start":{"line":347,"column":4},"end":{"line":349,"column":5}},"131":{"start":{"line":348,"column":6},"end":{"line":348,"column":82}},"132":{"start":{"line":351,"column":20},"end":{"line":355,"column":49}},"133":{"start":{"line":357,"column":4},"end":{"line":357,"column":63}},"134":{"start":{"line":359,"column":4},"end":{"line":359,"column":16}},"135":{"start":{"line":366,"column":28},"end":{"line":403,"column":1}},"136":{"start":{"line":367,"column":2},"end":{"line":402,"column":3}},"137":{"start":{"line":368,"column":19},"end":{"line":368,"column":55}},"138":{"start":{"line":369,"column":4},"end":{"line":369,"column":60}},"139":{"start":{"line":369,"column":17},"end":{"line":369,"column":60}},"140":{"start":{"line":371,"column":4},"end":{"line":373,"column":5}},"141":{"start":{"line":372,"column":6},"end":{"line":372,"column":69}},"142":{"start":{"line":376,"column":4},"end":{"line":378,"column":6}},"143":{"start":{"line":377,"column":39},"end":{"line":377,"column":75}},"144":{"start":{"line":381,"column":18},"end":{"line":381,"column":63}},"145":{"start":{"line":382,"column":25},"end":{"line":382,"column":76}},"146":{"start":{"line":382,"column":40},"end":{"line":382,"column":59}},"147":{"start":{"line":384,"column":4},"end":{"line":386,"column":6}},"148":{"start":{"line":385,"column":31},"end":{"line":385,"column":51}},"149":{"start":{"line":389,"column":4},"end":{"line":389,"column":56}},"150":{"start":{"line":390,"column":4},"end":{"line":390,"column":56}},"151":{"start":{"line":391,"column":4},"end":{"line":391,"column":54}},"152":{"start":{"line":394,"column":20},"end":{"line":394,"column":43}},"153":{"start":{"line":394,"column":37},"end":{"line":394,"column":42}},"154":{"start":{"line":395,"column":4},"end":{"line":395,"column":67}},"155":{"start":{"line":397,"column":4},"end":{"line":397,"column":47}},"156":{"start":{"line":399,"column":4},"end":{"line":399,"column":76}},"157":{"start":{"line":401,"column":4},"end":{"line":401,"column":16}},"158":{"start":{"line":408,"column":30},"end":{"line":458,"column":1}},"159":{"start":{"line":409,"column":2},"end":{"line":457,"column":3}},"160":{"start":{"line":410,"column":19},"end":{"line":410,"column":55}},"161":{"start":{"line":411,"column":4},"end":{"line":411,"column":60}},"162":{"start":{"line":411,"column":17},"end":{"line":411,"column":60}},"163":{"start":{"line":413,"column":18},"end":{"line":415,"column":25}},"164":{"start":{"line":417,"column":26},"end":{"line":417,"column":56}},"165":{"start":{"line":417,"column":43},"end":{"line":417,"column":55}},"166":{"start":{"line":420,"column":22},"end":{"line":420,"column":80}},"167":{"start":{"line":421,"column":22},"end":{"line":421,"column":51}},"168":{"start":{"line":423,"column":4},"end":{"line":446,"column":5}},"169":{"start":{"line":424,"column":23},"end":{"line":427,"column":8}},"170":{"start":{"line":429,"column":27},"end":{"line":431,"column":7}},"171":{"start":{"line":430,"column":53},"end":{"line":430,"column":66}},"172":{"start":{"line":432,"column":28},"end":{"line":432,"column":61}},"173":{"start":{"line":434,"column":6},"end":{"line":445,"column":9}},"174":{"start":{"line":435,"column":21},"end":{"line":435,"column":29}},"175":{"start":{"line":436,"column":8},"end":{"line":443,"column":9}},"176":{"start":{"line":437,"column":10},"end":{"line":437,"column":31}},"177":{"start":{"line":438,"column":15},"end":{"line":443,"column":9}},"178":{"start":{"line":439,"column":10},"end":{"line":439,"column":29}},"179":{"start":{"line":440,"column":15},"end":{"line":443,"column":9}},"180":{"start":{"line":442,"column":10},"end":{"line":442,"column":29}},"181":{"start":{"line":444,"column":8},"end":{"line":444,"column":35}},"182":{"start":{"line":448,"column":4},"end":{"line":454,"column":7}},"183":{"start":{"line":456,"column":4},"end":{"line":456,"column":16}},"184":{"start":{"line":463,"column":30},"end":{"line":491,"column":1}},"185":{"start":{"line":464,"column":2},"end":{"line":490,"column":3}},"186":{"start":{"line":465,"column":17},"end":{"line":468,"column":6}},"187":{"start":{"line":470,"column":4},"end":{"line":470,"column":56}},"188":{"start":{"line":470,"column":15},"end":{"line":470,"column":56}},"189":{"start":{"line":472,"column":18},"end":{"line":472,"column":36}},"190":{"start":{"line":475,"column":4},"end":{"line":477,"column":5}},"191":{"start":{"line":476,"column":6},"end":{"line":476,"column":66}},"192":{"start":{"line":479,"column":4},"end":{"line":487,"column":7}},"193":{"start":{"line":489,"column":4},"end":{"line":489,"column":16}},"194":{"start":{"line":496,"column":33},"end":{"line":537,"column":1}},"195":{"start":{"line":497,"column":2},"end":{"line":536,"column":3}},"196":{"start":{"line":498,"column":19},"end":{"line":498,"column":55}},"197":{"start":{"line":499,"column":4},"end":{"line":499,"column":60}},"198":{"start":{"line":499,"column":17},"end":{"line":499,"column":60}},"199":{"start":{"line":501,"column":4},"end":{"line":503,"column":5}},"200":{"start":{"line":502,"column":6},"end":{"line":502,"column":67}},"201":{"start":{"line":505,"column":17},"end":{"line":508,"column":6}},"202":{"start":{"line":509,"column":4},"end":{"line":509,"column":56}},"203":{"start":{"line":509,"column":15},"end":{"line":509,"column":56}},"204":{"start":{"line":511,"column":24},"end":{"line":511,"column":32}},"205":{"start":{"line":512,"column":4},"end":{"line":512,"column":77}},"206":{"start":{"line":512,"column":31},"end":{"line":512,"column":77}},"207":{"start":{"line":515,"column":4},"end":{"line":518,"column":5}},"208":{"start":{"line":517,"column":6},"end":{"line":517,"column":51}},"209":{"start":{"line":520,"column":21},"end":{"line":524,"column":5}},"210":{"start":{"line":526,"column":4},"end":{"line":526,"column":33}},"211":{"start":{"line":527,"column":4},"end":{"line":527,"column":50}},"212":{"start":{"line":528,"column":4},"end":{"line":528,"column":22}},"213":{"start":{"line":530,"column":4},"end":{"line":533,"column":7}},"214":{"start":{"line":535,"column":4},"end":{"line":535,"column":16}},"215":{"start":{"line":542,"column":34},"end":{"line":758,"column":1}},"216":{"start":{"line":543,"column":2},"end":{"line":757,"column":3}},"217":{"start":{"line":544,"column":19},"end":{"line":544,"column":55}},"218":{"start":{"line":545,"column":4},"end":{"line":545,"column":60}},"219":{"start":{"line":545,"column":17},"end":{"line":545,"column":60}},"220":{"start":{"line":547,"column":4},"end":{"line":549,"column":5}},"221":{"start":{"line":548,"column":6},"end":{"line":548,"column":46}},"222":{"start":{"line":552,"column":26},"end":{"line":555,"column":6}},"223":{"start":{"line":558,"column":28},"end":{"line":559,"column":47}},"224":{"start":{"line":561,"column":18},"end":{"line":561,"column":82}},"225":{"start":{"line":562,"column":23},"end":{"line":562,"column":35}},"226":{"start":{"line":565,"column":26},"end":{"line":565,"column":27}},"227":{"start":{"line":566,"column":4},"end":{"line":570,"column":7}},"228":{"start":{"line":567,"column":6},"end":{"line":569,"column":12}},"229":{"start":{"line":571,"column":26},"end":{"line":573,"column":9}},"230":{"start":{"line":576,"column":20},"end":{"line":576,"column":74}},"231":{"start":{"line":576,"column":55},"end":{"line":576,"column":70}},"232":{"start":{"line":579,"column":27},"end":{"line":602,"column":9}},"233":{"start":{"line":581,"column":27},"end":{"line":583,"column":13}},"234":{"start":{"line":584,"column":32},"end":{"line":586,"column":15}},"235":{"start":{"line":587,"column":8},"end":{"line":587,"column":54}},"236":{"start":{"line":589,"column":19},"end":{"line":602,"column":7}},"237":{"start":{"line":605,"column":33},"end":{"line":605,"column":35}},"238":{"start":{"line":606,"column":4},"end":{"line":611,"column":7}},"239":{"start":{"line":607,"column":6},"end":{"line":610,"column":9}},"240":{"start":{"line":608,"column":22},"end":{"line":608,"column":39}},"241":{"start":{"line":609,"column":8},"end":{"line":609,"column":77}},"242":{"start":{"line":614,"column":25},"end":{"line":619,"column":6}},"243":{"start":{"line":615,"column":6},"end":{"line":618,"column":8}},"244":{"start":{"line":622,"column":27},"end":{"line":630,"column":6}},"245":{"start":{"line":623,"column":19},"end":{"line":623,"column":90}},"246":{"start":{"line":623,"column":62},"end":{"line":623,"column":86}},"247":{"start":{"line":624,"column":22},"end":{"line":624,"column":38}},"248":{"start":{"line":625,"column":6},"end":{"line":629,"column":8}},"249":{"start":{"line":632,"column":22},"end":{"line":632,"column":58}},"250":{"start":{"line":632,"column":40},"end":{"line":632,"column":57}},"251":{"start":{"line":633,"column":21},"end":{"line":633,"column":73}},"252":{"start":{"line":636,"column":24},"end":{"line":636,"column":29}},"253":{"start":{"line":637,"column":4},"end":{"line":659,"column":5}},"254":{"start":{"line":638,"column":6},"end":{"line":657,"column":8}},"255":{"start":{"line":658,"column":6},"end":{"line":658,"column":27}},"256":{"start":{"line":661,"column":4},"end":{"line":689,"column":5}},"257":{"start":{"line":662,"column":6},"end":{"line":687,"column":8}},"258":{"start":{"line":688,"column":6},"end":{"line":688,"column":27}},"259":{"start":{"line":691,"column":4},"end":{"line":716,"column":5}},"260":{"start":{"line":692,"column":6},"end":{"line":714,"column":8}},"261":{"start":{"line":715,"column":6},"end":{"line":715,"column":27}},"262":{"start":{"line":718,"column":4},"end":{"line":720,"column":5}},"263":{"start":{"line":719,"column":6},"end":{"line":719,"column":26}},"264":{"start":{"line":722,"column":23},"end":{"line":731,"column":5}},"265":{"start":{"line":733,"column":4},"end":{"line":754,"column":7}},"266":{"start":{"line":756,"column":4},"end":{"line":756,"column":16}}},"fnMap":{"0":{"name":"(anonymous_0)","decl":{"start":{"line":10,"column":22},"end":{"line":10,"column":23}},"loc":{"start":{"line":10,"column":42},"end":{"line":17,"column":1}},"line":10},"1":{"name":"(anonymous_1)","decl":{"start":{"line":22,"column":27},"end":{"line":22,"column":28}},"loc":{"start":{"line":22,"column":53},"end":{"line":134,"column":1}},"line":22},"2":{"name":"(anonymous_2)","decl":{"start":{"line":60,"column":35},"end":{"line":60,"column":36}},"loc":{"start":{"line":60,"column":42},"end":{"line":60,"column":47}},"line":60},"3":{"name":"(anonymous_3)","decl":{"start":{"line":64,"column":26},"end":{"line":64,"column":27}},"loc":{"start":{"line":64,"column":33},"end":{"line":66,"column":7}},"line":64},"4":{"name":"(anonymous_4)","decl":{"start":{"line":108,"column":44},"end":{"line":108,"column":45}},"loc":{"start":{"line":108,"column":57},"end":{"line":111,"column":7}},"line":108},"5":{"name":"(anonymous_5)","decl":{"start":{"line":117,"column":61},"end":{"line":117,"column":62}},"loc":{"start":{"line":117,"column":79},"end":{"line":126,"column":7}},"line":117},"6":{"name":"(anonymous_6)","decl":{"start":{"line":139,"column":25},"end":{"line":139,"column":26}},"loc":{"start":{"line":139,"column":51},"end":{"line":157,"column":1}},"line":139},"7":{"name":"(anonymous_7)","decl":{"start":{"line":163,"column":28},"end":{"line":163,"column":29}},"loc":{"start":{"line":163,"column":54},"end":{"line":239,"column":1}},"line":163},"8":{"name":"generateRoadmapInBackground","decl":{"start":{"line":245,"column":15},"end":{"line":245,"column":42}},"loc":{"start":{"line":245,"column":123},"end":{"line":324,"column":1}},"line":245},"9":{"name":"(anonymous_9)","decl":{"start":{"line":275,"column":35},"end":{"line":275,"column":36}},"loc":{"start":{"line":275,"column":42},"end":{"line":275,"column":55}},"line":275},"10":{"name":"(anonymous_10)","decl":{"start":{"line":282,"column":44},"end":{"line":282,"column":45}},"loc":{"start":{"line":282,"column":62},"end":{"line":291,"column":7}},"line":282},"11":{"name":"(anonymous_11)","decl":{"start":{"line":329,"column":28},"end":{"line":329,"column":29}},"loc":{"start":{"line":329,"column":54},"end":{"line":361,"column":1}},"line":329},"12":{"name":"(anonymous_12)","decl":{"start":{"line":340,"column":26},"end":{"line":340,"column":27}},"loc":{"start":{"line":340,"column":37},"end":{"line":342,"column":5}},"line":340},"13":{"name":"(anonymous_13)","decl":{"start":{"line":366,"column":28},"end":{"line":366,"column":29}},"loc":{"start":{"line":366,"column":54},"end":{"line":403,"column":1}},"line":366},"14":{"name":"(anonymous_14)","decl":{"start":{"line":377,"column":27},"end":{"line":377,"column":28}},"loc":{"start":{"line":377,"column":39},"end":{"line":377,"column":75}},"line":377},"15":{"name":"(anonymous_15)","decl":{"start":{"line":382,"column":35},"end":{"line":382,"column":36}},"loc":{"start":{"line":382,"column":40},"end":{"line":382,"column":59}},"line":382},"16":{"name":"(anonymous_16)","decl":{"start":{"line":385,"column":23},"end":{"line":385,"column":24}},"loc":{"start":{"line":385,"column":31},"end":{"line":385,"column":51}},"line":385},"17":{"name":"(anonymous_17)","decl":{"start":{"line":394,"column":30},"end":{"line":394,"column":31}},"loc":{"start":{"line":394,"column":37},"end":{"line":394,"column":42}},"line":394},"18":{"name":"(anonymous_18)","decl":{"start":{"line":408,"column":30},"end":{"line":408,"column":31}},"loc":{"start":{"line":408,"column":56},"end":{"line":458,"column":1}},"line":408},"19":{"name":"(anonymous_19)","decl":{"start":{"line":417,"column":36},"end":{"line":417,"column":37}},"loc":{"start":{"line":417,"column":43},"end":{"line":417,"column":55}},"line":417},"20":{"name":"(anonymous_20)","decl":{"start":{"line":430,"column":45},"end":{"line":430,"column":46}},"loc":{"start":{"line":430,"column":53},"end":{"line":430,"column":66}},"line":430},"21":{"name":"(anonymous_21)","decl":{"start":{"line":434,"column":44},"end":{"line":434,"column":45}},"loc":{"start":{"line":434,"column":54},"end":{"line":445,"column":7}},"line":434},"22":{"name":"(anonymous_22)","decl":{"start":{"line":463,"column":30},"end":{"line":463,"column":31}},"loc":{"start":{"line":463,"column":56},"end":{"line":491,"column":1}},"line":463},"23":{"name":"(anonymous_23)","decl":{"start":{"line":496,"column":33},"end":{"line":496,"column":34}},"loc":{"start":{"line":496,"column":59},"end":{"line":537,"column":1}},"line":496},"24":{"name":"(anonymous_24)","decl":{"start":{"line":542,"column":34},"end":{"line":542,"column":35}},"loc":{"start":{"line":542,"column":60},"end":{"line":758,"column":1}},"line":542},"25":{"name":"(anonymous_25)","decl":{"start":{"line":566,"column":28},"end":{"line":566,"column":29}},"loc":{"start":{"line":566,"column":35},"end":{"line":570,"column":5}},"line":566},"26":{"name":"(anonymous_26)","decl":{"start":{"line":576,"column":43},"end":{"line":576,"column":44}},"loc":{"start":{"line":576,"column":55},"end":{"line":576,"column":70}},"line":576},"27":{"name":"(anonymous_27)","decl":{"start":{"line":580,"column":14},"end":{"line":580,"column":15}},"loc":{"start":{"line":580,"column":21},"end":{"line":588,"column":7}},"line":580},"28":{"name":"(anonymous_28)","decl":{"start":{"line":589,"column":11},"end":{"line":589,"column":12}},"loc":{"start":{"line":589,"column":19},"end":{"line":602,"column":7}},"line":589},"29":{"name":"(anonymous_29)","decl":{"start":{"line":606,"column":28},"end":{"line":606,"column":29}},"loc":{"start":{"line":606,"column":35},"end":{"line":611,"column":5}},"line":606},"30":{"name":"(anonymous_30)","decl":{"start":{"line":607,"column":31},"end":{"line":607,"column":32}},"loc":{"start":{"line":607,"column":43},"end":{"line":610,"column":7}},"line":607},"31":{"name":"(anonymous_31)","decl":{"start":{"line":614,"column":35},"end":{"line":614,"column":36}},"loc":{"start":{"line":614,"column":45},"end":{"line":619,"column":5}},"line":614},"32":{"name":"(anonymous_32)","decl":{"start":{"line":622,"column":37},"end":{"line":622,"column":38}},"loc":{"start":{"line":622,"column":47},"end":{"line":630,"column":5}},"line":622},"33":{"name":"(anonymous_33)","decl":{"start":{"line":623,"column":47},"end":{"line":623,"column":48}},"loc":{"start":{"line":623,"column":62},"end":{"line":623,"column":86}},"line":623},"34":{"name":"(anonymous_34)","decl":{"start":{"line":632,"column":35},"end":{"line":632,"column":36}},"loc":{"start":{"line":632,"column":40},"end":{"line":632,"column":57}},"line":632}},"branchMap":{"0":{"loc":{"start":{"line":11,"column":2},"end":{"line":11,"column":29}},"type":"if","locations":[{"start":{"line":11,"column":2},"end":{"line":11,"column":29}},{"start":{},"end":{}}],"line":11},"1":{"loc":{"start":{"line":25,"column":22},"end":{"line":25,"column":80}},"type":"binary-expr","locations":[{"start":{"line":25,"column":22},"end":{"line":25,"column":37}},{"start":{"line":25,"column":42},"end":{"line":25,"column":79}}],"line":25},"2":{"loc":{"start":{"line":25,"column":42},"end":{"line":25,"column":79}},"type":"cond-expr","locations":[{"start":{"line":25,"column":59},"end":{"line":25,"column":74}},{"start":{"line":25,"column":77},"end":{"line":25,"column":79}}],"line":25},"3":{"loc":{"start":{"line":34,"column":4},"end":{"line":49,"column":5}},"type":"if","locations":[{"start":{"line":34,"column":4},"end":{"line":49,"column":5}},{"start":{"line":37,"column":11},"end":{"line":49,"column":5}}],"line":34},"4":{"loc":{"start":{"line":34,"column":8},"end":{"line":34,"column":34}},"type":"binary-expr","locations":[{"start":{"line":34,"column":8},"end":{"line":34,"column":20}},{"start":{"line":34,"column":24},"end":{"line":34,"column":34}}],"line":34},"5":{"loc":{"start":{"line":37,"column":11},"end":{"line":49,"column":5}},"type":"if","locations":[{"start":{"line":37,"column":11},"end":{"line":49,"column":5}},{"start":{"line":46,"column":11},"end":{"line":49,"column":5}}],"line":37},"6":{"loc":{"start":{"line":37,"column":15},"end":{"line":37,"column":40}},"type":"binary-expr","locations":[{"start":{"line":37,"column":15},"end":{"line":37,"column":27}},{"start":{"line":37,"column":31},"end":{"line":37,"column":40}}],"line":37},"7":{"loc":{"start":{"line":40,"column":6},"end":{"line":45,"column":7}},"type":"if","locations":[{"start":{"line":40,"column":6},"end":{"line":45,"column":7}},{"start":{"line":42,"column":13},"end":{"line":45,"column":7}}],"line":40},"8":{"loc":{"start":{"line":57,"column":4},"end":{"line":114,"column":5}},"type":"if","locations":[{"start":{"line":57,"column":4},"end":{"line":114,"column":5}},{"start":{},"end":{}}],"line":57},"9":{"loc":{"start":{"line":75,"column":8},"end":{"line":105,"column":9}},"type":"if","locations":[{"start":{"line":75,"column":8},"end":{"line":105,"column":9}},{"start":{},"end":{}}],"line":75},"10":{"loc":{"start":{"line":78,"column":10},"end":{"line":89,"column":11}},"type":"if","locations":[{"start":{"line":78,"column":10},"end":{"line":89,"column":11}},{"start":{"line":86,"column":17},"end":{"line":89,"column":11}}],"line":78},"11":{"loc":{"start":{"line":86,"column":17},"end":{"line":89,"column":11}},"type":"if","locations":[{"start":{"line":86,"column":17},"end":{"line":89,"column":11}},{"start":{},"end":{}}],"line":86},"12":{"loc":{"start":{"line":94,"column":10},"end":{"line":104,"column":11}},"type":"if","locations":[{"start":{"line":94,"column":10},"end":{"line":104,"column":11}},{"start":{},"end":{}}],"line":94},"13":{"loc":{"start":{"line":99,"column":27},"end":{"line":99,"column":59}},"type":"cond-expr","locations":[{"start":{"line":99,"column":39},"end":{"line":99,"column":52}},{"start":{"line":99,"column":55},"end":{"line":99,"column":59}}],"line":99},"14":{"loc":{"start":{"line":110,"column":26},"end":{"line":110,"column":70}},"type":"binary-expr","locations":[{"start":{"line":110,"column":26},"end":{"line":110,"column":62}},{"start":{"line":110,"column":66},"end":{"line":110,"column":70}}],"line":110},"15":{"loc":{"start":{"line":116,"column":4},"end":{"line":128,"column":5}},"type":"if","locations":[{"start":{"line":116,"column":4},"end":{"line":128,"column":5}},{"start":{},"end":{}}],"line":116},"16":{"loc":{"start":{"line":116,"column":8},"end":{"line":116,"column":55}},"type":"binary-expr","locations":[{"start":{"line":116,"column":8},"end":{"line":116,"column":20}},{"start":{"line":116,"column":24},"end":{"line":116,"column":55}}],"line":116},"17":{"loc":{"start":{"line":144,"column":4},"end":{"line":144,"column":60}},"type":"if","locations":[{"start":{"line":144,"column":4},"end":{"line":144,"column":60}},{"start":{},"end":{}}],"line":144},"18":{"loc":{"start":{"line":172,"column":4},"end":{"line":184,"column":5}},"type":"if","locations":[{"start":{"line":172,"column":4},"end":{"line":184,"column":5}},{"start":{"line":182,"column":11},"end":{"line":184,"column":5}}],"line":172},"19":{"loc":{"start":{"line":172,"column":8},"end":{"line":172,"column":72}},"type":"binary-expr","locations":[{"start":{"line":172,"column":8},"end":{"line":172,"column":17}},{"start":{"line":172,"column":21},"end":{"line":172,"column":39}},{"start":{"line":172,"column":43},"end":{"line":172,"column":72}}],"line":172},"20":{"loc":{"start":{"line":187,"column":4},"end":{"line":209,"column":5}},"type":"if","locations":[{"start":{"line":187,"column":4},"end":{"line":209,"column":5}},{"start":{},"end":{}}],"line":187},"21":{"loc":{"start":{"line":187,"column":8},"end":{"line":187,"column":74}},"type":"binary-expr","locations":[{"start":{"line":187,"column":8},"end":{"line":187,"column":17}},{"start":{"line":187,"column":21},"end":{"line":187,"column":40}},{"start":{"line":187,"column":44},"end":{"line":187,"column":74}}],"line":187},"22":{"loc":{"start":{"line":194,"column":8},"end":{"line":197,"column":9}},"type":"if","locations":[{"start":{"line":194,"column":8},"end":{"line":197,"column":9}},{"start":{},"end":{}}],"line":194},"23":{"loc":{"start":{"line":245,"column":100},"end":{"line":245,"column":121}},"type":"default-arg","locations":[{"start":{"line":245,"column":116},"end":{"line":245,"column":121}}],"line":245},"24":{"loc":{"start":{"line":246,"column":2},"end":{"line":265,"column":3}},"type":"if","locations":[{"start":{"line":246,"column":2},"end":{"line":265,"column":3}},{"start":{},"end":{}}],"line":246},"25":{"loc":{"start":{"line":249,"column":6},"end":{"line":260,"column":7}},"type":"if","locations":[{"start":{"line":249,"column":6},"end":{"line":260,"column":7}},{"start":{},"end":{}}],"line":249},"26":{"loc":{"start":{"line":281,"column":4},"end":{"line":308,"column":5}},"type":"if","locations":[{"start":{"line":281,"column":4},"end":{"line":308,"column":5}},{"start":{"line":306,"column":11},"end":{"line":308,"column":5}}],"line":281},"27":{"loc":{"start":{"line":281,"column":8},"end":{"line":281,"column":61}},"type":"binary-expr","locations":[{"start":{"line":281,"column":8},"end":{"line":281,"column":27}},{"start":{"line":281,"column":31},"end":{"line":281,"column":61}}],"line":281},"28":{"loc":{"start":{"line":287,"column":26},"end":{"line":287,"column":53}},"type":"binary-expr","locations":[{"start":{"line":287,"column":26},"end":{"line":287,"column":47}},{"start":{"line":287,"column":51},"end":{"line":287,"column":53}}],"line":287},"29":{"loc":{"start":{"line":288,"column":18},"end":{"line":288,"column":38}},"type":"binary-expr","locations":[{"start":{"line":288,"column":18},"end":{"line":288,"column":31}},{"start":{"line":288,"column":35},"end":{"line":288,"column":38}}],"line":288},"30":{"loc":{"start":{"line":289,"column":23},"end":{"line":289,"column":49}},"type":"binary-expr","locations":[{"start":{"line":289,"column":23},"end":{"line":289,"column":41}},{"start":{"line":289,"column":45},"end":{"line":289,"column":49}}],"line":289},"31":{"loc":{"start":{"line":290,"column":18},"end":{"line":290,"column":44}},"type":"binary-expr","locations":[{"start":{"line":290,"column":18},"end":{"line":290,"column":31}},{"start":{"line":290,"column":35},"end":{"line":290,"column":44}}],"line":290},"32":{"loc":{"start":{"line":295,"column":8},"end":{"line":302,"column":9}},"type":"if","locations":[{"start":{"line":295,"column":8},"end":{"line":302,"column":9}},{"start":{},"end":{}}],"line":295},"33":{"loc":{"start":{"line":316,"column":76},"end":{"line":316,"column":108}},"type":"binary-expr","locations":[{"start":{"line":316,"column":76},"end":{"line":316,"column":103}},{"start":{"line":316,"column":107},"end":{"line":316,"column":108}}],"line":316},"34":{"loc":{"start":{"line":332,"column":4},"end":{"line":332,"column":60}},"type":"if","locations":[{"start":{"line":332,"column":4},"end":{"line":332,"column":60}},{"start":{},"end":{}}],"line":332},"35":{"loc":{"start":{"line":334,"column":4},"end":{"line":336,"column":5}},"type":"if","locations":[{"start":{"line":334,"column":4},"end":{"line":336,"column":5}},{"start":{},"end":{}}],"line":334},"36":{"loc":{"start":{"line":341,"column":6},"end":{"line":341,"column":74}},"type":"if","locations":[{"start":{"line":341,"column":6},"end":{"line":341,"column":74}},{"start":{},"end":{}}],"line":341},"37":{"loc":{"start":{"line":344,"column":4},"end":{"line":346,"column":5}},"type":"if","locations":[{"start":{"line":344,"column":4},"end":{"line":346,"column":5}},{"start":{},"end":{}}],"line":344},"38":{"loc":{"start":{"line":347,"column":4},"end":{"line":349,"column":5}},"type":"if","locations":[{"start":{"line":347,"column":4},"end":{"line":349,"column":5}},{"start":{},"end":{}}],"line":347},"39":{"loc":{"start":{"line":369,"column":4},"end":{"line":369,"column":60}},"type":"if","locations":[{"start":{"line":369,"column":4},"end":{"line":369,"column":60}},{"start":{},"end":{}}],"line":369},"40":{"loc":{"start":{"line":371,"column":4},"end":{"line":373,"column":5}},"type":"if","locations":[{"start":{"line":371,"column":4},"end":{"line":373,"column":5}},{"start":{},"end":{}}],"line":371},"41":{"loc":{"start":{"line":411,"column":4},"end":{"line":411,"column":60}},"type":"if","locations":[{"start":{"line":411,"column":4},"end":{"line":411,"column":60}},{"start":{},"end":{}}],"line":411},"42":{"loc":{"start":{"line":420,"column":22},"end":{"line":420,"column":80}},"type":"binary-expr","locations":[{"start":{"line":420,"column":22},"end":{"line":420,"column":37}},{"start":{"line":420,"column":42},"end":{"line":420,"column":79}}],"line":420},"43":{"loc":{"start":{"line":420,"column":42},"end":{"line":420,"column":79}},"type":"cond-expr","locations":[{"start":{"line":420,"column":59},"end":{"line":420,"column":74}},{"start":{"line":420,"column":77},"end":{"line":420,"column":79}}],"line":420},"44":{"loc":{"start":{"line":423,"column":4},"end":{"line":446,"column":5}},"type":"if","locations":[{"start":{"line":423,"column":4},"end":{"line":446,"column":5}},{"start":{},"end":{}}],"line":423},"45":{"loc":{"start":{"line":430,"column":9},"end":{"line":430,"column":39}},"type":"binary-expr","locations":[{"start":{"line":430,"column":9},"end":{"line":430,"column":33}},{"start":{"line":430,"column":37},"end":{"line":430,"column":39}}],"line":430},"46":{"loc":{"start":{"line":436,"column":8},"end":{"line":443,"column":9}},"type":"if","locations":[{"start":{"line":436,"column":8},"end":{"line":443,"column":9}},{"start":{"line":438,"column":15},"end":{"line":443,"column":9}}],"line":436},"47":{"loc":{"start":{"line":438,"column":15},"end":{"line":443,"column":9}},"type":"if","locations":[{"start":{"line":438,"column":15},"end":{"line":443,"column":9}},{"start":{"line":440,"column":15},"end":{"line":443,"column":9}}],"line":438},"48":{"loc":{"start":{"line":440,"column":15},"end":{"line":443,"column":9}},"type":"if","locations":[{"start":{"line":440,"column":15},"end":{"line":443,"column":9}},{"start":{},"end":{}}],"line":440},"49":{"loc":{"start":{"line":440,"column":19},"end":{"line":440,"column":80}},"type":"binary-expr","locations":[{"start":{"line":440,"column":19},"end":{"line":440,"column":35}},{"start":{"line":440,"column":39},"end":{"line":440,"column":62}},{"start":{"line":440,"column":66},"end":{"line":440,"column":80}}],"line":440},"50":{"loc":{"start":{"line":470,"column":4},"end":{"line":470,"column":56}},"type":"if","locations":[{"start":{"line":470,"column":4},"end":{"line":470,"column":56}},{"start":{},"end":{}}],"line":470},"51":{"loc":{"start":{"line":475,"column":4},"end":{"line":477,"column":5}},"type":"if","locations":[{"start":{"line":475,"column":4},"end":{"line":477,"column":5}},{"start":{},"end":{}}],"line":475},"52":{"loc":{"start":{"line":475,"column":8},"end":{"line":475,"column":42}},"type":"binary-expr","locations":[{"start":{"line":475,"column":8},"end":{"line":475,"column":16}},{"start":{"line":475,"column":20},"end":{"line":475,"column":42}}],"line":475},"53":{"loc":{"start":{"line":485,"column":17},"end":{"line":485,"column":30}},"type":"binary-expr","locations":[{"start":{"line":485,"column":17},"end":{"line":485,"column":24}},{"start":{"line":485,"column":28},"end":{"line":485,"column":30}}],"line":485},"54":{"loc":{"start":{"line":499,"column":4},"end":{"line":499,"column":60}},"type":"if","locations":[{"start":{"line":499,"column":4},"end":{"line":499,"column":60}},{"start":{},"end":{}}],"line":499},"55":{"loc":{"start":{"line":501,"column":4},"end":{"line":503,"column":5}},"type":"if","locations":[{"start":{"line":501,"column":4},"end":{"line":503,"column":5}},{"start":{},"end":{}}],"line":501},"56":{"loc":{"start":{"line":509,"column":4},"end":{"line":509,"column":56}},"type":"if","locations":[{"start":{"line":509,"column":4},"end":{"line":509,"column":56}},{"start":{},"end":{}}],"line":509},"57":{"loc":{"start":{"line":512,"column":4},"end":{"line":512,"column":77}},"type":"if","locations":[{"start":{"line":512,"column":4},"end":{"line":512,"column":77}},{"start":{},"end":{}}],"line":512},"58":{"loc":{"start":{"line":515,"column":4},"end":{"line":518,"column":5}},"type":"if","locations":[{"start":{"line":515,"column":4},"end":{"line":518,"column":5}},{"start":{},"end":{}}],"line":515},"59":{"loc":{"start":{"line":545,"column":4},"end":{"line":545,"column":60}},"type":"if","locations":[{"start":{"line":545,"column":4},"end":{"line":545,"column":60}},{"start":{},"end":{}}],"line":545},"60":{"loc":{"start":{"line":547,"column":4},"end":{"line":549,"column":5}},"type":"if","locations":[{"start":{"line":547,"column":4},"end":{"line":549,"column":5}},{"start":{},"end":{}}],"line":547},"61":{"loc":{"start":{"line":567,"column":25},"end":{"line":569,"column":11}},"type":"cond-expr","locations":[{"start":{"line":568,"column":10},"end":{"line":568,"column":54}},{"start":{"line":569,"column":10},"end":{"line":569,"column":11}}],"line":567},"62":{"loc":{"start":{"line":571,"column":26},"end":{"line":573,"column":9}},"type":"cond-expr","locations":[{"start":{"line":572,"column":8},"end":{"line":572,"column":51}},{"start":{"line":573,"column":8},"end":{"line":573,"column":9}}],"line":571},"63":{"loc":{"start":{"line":581,"column":27},"end":{"line":583,"column":13}},"type":"cond-expr","locations":[{"start":{"line":582,"column":12},"end":{"line":582,"column":56}},{"start":{"line":583,"column":12},"end":{"line":583,"column":13}}],"line":581},"64":{"loc":{"start":{"line":584,"column":32},"end":{"line":586,"column":15}},"type":"cond-expr","locations":[{"start":{"line":585,"column":12},"end":{"line":585,"column":81}},{"start":{"line":586,"column":12},"end":{"line":586,"column":15}}],"line":584},"65":{"loc":{"start":{"line":587,"column":15},"end":{"line":587,"column":53}},"type":"binary-expr","locations":[{"start":{"line":587,"column":15},"end":{"line":587,"column":30}},{"start":{"line":587,"column":34},"end":{"line":587,"column":53}}],"line":587},"66":{"loc":{"start":{"line":591,"column":20},"end":{"line":593,"column":13}},"type":"cond-expr","locations":[{"start":{"line":592,"column":12},"end":{"line":592,"column":68}},{"start":{"line":593,"column":12},"end":{"line":593,"column":13}}],"line":591},"67":{"loc":{"start":{"line":594,"column":25},"end":{"line":596,"column":16}},"type":"cond-expr","locations":[{"start":{"line":595,"column":12},"end":{"line":595,"column":81}},{"start":{"line":596,"column":12},"end":{"line":596,"column":16}}],"line":594},"68":{"loc":{"start":{"line":597,"column":15},"end":{"line":601,"column":28}},"type":"cond-expr","locations":[{"start":{"line":598,"column":12},"end":{"line":598,"column":27}},{"start":{"line":599,"column":12},"end":{"line":601,"column":28}}],"line":597},"69":{"loc":{"start":{"line":599,"column":12},"end":{"line":601,"column":28}},"type":"cond-expr","locations":[{"start":{"line":600,"column":14},"end":{"line":600,"column":106}},{"start":{"line":601,"column":14},"end":{"line":601,"column":28}}],"line":599},"70":{"loc":{"start":{"line":609,"column":39},"end":{"line":609,"column":71}},"type":"binary-expr","locations":[{"start":{"line":609,"column":39},"end":{"line":609,"column":66}},{"start":{"line":609,"column":70},"end":{"line":609,"column":71}}],"line":609},"71":{"loc":{"start":{"line":617,"column":18},"end":{"line":617,"column":64}},"type":"binary-expr","locations":[{"start":{"line":617,"column":18},"end":{"line":617,"column":59}},{"start":{"line":617,"column":63},"end":{"line":617,"column":64}}],"line":617},"72":{"loc":{"start":{"line":628,"column":16},"end":{"line":628,"column":86}},"type":"cond-expr","locations":[{"start":{"line":628,"column":31},"end":{"line":628,"column":42}},{"start":{"line":628,"column":45},"end":{"line":628,"column":86}}],"line":628},"73":{"loc":{"start":{"line":628,"column":45},"end":{"line":628,"column":86}},"type":"cond-expr","locations":[{"start":{"line":628,"column":60},"end":{"line":628,"column":70}},{"start":{"line":628,"column":73},"end":{"line":628,"column":86}}],"line":628},"74":{"loc":{"start":{"line":633,"column":21},"end":{"line":633,"column":73}},"type":"cond-expr","locations":[{"start":{"line":633,"column":44},"end":{"line":633,"column":62}},{"start":{"line":633,"column":65},"end":{"line":633,"column":73}}],"line":633},"75":{"loc":{"start":{"line":637,"column":4},"end":{"line":659,"column":5}},"type":"if","locations":[{"start":{"line":637,"column":4},"end":{"line":659,"column":5}},{"start":{},"end":{}}],"line":637},"76":{"loc":{"start":{"line":637,"column":8},"end":{"line":637,"column":82}},"type":"binary-expr","locations":[{"start":{"line":637,"column":8},"end":{"line":637,"column":37}},{"start":{"line":637,"column":41},"end":{"line":637,"column":82}}],"line":637},"77":{"loc":{"start":{"line":661,"column":4},"end":{"line":689,"column":5}},"type":"if","locations":[{"start":{"line":661,"column":4},"end":{"line":689,"column":5}},{"start":{},"end":{}}],"line":661},"78":{"loc":{"start":{"line":661,"column":8},"end":{"line":661,"column":90}},"type":"binary-expr","locations":[{"start":{"line":661,"column":8},"end":{"line":661,"column":41}},{"start":{"line":661,"column":45},"end":{"line":661,"column":90}}],"line":661},"79":{"loc":{"start":{"line":691,"column":4},"end":{"line":716,"column":5}},"type":"if","locations":[{"start":{"line":691,"column":4},"end":{"line":716,"column":5}},{"start":{},"end":{}}],"line":691},"80":{"loc":{"start":{"line":691,"column":8},"end":{"line":691,"column":90}},"type":"binary-expr","locations":[{"start":{"line":691,"column":8},"end":{"line":691,"column":41}},{"start":{"line":691,"column":45},"end":{"line":691,"column":90}}],"line":691},"81":{"loc":{"start":{"line":718,"column":4},"end":{"line":720,"column":5}},"type":"if","locations":[{"start":{"line":718,"column":4},"end":{"line":720,"column":5}},{"start":{},"end":{}}],"line":718},"82":{"loc":{"start":{"line":747,"column":24},"end":{"line":747,"column":63}},"type":"binary-expr","locations":[{"start":{"line":747,"column":24},"end":{"line":747,"column":56}},{"start":{"line":747,"column":60},"end":{"line":747,"column":63}}],"line":747},"83":{"loc":{"start":{"line":749,"column":20},"end":{"line":749,"column":54}},"type":"binary-expr","locations":[{"start":{"line":749,"column":20},"end":{"line":749,"column":48}},{"start":{"line":749,"column":52},"end":{"line":749,"column":54}}],"line":749},"84":{"loc":{"start":{"line":750,"column":24},"end":{"line":750,"column":62}},"type":"binary-expr","locations":[{"start":{"line":750,"column":24},"end":{"line":750,"column":56}},{"start":{"line":750,"column":60},"end":{"line":750,"column":62}}],"line":750},"85":{"loc":{"start":{"line":751,"column":24},"end":{"line":751,"column":62}},"type":"binary-expr","locations":[{"start":{"line":751,"column":24},"end":{"line":751,"column":56}},{"start":{"line":751,"column":60},"end":{"line":751,"column":62}}],"line":751}},"s":{"0":4,"1":2,"2":2,"3":0,"4":0,"5":0,"6":4,"7":2,"8":2,"9":2,"10":2,"11":2,"12":0,"13":2,"14":0,"15":0,"16":0,"17":0,"18":2,"19":2,"20":2,"21":2,"22":1,"23":2,"24":2,"25":0,"26":2,"27":2,"28":0,"29":0,"30":0,"31":0,"32":0,"33":0,"34":0,"35":0,"36":0,"37":0,"38":0,"39":0,"40":0,"41":2,"42":1,"43":2,"44":0,"45":0,"46":0,"47":0,"48":0,"49":0,"50":0,"51":4,"52":0,"53":0,"54":0,"55":0,"56":0,"57":0,"58":0,"59":4,"60":1,"61":1,"62":1,"63":1,"64":1,"65":1,"66":1,"67":1,"68":0,"69":1,"70":0,"71":0,"72":0,"73":0,"74":0,"75":0,"76":0,"77":0,"78":0,"79":1,"80":1,"81":1,"82":1,"83":0,"84":1,"85":1,"86":1,"87":1,"88":1,"89":1,"90":1,"91":0,"92":1,"93":0,"94":0,"95":0,"96":0,"97":0,"98":0,"99":0,"100":0,"101":0,"102":0,"103":0,"104":0,"105":0,"106":0,"107":0,"108":0,"109":0,"110":0,"111":0,"112":0,"113":0,"114":0,"115":0,"116":4,"117":0,"118":0,"119":0,"120":0,"121":0,"122":0,"123":0,"124":0,"125":0,"126":0,"127":0,"128":0,"129":0,"130":0,"131":0,"132":0,"133":0,"134":0,"135":4,"136":0,"137":0,"138":0,"139":0,"140":0,"141":0,"142":0,"143":0,"144":0,"145":0,"146":0,"147":0,"148":0,"149":0,"150":0,"151":0,"152":0,"153":0,"154":0,"155":0,"156":0,"157":0,"158":4,"159":0,"160":0,"161":0,"162":0,"163":0,"164":0,"165":0,"166":0,"167":0,"168":0,"169":0,"170":0,"171":0,"172":0,"173":0,"174":0,"175":0,"176":0,"177":0,"178":0,"179":0,"180":0,"181":0,"182":0,"183":0,"184":4,"185":0,"186":0,"187":0,"188":0,"189":0,"190":0,"191":0,"192":0,"193":0,"194":4,"195":0,"196":0,"197":0,"198":0,"199":0,"200":0,"201":0,"202":0,"203":0,"204":0,"205":0,"206":0,"207":0,"208":0,"209":0,"210":0,"211":0,"212":0,"213":0,"214":0,"215":4,"216":0,"217":0,"218":0,"219":0,"220":0,"221":0,"222":0,"223":0,"224":0,"225":0,"226":0,"227":0,"228":0,"229":0,"230":0,"231":0,"232":0,"233":0,"234":0,"235":0,"236":0,"237":0,"238":0,"239":0,"240":0,"241":0,"242":0,"243":0,"244":0,"245":0,"246":0,"247":0,"248":0,"249":0,"250":0,"251":0,"252":0,"253":0,"254":0,"255":0,"256":0,"257":0,"258":0,"259":0,"260":0,"261":0,"262":0,"263":0,"264":0,"265":0,"266":0},"f":{"0":2,"1":2,"2":1,"3":0,"4":1,"5":0,"6":0,"7":1,"8":1,"9":0,"10":0,"11":0,"12":0,"13":0,"14":0,"15":0,"16":0,"17":0,"18":0,"19":0,"20":0,"21":0,"22":0,"23":0,"24":0,"25":0,"26":0,"27":0,"28":0,"29":0,"30":0,"31":0,"32":0,"33":0,"34":0},"b":{"0":[2,0],"1":[2,0],"2":[0,0],"3":[0,2],"4":[2,0],"5":[0,2],"6":[2,0],"7":[0,0],"8":[2,0],"9":[0,0],"10":[0,0],"11":[0,0],"12":[0,0],"13":[0,0],"14":[1,1],"15":[0,0],"16":[0,0],"17":[0,0],"18":[1,0],"19":[1,1,1],"20":[0,1],"21":[1,1,0],"22":[0,0],"23":[0],"24":[1,0],"25":[1,0],"26":[0,0],"27":[0,0],"28":[0,0],"29":[0,0],"30":[0,0],"31":[0,0],"32":[0,0],"33":[0,0],"34":[0,0],"35":[0,0],"36":[0,0],"37":[0,0],"38":[0,0],"39":[0,0],"40":[0,0],"41":[0,0],"42":[0,0],"43":[0,0],"44":[0,0],"45":[0,0],"46":[0,0],"47":[0,0],"48":[0,0],"49":[0,0,0],"50":[0,0],"51":[0,0],"52":[0,0],"53":[0,0],"54":[0,0],"55":[0,0],"56":[0,0],"57":[0,0],"58":[0,0],"59":[0,0],"60":[0,0],"61":[0,0],"62":[0,0],"63":[0,0],"64":[0,0],"65":[0,0],"66":[0,0],"67":[0,0],"68":[0,0],"69":[0,0],"70":[0,0],"71":[0,0],"72":[0,0],"73":[0,0],"74":[0,0],"75":[0,0],"76":[0,0],"77":[0,0],"78":[0,0],"79":[0,0],"80":[0,0],"81":[0,0],"82":[0,0],"83":[0,0],"84":[0,0],"85":[0,0]},"_coverageSchema":"1a1c01bbd47fc00a2c39e90264f33305004495a9","hash":"f1718ae496ef170a069e21e8ddabbe09c704c029"}
,"/Users/shimimanashirov/Documents/המכללה למנהל מטלות/פרויקט סופי/study-labs/backend/controllers/enrollmentController.js": {"path":"/Users/shimimanashirov/Documents/המכללה למנהל מטלות/פרויקט סופי/study-labs/backend/controllers/enrollmentController.js","statementMap":{"0":{"start":{"line":10,"column":33},"end":{"line":84,"column":1}},"1":{"start":{"line":11,"column":2},"end":{"line":83,"column":3}},"2":{"start":{"line":12,"column":25},"end":{"line":12,"column":33}},"3":{"start":{"line":14,"column":19},"end":{"line":14,"column":50}},"4":{"start":{"line":15,"column":4},"end":{"line":15,"column":60}},"5":{"start":{"line":15,"column":17},"end":{"line":15,"column":60}},"6":{"start":{"line":16,"column":4},"end":{"line":16,"column":79}},"7":{"start":{"line":16,"column":29},"end":{"line":16,"column":79}},"8":{"start":{"line":19,"column":21},"end":{"line":22,"column":6}},"9":{"start":{"line":24,"column":4},"end":{"line":44,"column":5}},"10":{"start":{"line":25,"column":6},"end":{"line":27,"column":7}},"11":{"start":{"line":26,"column":8},"end":{"line":26,"column":74}},"12":{"start":{"line":28,"column":6},"end":{"line":30,"column":7}},"13":{"start":{"line":29,"column":8},"end":{"line":29,"column":72}},"14":{"start":{"line":31,"column":6},"end":{"line":43,"column":7}},"15":{"start":{"line":33,"column":8},"end":{"line":33,"column":36}},"16":{"start":{"line":34,"column":8},"end":{"line":34,"column":42}},"17":{"start":{"line":35,"column":8},"end":{"line":35,"column":36}},"18":{"start":{"line":36,"column":8},"end":{"line":36,"column":30}},"19":{"start":{"line":38,"column":26},"end":{"line":40,"column":51}},"20":{"start":{"line":42,"column":8},"end":{"line":42,"column":80}},"21":{"start":{"line":47,"column":25},"end":{"line":47,"column":81}},"22":{"start":{"line":49,"column":23},"end":{"line":54,"column":6}},"23":{"start":{"line":57,"column":4},"end":{"line":70,"column":5}},"24":{"start":{"line":58,"column":24},"end":{"line":60,"column":27}},"25":{"start":{"line":62,"column":6},"end":{"line":69,"column":9}},"26":{"start":{"line":72,"column":22},"end":{"line":74,"column":47}},"27":{"start":{"line":76,"column":4},"end":{"line":76,"column":81}},"28":{"start":{"line":79,"column":4},"end":{"line":81,"column":5}},"29":{"start":{"line":80,"column":6},"end":{"line":80,"column":73}},"30":{"start":{"line":82,"column":4},"end":{"line":82,"column":16}},"31":{"start":{"line":89,"column":32},"end":{"line":103,"column":1}},"32":{"start":{"line":90,"column":2},"end":{"line":102,"column":3}},"33":{"start":{"line":91,"column":24},"end":{"line":97,"column":32}},"34":{"start":{"line":99,"column":4},"end":{"line":99,"column":59}},"35":{"start":{"line":101,"column":4},"end":{"line":101,"column":16}},"36":{"start":{"line":108,"column":36},"end":{"line":129,"column":1}},"37":{"start":{"line":109,"column":2},"end":{"line":128,"column":3}},"38":{"start":{"line":110,"column":19},"end":{"line":110,"column":61}},"39":{"start":{"line":111,"column":4},"end":{"line":111,"column":60}},"40":{"start":{"line":111,"column":17},"end":{"line":111,"column":60}},"41":{"start":{"line":113,"column":4},"end":{"line":115,"column":5}},"42":{"start":{"line":114,"column":6},"end":{"line":114,"column":46}},"43":{"start":{"line":117,"column":23},"end":{"line":117,"column":32}},"44":{"start":{"line":118,"column":18},"end":{"line":118,"column":49}},"45":{"start":{"line":119,"column":4},"end":{"line":119,"column":38}},"46":{"start":{"line":119,"column":16},"end":{"line":119,"column":38}},"47":{"start":{"line":121,"column":24},"end":{"line":123,"column":32}},"48":{"start":{"line":125,"column":4},"end":{"line":125,"column":92}},"49":{"start":{"line":127,"column":4},"end":{"line":127,"column":16}},"50":{"start":{"line":134,"column":33},"end":{"line":179,"column":1}},"51":{"start":{"line":135,"column":2},"end":{"line":178,"column":3}},"52":{"start":{"line":136,"column":23},"end":{"line":137,"column":25}},"53":{"start":{"line":139,"column":4},"end":{"line":139,"column":68}},"54":{"start":{"line":139,"column":21},"end":{"line":139,"column":68}},"55":{"start":{"line":141,"column":4},"end":{"line":143,"column":5}},"56":{"start":{"line":142,"column":6},"end":{"line":142,"column":46}},"57":{"start":{"line":145,"column":4},"end":{"line":147,"column":5}},"58":{"start":{"line":146,"column":6},"end":{"line":146,"column":93}},"59":{"start":{"line":149,"column":4},"end":{"line":149,"column":35}},"60":{"start":{"line":150,"column":4},"end":{"line":150,"column":40}},"61":{"start":{"line":151,"column":4},"end":{"line":151,"column":28}},"62":{"start":{"line":154,"column":22},"end":{"line":156,"column":25}},"63":{"start":{"line":158,"column":4},"end":{"line":169,"column":6}},"64":{"start":{"line":171,"column":22},"end":{"line":173,"column":34}},"65":{"start":{"line":175,"column":4},"end":{"line":175,"column":69}},"66":{"start":{"line":177,"column":4},"end":{"line":177,"column":16}},"67":{"start":{"line":184,"column":30},"end":{"line":211,"column":1}},"68":{"start":{"line":185,"column":2},"end":{"line":210,"column":3}},"69":{"start":{"line":186,"column":23},"end":{"line":187,"column":25}},"70":{"start":{"line":189,"column":4},"end":{"line":189,"column":68}},"71":{"start":{"line":189,"column":21},"end":{"line":189,"column":68}},"72":{"start":{"line":191,"column":4},"end":{"line":193,"column":5}},"73":{"start":{"line":192,"column":6},"end":{"line":192,"column":46}},"74":{"start":{"line":195,"column":4},"end":{"line":197,"column":5}},"75":{"start":{"line":196,"column":6},"end":{"line":196,"column":90}},"76":{"start":{"line":199,"column":4},"end":{"line":199,"column":33}},"77":{"start":{"line":200,"column":4},"end":{"line":200,"column":40}},"78":{"start":{"line":201,"column":4},"end":{"line":201,"column":28}},"79":{"start":{"line":203,"column":22},"end":{"line":205,"column":34}},"80":{"start":{"line":207,"column":4},"end":{"line":207,"column":69}},"81":{"start":{"line":209,"column":4},"end":{"line":209,"column":16}}},"fnMap":{"0":{"name":"(anonymous_0)","decl":{"start":{"line":10,"co
[...]
:{"line":115,"column":5}},"39":{"start":{"line":114,"column":8},"end":{"line":114,"column":49}},"40":{"start":{"line":118,"column":19},"end":{"line":121,"column":6}},"41":{"start":{"line":123,"column":4},"end":{"line":132,"column":5}},"42":{"start":{"line":124,"column":8},"end":{"line":130,"column":11}},"43":{"start":{"line":131,"column":8},"end":{"line":131,"column":30}},"44":{"start":{"line":135,"column":28},"end":{"line":142,"column":5}},"45":{"start":{"line":144,"column":4},"end":{"line":146,"column":5}},"46":{"start":{"line":145,"column":8},"end":{"line":145,"column":57}},"47":{"start":{"line":148,"column":4},"end":{"line":148,"column":35}},"48":{"start":{"line":151,"column":21},"end":{"line":154,"column":25}},"49":{"start":{"line":156,"column":4},"end":{"line":156,"column":56}},"50":{"start":{"line":157,"column":4},"end":{"line":157,"column":33}},"51":{"start":{"line":159,"column":4},"end":{"line":159,"column":31}},"52":{"start":{"line":160,"column":23},"end":{"line":160,"column":76}},"53":{"start":{"line":162,"column":4},"end":{"line":173,"column":6}}},"fnMap":{"0":{"name":"(anonymous_0)","decl":{"start":{"line":11,"column":28},"end":{"line":11,"column":29}},"loc":{"start":{"line":11,"column":36},"end":{"line":19,"column":1}},"line":11},"1":{"name":"(anonymous_1)","decl":{"start":{"line":26,"column":28},"end":{"line":26,"column":29}},"loc":{"start":{"line":26,"column":49},"end":{"line":39,"column":1}},"line":26},"2":{"name":"(anonymous_2)","decl":{"start":{"line":29,"column":43},"end":{"line":29,"column":44}},"loc":{"start":{"line":29,"column":55},"end":{"line":29,"column":70}},"line":29},"3":{"name":"(anonymous_3)","decl":{"start":{"line":30,"column":45},"end":{"line":30,"column":46}},"loc":{"start":{"line":30,"column":57},"end":{"line":30,"column":80}},"line":30},"4":{"name":"(anonymous_4)","decl":{"start":{"line":47,"column":33},"end":{"line":47,"column":34}},"loc":{"start":{"line":47,"column":64},"end":{"line":83,"column":1}},"line":47},"5":{"name":"(anonymous_5)","decl":{"start":{"line":92,"column":34},"end":{"line":92,"column":35}},"loc":{"start":{"line":92,"column":68},"end":{"line":174,"column":1}},"line":92}},"branchMap":{"0":{"loc":{"start":{"line":12,"column":4},"end":{"line":12,"column":43}},"type":"if","locations":[{"start":{"line":12,"column":4},"end":{"line":12,"column":43}},{"start":{},"end":{}}],"line":12},"1":{"loc":{"start":{"line":13,"column":4},"end":{"line":13,"column":36}},"type":"if","locations":[{"start":{"line":13,"column":4},"end":{"line":13,"column":36}},{"start":{},"end":{}}],"line":13},"2":{"loc":{"start":{"line":14,"column":4},"end":{"line":14,"column":41}},"type":"if","locations":[{"start":{"line":14,"column":4},"end":{"line":14,"column":41}},{"start":{},"end":{}}],"line":14},"3":{"loc":{"start":{"line":15,"column":4},"end":{"line":15,"column":36}},"type":"if","locations":[{"start":{"line":15,"column":4},"end":{"line":15,"column":36}},{"start":{},"end":{}}],"line":15},"4":{"loc":{"start":{"line":16,"column":4},"end":{"line":16,"column":41}},"type":"if","locations":[{"start":{"line":16,"column":4},"end":{"line":16,"column":41}},{"start":{},"end":{}}],"line":16},"5":{"loc":{"start":{"line":17,"column":4},"end":{"line":17,"column":39}},"type":"if","locations":[{"start":{"line":17,"column":4},"end":{"line":17,"column":39}},{"start":{},"end":{}}],"line":17},"6":{"loc":{"start":{"line":54,"column":4},"end":{"line":73,"column":5}},"type":"if","locations":[{"start":{"line":54,"column":4},"end":{"line":73,"column":5}},{"start":{},"end":{}}],"line":54},"7":{"loc":{"start":{"line":62,"column":8},"end":{"line":64,"column":9}},"type":"if","locations":[{"start":{"line":62,"column":8},"end":{"line":64,"column":9}},{"start":{},"end":{}}],"line":62},"8":{"loc":{"start":{"line":79,"column":25},"end":{"line":81,"column":15}},"type":"cond-expr","locations":[{"start":{"line":80,"column":14},"end":{"line":80,"column":77}},{"start":{"line":81,"column":14},"end":{"line":81,"column":15}}],"line":79},"9":{"loc":{"start":{"line":94,"column":4},"end":{"line":99,"column":5}},"type":"if","locations":[{"start":{"line":94,"column":4},"end":{"line":99,"column":5}},{"start":{},"end":{}}],"line":94},"10":{"loc":{"start":{"line":107,"column":4},"end":{"line":109,"column":5}},"type":"if","locations":[{"start":{"line":107,"column":4},"end":{"line":109,"column":5}},{"start":{},"end":{}}],"line":107},"11":{"loc":{"start":{"line":113,"column":4},"end":{"line":115,"column":5}},"type":"if","locations":[{"start":{"line":113,"column":4},"end":{"line":115,"column":5}},{"start":{},"end":{}}],"line":113},"12":{"loc":{"start":{"line":123,"column":4},"end":{"line":132,"column":5}},"type":"if","locations":[{"start":{"line":123,"column":4},"end":{"line":132,"column":5}},{"start":{},"end":{}}],"line":123},"13":{"loc":{"start":{"line":144,"column":4},"end":{"line":146,"column":5}},"type":"if","locations":[{"start":{"line":144,"column":4},"end":{"line":146,"column":5}},{"start":{},"end":{}}],"line":144},"14":{"loc":{"start":{"line":156,"column":34},"end":{"line":156,"column":55}},"type":"binary-expr","locations":[{"start":{"line":156,"column":34},"end":{"line":156,"column":47}},{"start":{"line":156,"column":51},"end":{"line":156,"column":55}}],"line":156},"15":{"loc":{"start":{"line":170,"column":18},"end":{"line":172,"column":18}},"type":"cond-expr","locations":[{"start":{"line":171,"column":14},"end":{"line":171,"column":79}},{"start":{"line":172,"column":14},"end":{"line":172,"column":18}}],"line":170}},"s":{"0":4,"1":0,"2":0,"3":0,"4":0,"5":0,"6":0,"7":0,"8":0,"9":0,"10":0,"11":0,"12":0,"13":0,"14":4,"15":0,"16":0,"17":0,"18":0,"19":0,"20":0,"21":0,"22":4,"23":0,"24":0,"25":0,"26":0,"27":0,"28":0,"29":0,"30":0,"31":4,"32":0,"33":0,"34":0,"35":0,"36":0,"37":0,"38":0,"39":0,"40":0,"41":0,"42":0,"43":0,"44":0,"45":0,"46":0,"47":0,"48":0,"49":0,"50":0,"51":0,"52":0,"53":0},"f":{"0":0,"1":0,"2":0,"3":0,"4":0,"5":0},"b":{"0":[0,0],"1":[0,0],"2":[0,0],"3":[0,0],"4":[0,0],"5":[0,0],"6":[0,0],"7":[0,0],"8":[0,0],"9":[0,0],"10":[0,0],"11":[0,0],"12":[0,0],"13":[0,0],"14":[0,0],"15":[0,0]},"_coverageSchema":"1a1c01bbd47fc00a2c39e90264f33305004495a9","hash":"ccc68dc9235e7ceb027169ea2d2e38c8e8144ecb"}
,"/Users/shimimanashirov/Documents/המכללה למנהל מטלות/פרויקט סופי/study-labs/backend/services/storage/LocalStorageAdapter.js": {"path":"/Users/shimimanashirov/Documents/המכללה למנהל מטלות/פרויקט סופי/study-labs/backend/services/storage/LocalStorageAdapter.js","statementMap":{"0":{"start":{"line":8,"column":4},"end":{"line":8,"column":12}},"1":{"start":{"line":9,"column":4},"end":{"line":9,"column":68}},"2":{"start":{"line":13,"column":4},"end":{"line":13,"column":45}},"3":{"start":{"line":17,"column":16},"end":{"line":17,"column":50}},"4":{"start":{"line":18,"column":4},"end":{"line":18,"column":31}},"5":{"start":{"line":20,"column":16},"end":{"line":20,"column":47}},"6":{"start":{"line":21,"column":21},"end":{"line":21,"column":40}},"7":{"start":{"line":22,"column":24},"end":{"line":22,"column":54}},"8":{"start":{"line":23,"column":21},"end":{"line":23,"column":57}},"9":{"start":{"line":26,"column":4},"end":{"line":31,"column":5}},"10":{"start":{"line":27,"column":6},"end":{"line":27,"column":48}},"11":{"start":{"line":28,"column":11},"end":{"line":31,"column":5}},"12":{"start":{"line":29,"column":6},"end":{"line":29,"column":45}},"13":{"start":{"line":30,"column":6},"end":{"line":30,"column":33}},"14":{"start":{"line":33,"column":4},"end":{"line":37,"column":6}},"15":{"start":{"line":41,"column":16},"end":{"line":41,"column":50}},"16":{"start":{"line":42,"column":4},"end":{"line":42,"column":31}},"17":{"start":{"line":44,"column":27},"end":{"line":44,"column":52}},"18":{"start":{"line":45,"column":24},"end":{"line":45,"column":60}},"19":{"start":{"line":46,"column":21},"end":{"line":46,"column":57}},"20":{"start":{"line":48,"column":4},"end":{"line":48,"column":51}},"21":{"start":{"line":50,"column":4},"end":{"line":54,"column":6}},"22":{"start":{"line":58,"column":21},"end":{"line":58,"column":57}},"23":{"start":{"line":59,"column":4},"end":{"line":59,"column":42}},"24":{"start":{"line":63,"column":21},"end":{"line":63,"column":57}},"25":{"start":{"line":64,"column":4},"end":{"line":69,"column":5}},"26":{"start":{"line":65,"column":6},"end":{"line":65,"column":32}},"27":{"start":{"line":68,"column":6},"end":{"line":68,"column":47}},"28":{"start":{"line":68,"column":35},"end":{"line":68,"column":47}},"29":{"start":{"line":74,"column":4},"end":{"line":74,"column":57}}},"fnMap":{"0":{"name":"(anonymous_0)","decl":{"start":{"line":7,"column":2},"end":{"line":7,"column":3}},"loc":{"start":{"line":7,"column":23},"end":{"line":10,"column":3}},"line":7},"1":{"name":"(anonymous_1)","decl":{"start":{"line":12,"column":2},"end":{"line":12,"column":3}},"loc":{"start":{"line":12,"column":24},"end":{"line":14,"column":3}},"line":12},"2":{"name":"(anonymous_2)","decl":{"start":{"line":16,"column":2},"end":{"line":16,"column":3}},"loc":{"start":{"line":16,"column":37},"end":{"line":38,"column":3}},"line":16},"3":{"name":"(anonymous_3)","decl":{"start":{"line":40,"column":2},"end":{"line":40,"column":3}},"loc":{"start":{"line":40,"column":57},"end":{"line":55,"column":3}},"line":40},"4":{"name":"(anonymous_4)","decl":{"start":{"line":57,"column":2},"end":{"line":57,"column":3}},"loc":{"start":{"line":57,"column":33},"end":{"line":60,"column":3}},"line":57},"5":{"name":"(anonymous_5)","decl":{"start":{"line":62,"column":2},"end":{"line":62,"column":3}},"loc":{"start":{"line":62,"column":28},"end":{"line":70,"column":3}},"line":62},"6":{"name":"(anonymous_6)","decl":{"start":{"line":72,"column":2},"end":{"line":72,"column":3}},"loc":{"start":{"line":72,"column":22},"end":{"line":75,"column":3}},"line":72}},"branchMap":{"0":{"loc":{"start":{"line":9,"column":19},"end":{"line":9,"column":67}},"type":"binary-expr","locations":[{"start":{"line":9,"column":19},"end":{"line":9,"column":26}},{"start":{"line":9,"column":30},"end":{"line":9,"column":52}},{"start":{"line":9,"column":56},"end":{"line":9,"column":67}}],"line":9},"1":{"loc":{"start":{"line":16,"column":21},"end":{"line":16,"column":35}},"type":"default-arg","locations":[{"start":{"line":16,"column":33},"end":{"line":16,"column":35}}],"line":16},"2":{"loc":{"start":{"line":26,"column":4},"end":{"line":31,"column":5}},"type":"if","locations":[{"start":{"line":26,"column":4},"end":{"line":31,"column":5}},{"start":{"line":28,"column":11},"end":{"line":31,"column":5}}],"line":26},"3":{"loc":{"start":{"line":28,"column":11},"end":{"line":31,"column":5}},"type":"if","locations":[{"start":{"line":28,"column":11},"end":{"line":31,"column":5}},{"start":{},"end":{}}],"line":28},"4":{"loc":{"start":{"line":40,"column":41},"end":{"line":40,"column":55}},"type":"default-arg","locations":[{"start":{"line":40,"column":53},"end":{"line":40,"column":55}}],"line":40},"5":{"loc":{"start":{"line":68,"column":6},"end":{"line":68,"column":47}},"type":"if","locations":[{"start":{"line":68,"column":6},"end":{"line":68,"column":47}},{"start":{},"end":{}}],"line":68}},"s":{"0":4,"1":4,"2":1,"3":1,"4":1,"5":1,"6":1,"7":1,"8":1,"9":1,"10":1,"11":0,"12":0,"13":0,"14":1,"15":0,"16":0,"17":0,"18":0,"19":0,"20":0,"21":0,"22":0,"23":0,"24":0,"25":0,"26":0,"27":0,"28":0,"29":1},"f":{"0":4,"1":1,"2":1,"3":0,"4":0,"5":0,"6":1},"b":{"0":[4,0,0],"1":[0],"2":[1,0],"3":[0,0],"4":[0],"5":[0,0]},"_coverageSchema":"1a1c01bbd47fc00a2c39e90264f33305004495a9","hash":"f7b5a40dccd07855bb32cfda509ed75814bd9e80"}
,"/Users/shimimanashirov/Documents/המכללה למנהל מטלות/פרויקט סופי/study-labs/backend/services/storage/StorageInterface.js": {"path":"/Users/shimimanashirov/Documents/המכללה למנהל מטלות/פרויקט סופי/study-labs/backend/services/storage/StorageInterface.js","statementMap":{"0":{"start":{"line":18,"column":4},"end":{"line":18,"column":71}},"1":{"start":{"line":29,"column":4},"end":{"line":29,"column":78}},"2":{"start":{"line":38,"column":4},"end":{"line":38,"column":76}},"3":{"start":{"line":47,"column":4},"end":{"line":47,"column":71}},"4":{"start":{"line":56,"column":4},"end":{"line":56,"column":71}}},"fnMap":{"0":{"name":"(anonymous_0)","decl":{"start":{"line":17,"column":2},"end":{"line":17,"column":3}},"loc":{"start":{"line":17,"column":37},"end":{"line":19,"column":3}},"line":17},"1":{"name":"(anonymous_1)","decl":{"start":{"line":28,"column":2},"end":{"line":28,"column":3}},"loc":{"start":{"line":28,"column":57},"end":{"line":30,"column":3}},"line":28},"2":{"name":"(anonymous_2)","decl":{"start":{"line":37,"column":2},"end":{"line":37,"column":3}},"loc":{"start":{"line":37,"column":33},"end":{"line":39,"column":3}},"line":37},"3":{"name":"(anonymous_3)","decl":{"start":{"line":46,"column":2},"end":{"line":46,"column":3}},"loc":{"start":{"line":46,"column":28},"end":{"line":48,"column":3}},"line":46},"4":{"name":"(anonymous_4)","decl":{"start":{"line":55,"column":2},"end":{"line":55,"column":3}},"loc":{"start":{"line":55,"column":22},"end":{"line":57,"column":3}},"line":55}},"branchMap":{"0":{"loc":{"start":{"line":17,"column":21},"end":{"line":17,"column":35}},"type":"default-arg","locations":[{"start":{"line":17,"column":33},"end":{"line":17,"column":35}}],"line":17},"1":{"loc":{"start":{"line":28,"column":41},"end":{"line":28,"column":55}},"type":"default-arg","locations":[{"start":{"line":28,"column":53},"end":{"line":28,"column":55}}],"line":28}},"s":{"0":0,"1":0,"2":0,"3":0,"4":0},"f":{"0":0,"1":0,"2":0,"3":0,"4":0},"b":{"0":[0],"1":[0]},"_coverageSchema":"1a1c01bbd47fc00a2c39e90264f33305004495a9","hash":"3fb8aaefaf110271951e4008189acdb23b88757d"}
,"/Users/shimimanashirov/Documents/המכללה למנהל מטלות/פרויקט סופי/study-labs/backend/services/storage/index.js": {"path":"/Users/shimimanashirov/Documents/המכללה למנהל מטלות/פרויקט סופי/study-labs/backend/services/storage/index.js","statementMap":{"0":{"start":{"line":12,"column":22},"end":{"line":36,"column":1}},"1":{"start":{"line":13,"column":15},"end":{"line":13,"column":50}},"2":{"start":{"line":15,"column":2},"end":{"line":35,"column":3}},"3":{"start":{"line":17,"column":6},"end":{"line":17,"column":76}},"4":{"start":{"line":33,"column":6},"end":{"line":33,"column":77}},"5":{"start":{"line":34,"column":6},"end":{"line":34,"column":76}},"6":{"start":{"line":39,"column":16},"end":{"line":39,"column":31}}},"fnMap":{"0":{"name":"(anonymous_0)","decl":{"start":{"line":12,"column":22},"end":{"line":12,"column":23}},"loc":{"start":{"line":12,"column":28},"end":{"line":36,"column":1}},"line":12}},"branchMap":{"0":{"loc":{"start":{"line":13,"column":15},"end":{"line":13,"column":50}},"type":"binary-expr","locations":[{"start":{"line":13,"column":15},"end":{"line":13,"column":39}},{"start":{"line":13,"column":43},"end":{"line":13,"column":50}}],"line":13},"1":{"loc":{"start":{"line":15,"column":2},"end":{"line":35,"column":3}},"type":"switch","locations":[{"start":{"line":16,"column":4},"end":{"line":17,"column":76}},{"start":{"line":32,"column":4},"end":{"line":34,"column":76}}],"line":15},"2":{"loc":{"start":{"line":17,"column":37},"end":{"line":17,"column":74}},"type":"binary-expr","locations":[{"start":{"line":17,"column":37},"end":{"line":17,"column":59}},{"start":{"line":17,"column":63},"end":{"line":17,"column":74}}],"line":17},"3":{"loc":{"start":{"line":34,"column":37},"end":{"line":34,"column":74}},"type":"binary-expr","locations":[{"start":{"line":34,"column":37},"end":{"line":34,"column":59}},{"start":{"line":34,"column":63},"end":{"line":34,"column":74}}],"line":34}},"s":{"0":4,"1":4,"2":4,"3":4,"4":0,"5":0,"6":4},"f":{"0":4},"b":{"0":[4,4],"1":[4,0],"2":[4,4],"3":[0,0]},"_coverageSchema":"1a1c01bbd47fc00a2c39e90264f33305004495a9","hash":"2b6fe73eeccf0a6aab52640a8e23d6f35cb647dc"}
,"/Users/shimimanashirov/Documents/המכללה למנהל מטלות/פרויקט סופי/study-labs/backend/tests/utils/authHelper.js": {"path":"/Users/shimimanashirov/Documents/המכללה למנהל מטלות/פרויקט סופי/study-labs/backend/tests/utils/authHelper.js","statementMap":{"0":{"start":{"line":4,"column":32},"end":{"line":26,"column":1}},"1":{"start":{"line":5,"column":17},"end":{"line":13,"column":6}},"2":{"start":{"line":15,"column":18},"end":{"line":23,"column":5}},"3":{"start":{"line":25,"column":4},"end":{"line":25,"column":27}}},"fnMap":{"0":{"name":"(anonymous_0)","decl":{"start":{"line":4,"column":32},"end":{"line":4,"column":33}},"loc":{"start":{"line":4,"column":60},"end":{"line":26,"column":1}},"line":4}},"branchMap":{"0":{"loc":{"start":{"line":4,"column":39},"end":{"line":4,"column":55}},"type":"default-arg","locations":[{"start":{"line":4,"column":46},"end":{"line":4,"column":55}}],"line":4},"1":{"loc":{"start":{"line":11,"column":15},"end":{"line":11,"column":33}},"type":"cond-expr","locations":[{"start":{"line":11,"column":22},"end":{"line":11,"column":28}},{"start":{"line":11,"column":31},"end":{"line":11,"column":33}}],"line":11},"2":{"loc":{"start":{"line":19,"column":19},"end":{"line":19,"column":63}},"type":"binary-expr","locations":[{"start":{"line":19,"column":19},"end":{"line":19,"column":29}},{"start":{"line":19,"column":34},"end":{"line":19,"column":62}}],"line":19},"3":{"loc":{"start":{"line":19,"column":34},"end":{"line":19,"column":62}},"type":"cond-expr","locations":[{"start":{"line":19,"column":46},"end":{"line":19,"column":57}},{"start":{"line":19,"column":60},"end":{"line":19,"column":62}}],"line":19},"4":{"loc":{"start":{"line":21,"column":8},"end":{"line":21,"column":47}},"type":"binary-expr","locations":[{"start":{"line":21,"column":8},"end":{"line":21,"column":30}},{"start":{"line":21,"column":34},"end":{"line":21,"column":47}}],"line":21}},"s":{"0":3,"1":21,"2":21,"3":21},"f":{"0":21},"b":{"0":[0],"1":[20,1],"2":[21,0],"3":[0,0],"4":[21,0]},"_coverageSchema":"1a1c01bbd47fc00a2c39e90264f33305004495a9","hash":"7a1e3b3e1305f11dd1d82478ee0aa71d5e779af1"}
,"/Users/shimimanashirov/Documents/המכללה למנהל מטלות/פרויקט סופי/study-labs/backend/tests/utils/testSetup.js": {"path":"/Users/shimimanashirov/Documents/המכללה למנהל מטלות/פרויקט סופי/study-labs/backend/tests/utils/testSetup.js","statementMap":{"0":{"start":{"line":6,"column":29},"end":{"line":14,"column":1}},"1":{"start":{"line":7,"column":4},"end":{"line":7,"column":51}},"2":{"start":{"line":8,"column":16},"end":{"line":8,"column":36}},"3":{"start":{"line":10,"column":4},"end":{"line":13,"column":7}},"4":{"start":{"line":16,"column":27},"end":{"line":22,"column":1}},"5":{"start":{"line":17,"column":4},"end":{"line":17,"column":45}},"6":{"start":{"line":18,"column":4},"end":{"line":18,"column":38}},"7":{"start":{"line":19,"column":4},"end":{"line":21,"column":5}},"8":{"start":{"line":20,"column":8},"end":{"line":20,"column":33}},"9":{"start":{"line":24,"column":27},"end":{"line":30,"column":1}},"10":{"start":{"line":25,"column":24},"end":{"line":25,"column":55}},"11":{"start":{"line":26,"column":4},"end":{"line":29,"column":5}},"12":{"start":{"line":27,"column":27},"end":{"line":27,"column":43}},"13":{"start":{"line":28,"column":8},"end":{"line":28,"column":40}}},"fnMap":{"0":{"name":"(anonymous_0)","decl":{"start":{"line":6,"column":29},"end":{"line":6,"column":30}},"loc":{"start":{"line":6,"column":41},"end":{"line":14,"column":1}},"line":6},"1":{"name":"(anonymous_1)","decl":{"start":{"line":16,"column":27},"end":{"line":16,"column":28}},"loc":{"start":{"line":16,"column":39},"end":{"line":22,"column":1}},"line":16},"2":{"name":"(anonymous_2)","decl":{"start":{"line":24,"column":27},"end":{"line":24,"column":28}},"loc":{"start":{"line":24,"column":39},"end":{"line":30,"column":1}},"line":24}},"branchMap":{"0":{"loc":{"start":{"line":19,"column":4},"end":{"line":21,"column":5}},"type":"if","locations":[{"start":{"line":19,"column":4},"end":{"line":21,"column":5}},{"start":{},"end":{}}],"line":19}},"s":{"0":4,"1":4,"2":4,"3":4,"4":4,"5":4,"6":4,"7":4,"8":4,"9":4,"10":14,"11":14,"12":84,"13":84},"f":{"0":4,"1":4,"2":14},"b":{"0":[4,0]},"_coverageSchema":"1a1c01bbd47fc00a2c39e90264f33305004495a9","hash":"83dd2e6b3464040944f3f5b1fcbe870102d45e06"}
}
