TN:
SF:server.js
FN:63,(anonymous_0)
FN:80,(anonymous_1)
FN:91,(anonymous_2)
FN:94,(anonymous_3)
FNF:4
FNH:2
FNDA:1,(anonymous_0)
FNDA:1,(anonymous_1)
FNDA:0,(anonymous_2)
FNDA:0,(anonymous_3)
DA:26,4
DA:27,4
DA:29,4
DA:30,4
DA:33,4
DA:37,4
DA:44,4
DA:45,4
DA:46,4
DA:47,4
DA:50,4
DA:51,4
DA:54,4
DA:57,4
DA:63,4
DA:64,1
DA:72,4
DA:73,4
DA:74,4
DA:75,4
DA:76,4
DA:77,4
DA:80,4
DA:81,1
DA:88,4
DA:91,4
DA:92,0
DA:94,0
DA:95,0
DA:96,0
DA:97,0
DA:98,0
DA:102,4
DA:103,0
LF:34
LH:27
BRDA:30,0,0,4
BRDA:30,0,1,0
BRDA:38,1,0,4
BRDA:38,1,1,0
BRDA:44,2,0,0
BRDA:44,2,1,4
BRDA:98,3,0,0
BRDA:98,3,1,0
BRDA:102,4,0,0
BRDA:102,4,1,4
BRF:10
BRH:4
end_of_record
TN:
SF:config/db.js
FN:3,(anonymous_0)
FNF:1
FNH:0
FNDA:0,(anonymous_0)
DA:3,4
DA:4,0
DA:5,0
DA:6,0
DA:8,0
DA:9,0
LF:6
LH:1
BRF:0
BRH:0
end_of_record
TN:
SF:config/passport.js
FN:14,(anonymous_0)
FN:25,(anonymous_1)
FN:72,(anonymous_2)
FN:73,(anonymous_3)
FNF:4
FNH:1
FNDA:4,(anonymous_0)
FNDA:0,(anonymous_1)
FNDA:0,(anonymous_2)
FNDA:0,(anonymous_3)
DA:14,4
DA:16,4
DA:17,0
DA:26,0
DA:28,0
DA:33,0
DA:35,0
DA:37,0
DA:39,0
DA:40,0
DA:41,0
DA:42,0
DA:45,0
DA:56,0
DA:58,0
DA:72,4
DA:73,4
DA:74,0
DA:75,0
DA:76,0
DA:78,0
LF:21
LH:4
BRDA:16,0,0,0
BRDA:16,0,1,4
BRDA:16,1,0,4
BRDA:16,1,1,0
BRDA:33,2,0,0
BRDA:33,2,1,0
BRDA:37,3,0,0
BRDA:37,3,1,0
BRDA:41,4,0,0
BRDA:41,4,1,0
BRF:10
BRH:2
end_of_record
TN:
SF:config/swagger.js
FNF:0
FNH:0
DA:3,4
DA:123,4
LF:2
LH:2
BRDA:16,0,0,4
BRDA:16,0,1,0
BRF:2
BRH:1
end_of_record
TN:
SF:controllers/aiController.js
FN:8,(anonymous_0)
FN:35,(anonymous_1)
FNF:2
FNH:0
FNDA:0,(anonymous_0)
FNDA:0,(anonymous_1)
DA:8,4
DA:9,0
DA:10,0
DA:12,0
DA:14,0
DA:22,0
DA:27,0
DA:35,4
DA:36,0
DA:37,0
DA:39,0
DA:40,0
DA:43,0
DA:45,0
DA:50,0
LF:15
LH:2
BRDA:12,0,0,0
BRDA:12,0,1,0
BRDA:39,1,0,0
BRDA:39,1,1,0
BRDA:39,2,0,0
BRDA:39,2,1,0
BRF:6
BRH:0
end_of_record
TN:
SF:controllers/authController.js
FN:10,(anonymous_0)
FN:28,(anonymous_1)
FN:61,(anonymous_2)
FN:68,(anonymous_3)
FN:83,(anonymous_4)
FN:94,(anonymous_5)
FN:113,(anonymous_6)
FN:153,(anonymous_7)
FN:163,(anonymous_8)
FNF:9
FNH:3
FNDA:0,(anonymous_0)
FNDA:0,(anonymous_1)
FNDA:0,(anonymous_2)
FNDA:0,(anonymous_3)
FNDA:1,(anonymous_4)
FNDA:2,(anonymous_5)
FNDA:1,(anonymous_6)
FNDA:0,(anonymous_7)
FNDA:0,(anonymous_8)
DA:10,4
DA:11,0
DA:13,0
DA:15,0
DA:18,0
DA:28,4
DA:29,0
DA:30,0
DA:31,0
DA:34,0
DA:35,0
DA:37,0
DA:38,0
DA:49,0
DA:50,0
DA:51,0
DA:53,0
DA:61,4
DA:62,0
DA:64,0
DA:65,0
DA:68,0
DA:69,0
DA:70,0
DA:72,0
DA:75,0
DA:76,0
DA:83,4
DA:84,1
DA:94,4
DA:95,2
DA:97,2
DA:98,1
DA:101,1
DA:104,1
DA:105,1
DA:106,0
DA:107,1
DA:108,1
DA:112,1
DA:113,1
DA:114,1
DA:115,0
DA:118,1
DA:119,0
DA:123,1
DA:127,1
DA:129,1
DA:139,1
DA:141,1
DA:146,1
DA:153,4
DA:154,0
DA:163,4
DA:164,0
DA:165,0
DA:166,0
DA:167,0
DA:168,0
DA:170,0
DA:176,0
DA:181,0
LF:62
LH:26
BRDA:11,0,0,0
BRDA:11,0,1,0
BRDA:13,1,0,0
BRDA:13,1,1,0
BRDA:30,2,0,0
BRDA:30,2,1,0
BRDA:37,3,0,0
BRDA:37,3,1,0
BRDA:50,4,0,0
BRDA:50,4,1,0
BRDA:62,5,0,0
BRDA:62,5,1,0
BRDA:64,6,0,0
BRDA:64,6,1,0
BRDA:69,7,0,0
BRDA:69,7,1,0
BRDA:70,8,0,0
BRDA:70,8,1,0
BRDA:75,9,0,0
BRDA:75,9,1,0
BRDA:97,10,0,1
BRDA:97,10,1,1
BRDA:97,11,0,2
BRDA:97,11,1,1
BRDA:97,11,2,1
BRDA:105,12,0,0
BRDA:105,12,1,1
BRDA:105,13,0,1
BRDA:105,13,1,0
BRDA:107,14,0,1
BRDA:107,14,1,0
BRDA:114,15,0,0
BRDA:114,15,1,1
BRDA:118,16,0,0
BRDA:118,16,1,1
BRDA:127,17,0,1
BRDA:127,17,1,0
BRDA:167,18,0,0
BRDA:167,18,1,0
BRDA:168,19,0,0
BRDA:168,19,1,0
BRF:41
BRH:11
end_of_record
TN:
SF:controllers/courseController.js
FN:10,(anonymous_0)
FN:22,(anonymous_1)
FN:60,(anonymous_2)
FN:64,(anonymous_3)
FN:108,(anonymous_4)
FN:117,(anonymous_5)
FN:139,(anonymous_6)
FN:163,(anonymous_7)
FN:245,generateRoadmapInBackground
FN:275,(anonymous_9)
FN:282,(anonymous_10)
FN:329,(anonymous_11)
FN:340,(anonymous_12)
FN:366,(anonymous_13)
FN:377,(anonymous_14)
FN:382,(anonymous_15)
FN:385,(anonymous_16)
FN:394,(anonymous_17)
FN:408,(anonymous_18)
FN:417,(anonymous_19)
FN:430,(anonymous_20)
FN:434,(anonymous_21)
FN:463,(anonymous_22)
FN:496,(anonymous_23)
FN:542,(anonymous_24)
FN:566,(anonymous_25)
FN:576,(anonymous_26)
FN:580,(anonymous_27)
FN:589,(anonymous_28)
FN:606,(anonymous_29)
FN:607,(anonymous_30)
FN:614,(anonymous_31)
FN:622,(anonymous_32)
FN:623,(anonymous_33)
FN:632,(anonymous_34)
FNF:35
FNH:6
FNDA:2,(anonymous_0)
FNDA:2,(anonymous_1)
FNDA:1,(anonymous_2)
FNDA:0,(anonymous_3)
FNDA:1,(anonymous_4)
FNDA:0,(anonymous_5)
FNDA:0,(anonymous_6)
FNDA:1,(anonymous_7)
FNDA:1,generateRoadmapInBackground
FNDA:0,(anonymous_9)
FNDA:0,(anonymous_10)
FNDA:0,(anonymous_11)
FNDA:0,(anonymous_12)
FNDA:0,(anonymous_13)
FNDA:0,(anonymous_14)
FNDA:0,(anonymous_15)
FNDA:0,(anonymous_16)
FNDA:0,(anonymous_17)
FNDA:0,(anonymous_18)
FNDA:0,(anonymous_19)
FNDA:0,(anonymous_20)
FNDA:0,(anonymous_21)
FNDA:0,(anonymous_22)
FNDA:0,(anonymous_23)
FNDA:0,(anonymous_24)
FNDA:0,(anonymous_25)
FNDA:0,(anonymous_26)
FNDA:0,(anonymous_27)
FNDA:0,(anonymous_28)
FNDA:0,(anonymous_29)
FNDA:0,(anonymous_30)
FNDA:0,(anonymous_31)
FNDA:0,(anonymous_32)
FNDA:0,(anonymous_33)
FNDA:0,(anonymous_34)
DA:10,4
DA:11,2
DA:12,0
DA:13,0
DA:15,0
DA:22,4
DA:23,2
DA:25,2
DA:26,2
DA:27,2
DA:34,2
DA:36,0
DA:37,2
DA:39,0
DA:40,0
DA:41,0
DA:44,0
DA:48,2
DA:51,2
DA:57,2
DA:58,2
DA:60,1
DA:63,2
DA:64,2
DA:65,0
DA:69,2
DA:73,2
DA:74,0
DA:75,0
DA:77,0
DA:78,0
DA:79,0
DA:86,0
DA:87,0
DA:88,0
DA:90,0
DA:93,0
DA:94,0
DA:95,0
DA:96,0
DA:108,2
DA:113,2
DA:116,0
DA:117,0
DA:118,0
DA:122,0
DA:127,0
DA:130,0
DA:132,0
DA:139,4
DA:140,0
DA:141,0
DA:144,0
DA:146,0
DA:148,0
DA:155,0
DA:163,4
DA:164,1
DA:165,1
DA:168,1
DA:169,1
DA:172,1
DA:173,1
DA:174,1
DA:175,1
DA:183,0
DA:187,1
DA:188,0
DA:190,0
DA:191,0
DA:194,0
DA:195,0
DA:196,0
DA:199,0
DA:200,0
DA:201,0
DA:211,1
DA:225,1
DA:228,1
DA:234,1
DA:237,0
DA:246,1
DA:247,1
DA:248,1
DA:249,1
DA:250,1
DA:254,1
DA:255,1
DA:262,0
DA:264,1
DA:267,0
DA:268,0
DA:270,0
DA:275,0
DA:281,0
DA:282,0
DA:294,0
DA:295,0
DA:296,0
DA:301,0
DA:305,0
DA:307,0
DA:311,0
DA:312,0
DA:313,0
DA:314,0
DA:316,0
DA:318,0
DA:319,0
DA:320,0
DA:321,0
DA:322,0
DA:329,4
DA:330,0
DA:331,0
DA:332,0
DA:334,0
DA:335,0
DA:338,0
DA:339,0
DA:340,0
DA:341,0
DA:344,0
DA:345,0
DA:347,0
DA:348,0
DA:351,0
DA:357,0
DA:359,0
DA:366,4
DA:367,0
DA:368,0
DA:369,0
DA:371,0
DA:372,0
DA:376,0
DA:377,0
DA:381,0
DA:382,0
DA:384,0
DA:385,0
DA:389,0
DA:390,0
DA:391,0
DA:394,0
DA:395,0
DA:397,0
DA:399,0
DA:401,0
DA:408,4
DA:409,0
DA:410,0
DA:411,0
DA:413,0
DA:417,0
DA:420,0
DA:421,0
DA:423,0
DA:424,0
DA:429,0
DA:430,0
DA:432,0
DA:434,0
DA:435,0
DA:436,0
DA:437,0
DA:438,0
DA:439,0
DA:440,0
DA:442,0
DA:444,0
DA:448,0
DA:456,0
DA:463,4
DA:464,0
DA:465,0
DA:470,0
DA:472,0
DA:475,0
DA:476,0
DA:479,0
DA:489,0
DA:496,4
DA:497,0
DA:498,0
DA:499,0
DA:501,0
DA:502,0
DA:505,0
DA:509,0
DA:511,0
DA:512,0
DA:515,0
DA:517,0
DA:520,0
DA:526,0
DA:527,0
DA:528,0
DA:530,0
DA:535,0
DA:542,4
DA:543,0
DA:544,0
DA:545,0
DA:547,0
DA:548,0
DA:552,0
DA:558,0
DA:561,0
DA:562,0
DA:565,0
DA:566,0
DA:567,0
DA:571,0
DA:576,0
DA:579,0
DA:581,0
DA:584,0
DA:587,0
DA:589,0
DA:605,0
DA:606,0
DA:607,0
DA:608,0
DA:609,0
DA:614,0
DA:615,0
DA:622,0
DA:623,0
DA:624,0
DA:625,0
DA:632,0
DA:633,0
DA:636,0
DA:637,0
DA:638,0
DA:658,0
DA:661,0
DA:662,0
DA:688,0
DA:691,0
DA:692,0
DA:715,0
DA:718,0
DA:719,0
DA:722,0
DA:733,0
DA:756,0
LF:248
LH:49
BRDA:11,0,0,2
BRDA:11,0,1,0
BRDA:25,1,0,2
BRDA:25,1,1,0
BRDA:25,2,0,0
BRDA:25,2,1,0
BRDA:34,3,0,0
BRDA:34,3,1,2
BRDA:34,4,0,2
BRDA:34,4,1,0
BRDA:37,5,0,0
BRDA:37,5,1,2
BRDA:37,6,0,2
BRDA:37,6,1,0
BRDA:40,7,0,0
BRDA:40,7,1,0
BRDA:57,8,0,2
BRDA:57,8,1,0
BRDA:75,9,0,0
BRDA:75,9,1,0
BRDA:78,10,0,0
BRDA:78,10,1,0
BRDA:86,11,0,0
BRDA:86,11,1,0
BRDA:94,12,0,0
BRDA:94,12,1,0
BRDA:99,13,0,0
BRDA:99,13,1,0
BRDA:110,14,0,1
BRDA:110,14,1,1
BRDA:116,15,0,0
BRDA:116,15,1,0
BRDA:116,16,0,0
BRDA:116,16,1,0
BRDA:144,17,0,0
BRDA:144,17,1,0
BRDA:172,18,0,1
BRDA:172,18,1,0
BRDA:172,19,0,1
BRDA:172,19,1,1
BRDA:172,19,2,1
BRDA:187,20,0,0
BRDA:187,20,1,1
BRDA:187,21,0,1
BRDA:187,21,1,1
BRDA:187,21,2,0
BRDA:194,22,0,0
BRDA:194,22,1,0
BRDA:245,23,0,0
BRDA:246,24,0,1
BRDA:246,24,1,0
BRDA:249,25,0,1
BRDA:249,25,1,0
BRDA:281,26,0,0
BRDA:281,26,1,0
BRDA:281,27,0,0
BRDA:281,27,1,0
BRDA:287,28,0,0
BRDA:287,28,1,0
BRDA:288,29,0,0
BRDA:288,29,1,0
BRDA:289,30,0,0
BRDA:289,30,1,0
BRDA:290,31,0,0
BRDA:290,31,1,0
BRDA:295,32,0,0
BRDA:295,32,1,0
BRDA:316,33,0,0
BRDA:316,33,1,0
BRDA:332,34,0,0
BRDA:332,34,1,0
BRDA:334,35,0,0
BRDA:334,35,1,0
BRDA:341,36,0,0
BRDA:341,36,1,0
BRDA:344,37,0,0
BRDA:344,37,1,0
BRDA:347,38,0,0
BRDA:347,38,1,0
BRDA:369,39,0,0
BRDA:369,39,1,0
BRDA:371,40,0,0
BRDA:371,40,1,0
BRDA:411,41,0,0
BRDA:411,41,1,0
BRDA:420,42,0,0
BRDA:420,42,1,0
BRDA:420,43,0,0
BRDA:420,43,1,0
BRDA:423,44,0,0
BRDA:423,44,1,0
BRDA:430,45,0,0
BRDA:430,45,1,0
BRDA:436,46,0,0
BRDA:436,46,1,0
BRDA:438,47,0,0
BRDA:438,47,1,0
BRDA:440,48,0,0
BRDA:440,48,1,0
BRDA:440,49,0,0
BRDA:440,49,1,0
BRDA:440,49,2,0
BRDA:470,50,0,0
BRDA:470,50,1,0
BRDA:475,51,0,0
BRDA:475,51,1,0
BRDA:475,52,0,0
BRDA:475,52,1,0
BRDA:485,53,0,0
BRDA:485,53,1,0
BRDA:499,54,0,0
BRDA:499,54,1,0
BRDA:501,55,0,0
BRDA:501,55,1,0
BRDA:509,56,0,0
BRDA:509,56,1,0
BRDA:512,57,0,0
BRDA:512,57,1,0
BRDA:515,58,0,0
BRDA:515,58,1,0
BRDA:545,59,0,0
BRDA:545,59,1,0
BRDA:547,60,0,0
BRDA:547,60,1,0
BRDA:567,61,0,0
BRDA:567,61,1,0
BRDA:571,62,0,0
BRDA:571,62,1,0
BRDA:581,63,0,0
BRDA:581,63,1,0
BRDA:584,64,0,0
BRDA:584,64,1,0
BRDA:587,65,0,0
BRDA:587,65,1,0
BRDA:591,66,0,0
BRDA:591,66,1,0
BRDA:594,67,0,0
BRDA:594,67,1,0
BRDA:597,68,0,0
BRDA:597,68,1,0
BRDA:599,69,0,0
BRDA:599,69,1,0
BRDA:609,70,0,0
BRDA:609,70,1,0
BRDA:617,71,0,0
BRDA:617,71,1,0
BRDA:628,72,0,0
BRDA:628,72,1,0
BRDA:628,73,0,0
BRDA:628,73,1,0
BRDA:633,74,0,0
BRDA:633,74,1,0
BRDA:637,75,0,0
BRDA:637,75,1,0
BRDA:637,76,0,0
BRDA:637,76,1,0
BRDA:661,77,0,0
BRDA:661,77,1,0
BRDA:661,78,0,0
BRDA:661,78,1,0
BRDA:691,79,0,0
BRDA:691,79,1,0
BRDA:691,80,0,0
BRDA:691,80,1,0
BRDA:718,81,0,0
BRDA:718,81,1,0
BRDA:747,82,0,0
BRDA:747,82,1,0
BRDA:749,83,0,0
BRDA:749,83,1,0
BRDA:750,84,0,0
BRDA:750,84,1,0
BRDA:751,85,0,0
BRDA:751,85,1,0
BRF:174
BRH:18
end_of_record
TN:
SF:controllers/enrollmentController.js
FN:10,(anonymous_0)
FN:89,(anonymous_1)
FN:108,(anonymous_2)
FN:134,(anonymous_3)
FN:184,(anonymous_4)
FNF:5
FNH:2
FNDA:2,(anonymous_0)
FNDA:0,(anonymous_1)
FNDA:0,(anonymous_2)
FNDA:1,(anonymous_3)
FNDA:0,(anonymous_4)
DA:10,4
DA:11,2
DA:12,2
DA:14,2
DA:15,2
DA:16,2
DA:19,2
DA:24,2
DA:25,1
DA:26,0
DA:28,1
DA:29,1
DA:31,0
DA:33,0
DA:34,0
DA:35,0
DA:36,0
DA:38,0
DA:42,0
DA:47,1
DA:49,1
DA:57,1
DA:58,0
DA:62,0
DA:72,1
DA:76,1
DA:79,1
DA:80,0
DA:82,1
DA:89,4
DA:90,0
DA:91,0
DA:99,0
DA:101,0
DA:108,4
DA:109,0
DA:110,0
DA:111,0
DA:113,0
DA:114,0
DA:117,0
DA:118,0
DA:119,0
DA:121,0
DA:125,0
DA:127,0
DA:134,4
DA:135,1
DA:136,1
DA:139,1
DA:141,1
DA:142,0
DA:145,1
DA:146,0
DA:149,1
DA:150,1
DA:151,1
DA:154,1
DA:158,1
DA:171,1
DA:175,1
DA:177,0
DA:184,4
DA:185,0
DA:186,0
DA:189,0
DA:191,0
DA:192,0
DA:195,0
DA:196,0
DA:199,0
DA:200,0
DA:201,0
DA:203,0
DA:207,0
DA:209,0
LF:76
LH:34
BRDA:15,0,0,0
BRDA:15,0,1,2
BRDA:16,1,0,0
BRDA:16,1,1,2
BRDA:24,2,0,1
BRDA:24,2,1,1
BRDA:25,3,0,0
BRDA:25,3,1,1
BRDA:28,4,0,1
BRDA:28,4,1,0
BRDA:31,5,0,0
BRDA:31,5,1,0
BRDA:52,6,0,0
BRDA:52,6,1,1
BRDA:53,7,0,0
BRDA:53,7,1,1
BRDA:57,8,0,0
BRDA:57,8,1,1
BRDA:65,9,0,0
BRDA:65,9,1,0
BRDA:79,10,0,0
BRDA:79,10,1,1
BRDA:111,11,0,0
BRDA:111,11,1,0
BRDA:113,12,0,0
BRDA:113,12,1,0
BRDA:119,13,0,0
BRDA:119,13,1,0
BRDA:139,14,0,0
BRDA:139,14,1,1
BRDA:141,15,0,0
BRDA:141,15,1,1
BRDA:145,16,0,0
BRDA:145,16,1,1
BRDA:163,17,0,1
BRDA:163,17,1,1
BRDA:189,18,0,0
BRDA:189,18,1,0
BRDA:191,19,0,0
BRDA:191,19,1,0
BRDA:195,20,0,0
BRDA:195,20,1,0
BRF:42
BRH:15
end_of_record
TN:
SF:controllers/progressController.js
FN:6,(anonymous_0)
FN:21,(anonymous_1)
FN:39,(anonymous_2)
FNF:3
FNH:0
FNDA:0,(anonymous_0)
FNDA:0,(anonymous_1)
FNDA:0,(anonymous_2)
DA:6,4
DA:7,0
DA:8,0
DA:9,0
DA:14,0
DA:21,4
DA:22,0
DA:23,0
DA:27,0
DA:32,0
DA:39,4
DA:40,0
DA:41,0
DA:42,0
DA:48,0
DA:53,0
LF:16
LH:3
BRF:0
BRH:0
end_of_record
TN:
SF:controllers/quizController.js
FN:10,(anonymous_0)
FN:30,(anonymous_1)
FN:69,(anonymous_2)
FN:138,(anonymous_3)
FNF:4
FNH:0
FNDA:0,(anonymous_0)
FNDA:0,(anonymous_1)
FNDA:0,(anonymous_2)
FNDA:0,(anonymous_3)
DA:10,4
DA:11,0
DA:12,0
DA:13,0
DA:15,0
DA:16,0
DA:20,0
DA:21,0
DA:26,0
DA:30,0
DA:31,0
DA:37,0
DA:38,0
DA:39,0
DA:40,0
DA:42,0
DA:43,0
DA:45,0
DA:46,0
DA:49,0
DA:52,0
DA:62,0
DA:69,4
DA:70,0
DA:71,0
DA:73,0
DA:74,0
DA:75,0
DA:76,0
DA:80,0
DA:81,0
DA:86,0
DA:90,0
DA:91,0
DA:92,0
DA:93,0
DA:95,0
DA:96,0
DA:97,0
DA:100,0
DA:102,0
DA:103,0
DA:104,0
DA:109,0
DA:112,0
DA:113,0
DA:119,0
DA:124,0
DA:129,0
DA:138,0
DA:139,0
DA:140,0
DA:147,0
DA:157,0
LF:54
LH:2
BRDA:13,0,0,0
BRDA:13,0,1,0
BRDA:15,1,0,0
BRDA:15,1,1,0
BRDA:15,2,0,0
BRDA:15,2,1,0
BRDA:20,3,0,0
BRDA:20,3,1,0
BRDA:26,4,0,0
BRDA:26,4,1,0
BRDA:37,5,0,0
BRDA:37,5,1,0
BRDA:42,6,0,0
BRDA:42,6,1,0
BRDA:45,7,0,0
BRDA:45,7,1,0
BRDA:74,8,0,0
BRDA:74,8,1,0
BRDA:75,9,0,0
BRDA:75,9,1,0
BRDA:75,10,0,0
BRDA:75,10,1,0
BRDA:80,11,0,0
BRDA:80,11,1,0
BRDA:86,12,0,0
BRDA:86,12,1,0
BRDA:97,13,0,0
BRDA:97,13,1,0
BRDA:100,14,0,0
BRDA:100,14,1,0
BRDA:102,15,0,0
BRDA:102,15,1,0
BRDA:109,16,0,0
BRDA:109,16,1,0
BRDA:112,17,0,0
BRDA:112,17,1,0
BRDA:124,18,0,0
BRDA:124,18,1,0
BRDA:142,19,0,0
BRDA:142,19,1,0
BRDA:143,20,0,0
BRDA:143,20,1,0
BRF:42
BRH:0
end_of_record
TN:
SF:middleware/auth.js
FN:9,(anonymous_0)
FN:47,(anonymous_1)
FN:48,(anonymous_2)
FN:62,(anonymous_3)
FN:78,(anonymous_4)
FNF:5
FNH:5
FNDA:14,(anonymous_0)
FNDA:68,(anonymous_1)
FNDA:6,(anonymous_2)
FNDA:6,(anonymous_3)
FNDA:1,(anonymous_4)
DA:9,4
DA:10,14
DA:11,14
DA:13,14
DA:14,2
DA:17,12
DA:18,12
DA:21,11
DA:22,11
DA:23,0
DA:27,11
DA:28,11
DA:30,3
DA:31,1
DA:33,2
DA:34,0
DA:36,2
DA:47,4
DA:48,68
DA:49,6
DA:50,0
DA:54,6
DA:55,6
DA:56,0
DA:61,6
DA:62,6
DA:64,6
DA:65,2
DA:70,4
DA:78,4
DA:79,1
LF:31
LH:27
BRDA:13,0,0,2
BRDA:13,0,1,12
BRDA:13,1,0,14
BRDA:13,1,1,12
BRDA:22,2,0,0
BRDA:22,2,1,11
BRDA:30,3,0,1
BRDA:30,3,1,2
BRDA:33,4,0,0
BRDA:33,4,1,2
BRDA:49,5,0,0
BRDA:49,5,1,6
BRDA:54,6,0,6
BRDA:54,6,1,0
BRDA:54,6,2,0
BRDA:55,7,0,0
BRDA:55,7,1,6
BRDA:61,8,0,6
BRDA:61,8,1,0
BRDA:61,9,0,0
BRDA:61,9,1,0
BRDA:64,10,0,2
BRDA:64,10,1,4
BRDA:83,11,0,1
BRDA:83,11,1,0
BRDA:83,12,0,0
BRDA:83,12,1,0
BRDA:86,13,0,1
BRDA:86,13,1,1
BRF:29
BRH:17
end_of_record
TN:
SF:middleware/errorHandler.js
FN:5,(anonymous_0)
FNF:1
FNH:1
FNDA:7,(anonymous_0)
DA:5,4
DA:7,7
DA:8,0
DA:11,7
DA:12,7
DA:14,7
DA:20,7
DA:21,0
DA:25,7
DA:26,0
DA:29,7
LF:11
LH:8
BRDA:7,0,0,0
BRDA:7,0,1,7
BRDA:11,1,0,7
BRDA:11,1,1,0
BRDA:11,1,2,0
BRDA:12,2,0,7
BRDA:12,2,1,0
BRDA:20,3,0,0
BRDA:20,3,1,7
BRDA:25,4,0,0
BRDA:25,4,1,7
BRF:11
BRH:5
end_of_record
TN:
SF:middleware/validate.js
FN:8,(anonymous_0)
FN:13,(anonymous_1)
FNF:2
FNH:1
FNDA:2,(anonymous_0)
FNDA:0,(anonymous_1)
DA:8,4
DA:9,2
DA:11,2
DA:12,0
DA:13,0
DA:18,0
DA:21,2
LF:7
LH:4
BRDA:11,0,0,0
BRDA:11,0,1,2
BRF:2
BRH:1
end_of_record
TN:
SF:models/Course.js
FNF:0
FNH:0
DA:3,4
DA:11,4
DA:135,4
DA:142,4
DA:143,4
DA:145,4
LF:6
LH:6
BRF:0
BRH:0
end_of_record
TN:
SF:models/CourseNode.js
FNF:0
FNH:0
DA:3,4
DA:39,4
DA:92,4
DA:94,4
LF:4
LH:4
BRF:0
BRH:0
end_of_record
TN:
SF:models/Enrollment.js
FNF:0
FNH:0
DA:3,4
DA:35,4
DA:38,4
DA:40,4
LF:4
LH:4
BRF:0
BRH:0
end_of_record
TN:
SF:models/Progress.js
FN:51,(anonymous_0)
FNF:1
FNH:0
FNDA:0,(anonymous_0)
DA:3,4
DA:45,4
DA:51,4
DA:52,0
DA:53,0
DA:55,0
DA:56,0
DA:58,0
DA:59,0
DA:60,0
DA:62,0
DA:64,0
DA:66,0
DA:69,0
DA:73,0
DA:76,4
LF:16
LH:4
BRDA:55,0,0,0
BRDA:55,0,1,0
BRDA:62,1,0,0
BRDA:62,1,1,0
BRDA:64,2,0,0
BRDA:64,2,1,0
BRF:6
BRH:0
end_of_record
TN:
SF:models/QuizAttempt.js
FNF:0
FNH:0
DA:3,4
DA:22,4
DA:56,4
DA:58,4
LF:4
LH:4
BRF:0
BRH:0
end_of_record
TN:
SF:models/User.js
FN:52,(anonymous_0)
FNF:1
FNH:1
FNDA:5,(anonymous_0)
DA:3,4
DA:49,4
DA:52,4
DA:53,5
DA:54,5
DA:55,5
DA:58,4
LF:7
LH:7
BRF:0
BRH:0
end_of_record
TN:
SF:routes/ai.js
FNF:0
FNH:0
DA:10,4
DA:58,4
DA:112,4
LF:3
LH:3
BRF:0
BRH:0
end_of_record
TN:
SF:routes/auth.js
FNF:0
FNH:0
DA:12,4
DA:32,4
DA:51,4
DA:77,4
DA:103,4
DA:115,4
DA:138,4
LF:7
LH:7
BRF:0
BRH:0
end_of_record
TN:
SF:routes/courses.js
FN:20,(anonymous_0)
FN:138,(anonymous_1)
FNF:2
FNH:2
FNDA:1,(anonymous_0)
FNDA:1,(anonymous_1)
DA:16,4
DA:17,4
DA:21,1
DA:28,1
DA:29,1
DA:31,0
DA:68,4
DA:88,4
DA:134,4
DA:139,1
DA:140,1
DA:186,4
DA:208,4
DA:240,4
DA:265,4
DA:302,4
DA:322,4
LF:17
LH:16
BRDA:19,0,0,4
BRDA:19,0,1,4
BRDA:28,1,0,1
BRDA:28,1,1,0
BRDA:139,2,0,1
BRDA:139,2,1,0
BRF:6
BRH:4
end_of_record
TN:
SF:routes/enrollments.js
FNF:0
FNH:0
DA:13,4
DA:48,4
DA:81,4
DA:107,4
DA:134,4
DA:156,4
LF:6
LH:6
BRF:0
BRH:0
end_of_record
TN:
SF:routes/progress.js
FNF:0
FNH:0
DA:11,4
DA:48,4
DA:68,4
DA:116,4
LF:4
LH:4
BRF:0
BRH:0
end_of_record
TN:
SF:routes/quizzes.js
FNF:0
FNH:0
DA:7,4
DA:38,4
DA:95,4
LF:3
LH:3
BRF:0
BRH:0
end_of_record
TN:
SF:services/aiService.js
FN:23,(anonymous_0)
FN:39,(anonymous_1)
FN:73,(anonymous_2)
FN:74,(anonymous_3)
FN:76,(anonymous_4)
FN:77,(anonymous_5)
FN:90,(anonymous_6)
FN:91,(anonymous_7)
FN:121,(anonymous_8)
FN:162,(anonymous_9)
FN:162,(anonymous_10)
FN:175,(anonymous_11)
FNF:12
FNH:0
FNDA:0,(anonymous_0)
FNDA:0,(anonymous_1)
FNDA:0,(anonymous_2)
FNDA:0,(anonymous_3)
FNDA:0,(anonymous_4)
FNDA:0,(anonymous_5)
FNDA:0,(anonymous_6)
FNDA:0,(anonymous_7)
FNDA:0,(anonymous_8)
FNDA:0,(anonymous_9)
FNDA:0,(anonymous_10)
FNDA:0,(anonymous_11)
DA:8,4
DA:9,4
DA:23,4
DA:32,0
DA:33,0
DA:36,0
DA:37,0
DA:38,0
DA:39,0
DA:42,0
DA:43,0
DA:44,0
DA:45,0
DA:50,0
DA:51,0
DA:53,0
DA:60,0
DA:73,0
DA:74,0
DA:75,0
DA:76,0
DA:77,0
DA:78,0
DA:79,0
DA:80,0
DA:82,0
DA:85,0
DA:90,0
DA:91,0
DA:92,0
DA:93,0
DA:96,0
DA:97,0
DA:100,0
DA:103,0
DA:104,0
DA:106,0
DA:107,0
DA:108,0
DA:109,0
DA:112,0
DA:113,0
DA:114,0
DA:115,0
DA:118,0
DA:119,0
DA:121,0
DA:130,0
DA:135,0
DA:136,0
DA:137,0
DA:138,0
DA:141,0
DA:142,0
DA:143,0
DA:146,0
DA:150,0
DA:162,0
DA:163,0
DA:175,4
DA:176,0
DA:185,0
DA:186,0
DA:187,0
DA:190,0
LF:65
LH:4
BRDA:8,0,0,4
BRDA:8,0,1,4
BRDA:9,1,0,4
BRDA:9,1,1,0
BRDA:30,2,0,0
BRDA:32,3,0,0
BRDA:32,3,1,0
BRDA:36,4,0,0
BRDA:36,4,1,0
BRDA:38,5,0,0
BRDA:38,5,1,0
BRDA:38,6,0,0
BRDA:38,6,1,0
BRDA:45,7,0,0
BRDA:45,7,1,0
BRDA:78,8,0,0
BRDA:78,8,1,0
BRDA:78,9,0,0
BRDA:78,9,1,0
BRDA:112,10,0,0
BRDA:112,10,1,0
BRDA:112,11,0,0
BRDA:112,11,1,0
BRDA:113,12,0,0
BRDA:113,12,1,0
BRDA:118,13,0,0
BRDA:118,13,1,0
BRDA:121,14,0,0
BRDA:121,14,1,0
BRDA:123,15,0,0
BRDA:123,15,1,0
BRDA:124,16,0,0
BRDA:124,16,1,0
BRDA:125,17,0,0
BRDA:125,17,1,0
BRDA:126,18,0,0
BRDA:126,18,1,0
BRDA:135,19,0,0
BRDA:135,19,1,0
BRDA:135,20,0,0
BRDA:135,20,1,0
BRDA:136,21,0,0
BRDA:136,21,1,0
BRDA:141,22,0,0
BRDA:141,22,1,0
BRDA:156,23,0,0
BRDA:156,23,1,0
BRDA:156,23,2,0
BRDA:157,24,0,0
BRDA:157,24,1,0
BRDA:157,25,0,0
BRDA:157,25,1,0
BRDA:185,26,0,0
BRDA:185,26,1,0
BRF:54
BRH:3
end_of_record
TN:
SF:services/gamificationService.js
FN:11,(anonymous_0)
FN:26,(anonymous_1)
FN:29,(anonymous_2)
FN:30,(anonymous_3)
FN:47,(anonymous_4)
FN:92,(anonymous_5)
FNF:6
FNH:0
FNDA:0,(anonymous_0)
FNDA:0,(anonymous_1)
FNDA:0,(anonymous_2)
FNDA:0,(anonymous_3)
FNDA:0,(anonymous_4)
FNDA:0,(anonymous_5)
DA:11,4
DA:12,0
DA:13,0
DA:14,0
DA:15,0
DA:16,0
DA:17,0
DA:18,0
DA:26,4
DA:27,0
DA:29,0
DA:30,0
DA:31,0
DA:33,0
DA:47,4
DA:48,0
DA:54,0
DA:56,0
DA:62,0
DA:63,0
DA:66,0
DA:75,0
DA:77,0
DA:92,4
DA:94,0
DA:95,0
DA:102,0
DA:107,0
DA:108,0
DA:112,0
DA:113,0
DA:114,0
DA:118,0
DA:123,0
DA:124,0
DA:131,0
DA:135,0
DA:144,0
DA:145,0
DA:148,0
DA:151,0
DA:156,0
DA:157,0
DA:159,0
DA:160,0
DA:162,0
LF:46
LH:4
BRDA:12,0,0,0
BRDA:12,0,1,0
BRDA:13,1,0,0
BRDA:13,1,1,0
BRDA:14,2,0,0
BRDA:14,2,1,0
BRDA:15,3,0,0
BRDA:15,3,1,0
BRDA:16,4,0,0
BRDA:16,4,1,0
BRDA:17,5,0,0
BRDA:17,5,1,0
BRDA:54,6,0,0
BRDA:54,6,1,0
BRDA:62,7,0,0
BRDA:62,7,1,0
BRDA:79,8,0,0
BRDA:79,8,1,0
BRDA:94,9,0,0
BRDA:94,9,1,0
BRDA:107,10,0,0
BRDA:107,10,1,0
BRDA:113,11,0,0
BRDA:113,11,1,0
BRDA:123,12,0,0
BRDA:123,12,1,0
BRDA:144,13,0,0
BRDA:144,13,1,0
BRDA:156,14,0,0
BRDA:156,14,1,0
BRDA:170,15,0,0
BRDA:170,15,1,0
BRF:32
BRH:0
end_of_record
TN:
SF:services/storage/LocalStorageAdapter.js
FN:7,(anonymous_0)
FN:12,(anonymous_1)
FN:16,(anonymous_2)
FN:40,(anonymous_3)
FN:57,(anonymous_4)
FN:62,(anonymous_5)
FN:72,(anonymous_6)
FNF:7
FNH:4
FNDA:4,(anonymous_0)
FNDA:1,(anonymous_1)
FNDA:1,(anonymous_2)
FNDA:0,(anonymous_3)
FNDA:0,(anonymous_4)
FNDA:0,(anonymous_5)
FNDA:1,(anonymous_6)
DA:8,4
DA:9,4
DA:13,1
DA:17,1
DA:18,1
DA:20,1
DA:21,1
DA:22,1
DA:23,1
DA:26,1
DA:27,1
DA:28,0
DA:29,0
DA:30,0
DA:33,1
DA:41,0
DA:42,0
DA:44,0
DA:45,0
DA:46,0
DA:48,0
DA:50,0
DA:58,0
DA:59,0
DA:63,0
DA:64,0
DA:65,0
DA:68,0
DA:74,1
LF:29
LH:13
BRDA:9,0,0,4
BRDA:9,0,1,0
BRDA:9,0,2,0
BRDA:16,1,0,0
BRDA:26,2,0,1
BRDA:26,2,1,0
BRDA:28,3,0,0
BRDA:28,3,1,0
BRDA:40,4,0,0
BRDA:68,5,0,0
BRDA:68,5,1,0
BRF:11
BRH:2
end_of_record
TN:
SF:services/storage/StorageInterface.js
FN:17,(anonymous_0)
FN:28,(anonymous_1)
FN:37,(anonymous_2)
FN:46,(anonymous_3)
FN:55,(anonymous_4)
FNF:5
FNH:0
FNDA:0,(anonymous_0)
FNDA:0,(anonymous_1)
FNDA:0,(anonymous_2)
FNDA:0,(anonymous_3)
FNDA:0,(anonymous_4)
DA:18,0
DA:29,0
DA:38,0
DA:47,0
DA:56,0
LF:5
LH:0
BRDA:17,0,0,0
BRDA:28,1,0,0
BRF:2
BRH:0
end_of_record
TN:
SF:services/storage/index.js
FN:12,(anonymous_0)
FNF:1
FNH:1
FNDA:4,(anonymous_0)
DA:12,4
DA:13,4
DA:15,4
DA:17,4
DA:33,0
DA:34,0
DA:39,4
LF:7
LH:5
BRDA:13,0,0,4
BRDA:13,0,1,4
BRDA:15,1,0,4
BRDA:15,1,1,0
BRDA:17,2,0,4
BRDA:17,2,1,4
BRDA:34,3,0,0
BRDA:34,3,1,0
BRF:8
BRH:5
end_of_record
TN:
SF:tests/utils/authHelper.js
FN:4,(anonymous_0)
FNF:1
FNH:1
FNDA:21,(anonymous_0)
DA:4,3
DA:5,21
DA:15,21
DA:25,21
LF:4
LH:4
BRDA:4,0,0,0
BRDA:11,1,0,20
BRDA:11,1,1,1
BRDA:19,2,0,21
BRDA:19,2,1,0
BRDA:19,3,0,0
BRDA:19,3,1,0
BRDA:21,4,0,21
BRDA:21,4,1,0
BRF:9
BRH:4
end_of_record
TN:
SF:tests/utils/testSetup.js
FN:6,(anonymous_0)
FN:16,(anonymous_1)
FN:24,(anonymous_2)
FNF:3
FNH:3
FNDA:4,(anonymous_0)
FNDA:4,(anonymous_1)
FNDA:14,(anonymous_2)
DA:6,4
DA:7,4
DA:8,4
DA:10,4
DA:16,4
DA:17,4
DA:18,4
DA:19,4
DA:20,4
DA:24,4
DA:25,14
DA:26,14
DA:27,84
DA:28,84
LF:14
LH:14
BRDA:19,0,0,4
BRDA:19,0,1,0
BRF:2
BRH:1
end_of_record
